<?xml version="1.0" encoding="UTF-8"?>
<testsuite name="co.com.konex.certification.ventas.runners.RunnerTags" tests="3" skipped="0" failures="0" errors="0" timestamp="2023-04-12T14:33:44" hostname="DESKTOP-SECB7O7" time="38.171">
  <properties/>
  <testcase name="Verificar el ingreso con contraseña o usuario incorrectos #1" classname="co.com.konex.certification.ventas.runners.RunnerTags" time="18.681"/>
  <testcase name="Verificar el ingreso con contraseña o usuario incorrectos #2" classname="co.com.konex.certification.ventas.runners.RunnerTags" time="11.185"/>
  <testcase name="Verificar el ingreso con contraseña o usuario incorrectos #3" classname="co.com.konex.certification.ventas.runners.RunnerTags" time="8.302"/>
  <system-out><![CDATA[09:33:44.048 [Test worker] INFO io.cucumber.core.plugin.SerenityReporter - Running feature from file:///C:/Users/johan/OneDrive/Documentos/KONEX/Pruebas%20automatizadas/co.com.konex.certification.ventas/src/test/resources/features/login_ventas.feature
09:33:44.136 [Test worker] INFO  - 

-------------------------------------------------------------------------------------
     _______. _______ .______       _______ .__   __.  __  .___________.____    ____ 
    /       ||   ____||   _  \     |   ____||  \ |  | |  | |           |\   \  /   / 
   |   (----`|  |__   |  |_)  |    |  |__   |   \|  | |  | `---|  |----` \   \/   /  
    \   \    |   __|  |      /     |   __|  |  . `  | |  |     |  |       \_    _/   
.----)   |   |  |____ |  |\  \----.|  |____ |  |\   | |  |     |  |         |  |     
|_______/    |_______|| _| `._____||_______||__| \__| |__|     |__|         |__|    
                                                                                     
 News and tutorials at http://www.serenity-bdd.info                                  
 Documentation at https://wakaleo.gitbooks.io/the-serenity-book/content/             
 Join the Serenity Community on Gitter: https://gitter.im/serenity-bdd/serenity-core 
 Serenity BDD Support and Training at http://serenity-bdd.info/#/trainingandsupport  
-------------------------------------------------------------------------------------

09:33:44.140 [Test worker] DEBUG net.thucydides.core.steps.StepEventBus - Test suite started for story net.thucydides.core.model.Story@4381baa2
09:33:44.144 [Test worker] INFO  - Test Suite Started: Verificar el login en ventas
09:33:44.172 [Test worker] INFO io.cucumber.core.plugin.SerenityReporter - Running feature from file:///C:/Users/johan/OneDrive/Documentos/KONEX/Pruebas%20automatizadas/co.com.konex.certification.ventas/src/test/resources/features/login_ventas.feature
09:33:44.177 [Test worker] DEBUG net.thucydides.core.steps.StepEventBus - Test suite started for story net.thucydides.core.model.Story@4381baa2
09:33:44.178 [Test worker] INFO  - Test Suite Started: Verificar el login en ventas
09:33:44.265 [Test worker] INFO io.cucumber.core.plugin.SerenityReporter - Running feature from file:///C:/Users/johan/OneDrive/Documentos/KONEX/Pruebas%20automatizadas/co.com.konex.certification.ventas/src/test/resources/features/login_ventas.feature
09:33:44.298 [Test worker] INFO  - 
  _____   ___   ___   _____     ___   _____     _     ___   _____   ___   ___  
 |_   _| | __| / __| |_   _|   / __| |_   _|   /_\   | _ \ |_   _| | __| |   \ 
   | |   | _|  \__ \   | |     \__ \   | |    / _ \  |   /   | |   | _|  | |) |
   |_|   |___| |___/   |_|     |___/   |_|   /_/ \_\ |_|_\   |_|   |___| |___/ 

Verificar el ingreso con contraseña o usuario incorrectos(verificar-el-login-en-ventas;verificar-el-ingreso-con-contraseña-o-usuario-incorrectos)
--------------------------------------------------------------------------------
09:33:44.849 [Test worker] DEBUG net.thucydides.core.steps.StepInterceptor - STARTING STEP: LoginStepdefinitions.queElUsuarioUngresaAWebventas - performAs
09:33:44.870 [Test worker] DEBUG net.thucydides.core.steps.StepInterceptor - STARTING STEP: Abrir.performAs - {0} opens the #targetPage
09:33:44.973 [Test worker] INFO net.serenitybdd.core.webdriver.driverproviders.ChromeDriverProvider - Using automatically driver download
09:33:46.215 [Test worker] DEBUG io.github.bonigarcia.wdm.cache.ResolutionCache - Removing resolution chrome=112 from cache (expired on Wed Apr 12 09:29:14 COT 2023)
09:33:46.251 [Test worker] DEBUG org.apache.hc.client5.http.impl.classic.InternalHttpClient - ex-00000001: preparing request execution
09:33:46.267 [Test worker] DEBUG org.apache.hc.client5.http.protocol.RequestAddCookies - Cookie spec selected: strict
09:33:46.280 [Test worker] DEBUG org.apache.hc.client5.http.protocol.RequestAuthCache - Auth cache not set in the context
09:33:46.280 [Test worker] DEBUG org.apache.hc.client5.http.impl.classic.ProtocolExec - ex-00000001: target auth state: UNCHALLENGED
09:33:46.282 [Test worker] DEBUG org.apache.hc.client5.http.impl.classic.ProtocolExec - ex-00000001: proxy auth state: UNCHALLENGED
09:33:46.283 [Test worker] DEBUG org.apache.hc.client5.http.impl.classic.ConnectExec - ex-00000001: acquiring connection with route {s}->https://raw.githubusercontent.com:443
09:33:46.283 [Test worker] DEBUG org.apache.hc.client5.http.impl.classic.InternalHttpClient - ex-00000001: acquiring endpoint (3 MINUTES)
09:33:46.287 [Test worker] DEBUG org.apache.hc.client5.http.impl.io.PoolingHttpClientConnectionManager - ex-00000001: endpoint lease request (3 MINUTES) [route: {s}->https://raw.githubusercontent.com:443][total available: 0; route allocated: 0 of 5; total allocated: 0 of 25]
09:33:46.299 [Test worker] DEBUG org.apache.hc.client5.http.impl.io.PoolingHttpClientConnectionManager - ex-00000001: endpoint leased [route: {s}->https://raw.githubusercontent.com:443][total available: 0; route allocated: 1 of 5; total allocated: 1 of 25]
09:33:46.334 [Test worker] DEBUG org.apache.hc.client5.http.impl.io.PoolingHttpClientConnectionManager - ex-00000001: acquired ep-00000000
09:33:46.334 [Test worker] DEBUG org.apache.hc.client5.http.impl.classic.InternalHttpClient - ex-00000001: acquired endpoint ep-00000000
09:33:46.334 [Test worker] DEBUG org.apache.hc.client5.http.impl.classic.ConnectExec - ex-00000001: opening connection {s}->https://raw.githubusercontent.com:443
09:33:46.336 [Test worker] DEBUG org.apache.hc.client5.http.impl.classic.InternalHttpClient - ep-00000000: connecting endpoint (30 SECONDS)
09:33:46.337 [Test worker] DEBUG org.apache.hc.client5.http.impl.io.PoolingHttpClientConnectionManager - ep-00000000: connecting endpoint to https://raw.githubusercontent.com:443 (30 SECONDS)
09:33:46.374 [Test worker] DEBUG org.apache.hc.client5.http.impl.io.DefaultHttpClientConnectionOperator - http-outgoing-0: connecting to raw.githubusercontent.com/185.199.108.133:443
09:33:46.374 [Test worker] DEBUG org.apache.hc.client5.http.ssl.SSLConnectionSocketFactory - Connecting socket to raw.githubusercontent.com/185.199.108.133:443 with timeout 30 SECONDS
09:33:46.547 [Test worker] DEBUG org.apache.hc.client5.http.ssl.SSLConnectionSocketFactory - Enabled protocols: [TLSv1.2]
09:33:46.547 [Test worker] DEBUG org.apache.hc.client5.http.ssl.SSLConnectionSocketFactory - Enabled cipher suites: [TLS_ECDHE_ECDSA_WITH_AES_256_CBC_SHA384, TLS_ECDHE_RSA_WITH_AES_256_CBC_SHA384, TLS_RSA_WITH_AES_256_CBC_SHA256, TLS_ECDH_ECDSA_WITH_AES_256_CBC_SHA384, TLS_ECDH_RSA_WITH_AES_256_CBC_SHA384, TLS_DHE_RSA_WITH_AES_256_CBC_SHA256, TLS_DHE_DSS_WITH_AES_256_CBC_SHA256, TLS_ECDHE_ECDSA_WITH_AES_256_CBC_SHA, TLS_ECDHE_RSA_WITH_AES_256_CBC_SHA, TLS_RSA_WITH_AES_256_CBC_SHA, TLS_ECDH_ECDSA_WITH_AES_256_CBC_SHA, TLS_ECDH_RSA_WITH_AES_256_CBC_SHA, TLS_DHE_RSA_WITH_AES_256_CBC_SHA, TLS_DHE_DSS_WITH_AES_256_CBC_SHA, TLS_ECDHE_ECDSA_WITH_AES_128_CBC_SHA256, TLS_ECDHE_RSA_WITH_AES_128_CBC_SHA256, TLS_RSA_WITH_AES_128_CBC_SHA256, TLS_ECDH_ECDSA_WITH_AES_128_CBC_SHA256, TLS_ECDH_RSA_WITH_AES_128_CBC_SHA256, TLS_DHE_RSA_WITH_AES_128_CBC_SHA256, TLS_DHE_DSS_WITH_AES_128_CBC_SHA256, TLS_ECDHE_ECDSA_WITH_AES_128_CBC_SHA, TLS_ECDHE_RSA_WITH_AES_128_CBC_SHA, TLS_RSA_WITH_AES_128_CBC_SHA, TLS_ECDH_ECDSA_WITH_AES_128_CBC_SHA, TLS_ECDH_RSA_WITH_AES_128_CBC_SHA, TLS_DHE_RSA_WITH_AES_128_CBC_SHA, TLS_DHE_DSS_WITH_AES_128_CBC_SHA, TLS_ECDHE_ECDSA_WITH_AES_256_GCM_SHA384, TLS_ECDHE_ECDSA_WITH_AES_128_GCM_SHA256, TLS_ECDHE_RSA_WITH_AES_256_GCM_SHA384, TLS_RSA_WITH_AES_256_GCM_SHA384, TLS_ECDH_ECDSA_WITH_AES_256_GCM_SHA384, TLS_ECDH_RSA_WITH_AES_256_GCM_SHA384, TLS_DHE_RSA_WITH_AES_256_GCM_SHA384, TLS_DHE_DSS_WITH_AES_256_GCM_SHA384, TLS_ECDHE_RSA_WITH_AES_128_GCM_SHA256, TLS_RSA_WITH_AES_128_GCM_SHA256, TLS_ECDH_ECDSA_WITH_AES_128_GCM_SHA256, TLS_ECDH_RSA_WITH_AES_128_GCM_SHA256, TLS_DHE_RSA_WITH_AES_128_GCM_SHA256, TLS_DHE_DSS_WITH_AES_128_GCM_SHA256]
09:33:46.548 [Test worker] DEBUG org.apache.hc.client5.http.ssl.SSLConnectionSocketFactory - Starting handshake
09:33:46.762 [Test worker] DEBUG org.apache.hc.client5.http.ssl.SSLConnectionSocketFactory - Secure session established
09:33:46.762 [Test worker] DEBUG org.apache.hc.client5.http.ssl.SSLConnectionSocketFactory -  negotiated protocol: TLSv1.2
09:33:46.762 [Test worker] DEBUG org.apache.hc.client5.http.ssl.SSLConnectionSocketFactory -  negotiated cipher suite: TLS_ECDHE_RSA_WITH_AES_128_GCM_SHA256
09:33:46.762 [Test worker] DEBUG org.apache.hc.client5.http.ssl.SSLConnectionSocketFactory -  peer principal: CN=*.github.io, O="GitHub, Inc.", L=San Francisco, ST=California, C=US
09:33:46.763 [Test worker] DEBUG org.apache.hc.client5.http.ssl.SSLConnectionSocketFactory -  peer alternative names: [*.github.io, github.io, *.github.com, github.com, www.github.com, *.githubusercontent.com, githubusercontent.com]
09:33:46.763 [Test worker] DEBUG org.apache.hc.client5.http.ssl.SSLConnectionSocketFactory -  issuer principal: CN=DigiCert TLS RSA SHA256 2020 CA1, O=DigiCert Inc, C=US
09:33:46.765 [Test worker] DEBUG org.apache.hc.client5.http.impl.io.DefaultHttpClientConnectionOperator - http-outgoing-0: connection established 192.168.0.105:53373<->185.199.108.133:443
09:33:46.767 [Test worker] DEBUG org.apache.hc.client5.http.impl.io.PoolingHttpClientConnectionManager - ep-00000000: connected http-outgoing-0
09:33:46.767 [Test worker] DEBUG org.apache.hc.client5.http.impl.classic.InternalHttpClient - ep-00000000: endpoint connected
09:33:46.769 [Test worker] DEBUG org.apache.hc.client5.http.impl.classic.MainClientExec - ex-00000001: executing GET /bonigarcia/webdrivermanager/master/src/main/resources/commands.properties HTTP/1.1
09:33:46.771 [Test worker] DEBUG org.apache.hc.client5.http.impl.classic.InternalHttpClient - ep-00000000: start execution ex-00000001
09:33:46.771 [Test worker] DEBUG org.apache.hc.client5.http.impl.io.PoolingHttpClientConnectionManager - ep-00000000: executing exchange ex-00000001 over http-outgoing-0
09:33:46.772 [Test worker] DEBUG org.apache.hc.client5.http.headers - http-outgoing-0 >> GET /bonigarcia/webdrivermanager/master/src/main/resources/commands.properties HTTP/1.1
09:33:46.772 [Test worker] DEBUG org.apache.hc.client5.http.headers - http-outgoing-0 >> user-agent: Apache-HttpClient/5.0
09:33:46.772 [Test worker] DEBUG org.apache.hc.client5.http.headers - http-outgoing-0 >> accept-encoding: gzip, deflate, br
09:33:46.772 [Test worker] DEBUG org.apache.hc.client5.http.headers - http-outgoing-0 >> cache-control: max-age=0
09:33:46.772 [Test worker] DEBUG org.apache.hc.client5.http.headers - http-outgoing-0 >> connection: keep-alive
09:33:46.772 [Test worker] DEBUG org.apache.hc.client5.http.headers - http-outgoing-0 >> Host: raw.githubusercontent.com
09:33:46.773 [Test worker] DEBUG org.apache.hc.client5.http.wire - http-outgoing-0 >> "GET /bonigarcia/webdrivermanager/master/src/main/resources/commands.properties HTTP/1.1[\r][\n]"
09:33:46.773 [Test worker] DEBUG org.apache.hc.client5.http.wire - http-outgoing-0 >> "user-agent: Apache-HttpClient/5.0[\r][\n]"
09:33:46.773 [Test worker] DEBUG org.apache.hc.client5.http.wire - http-outgoing-0 >> "accept-encoding: gzip, deflate, br[\r][\n]"
09:33:46.773 [Test worker] DEBUG org.apache.hc.client5.http.wire - http-outgoing-0 >> "cache-control: max-age=0[\r][\n]"
09:33:46.773 [Test worker] DEBUG org.apache.hc.client5.http.wire - http-outgoing-0 >> "connection: keep-alive[\r][\n]"
09:33:46.774 [Test worker] DEBUG org.apache.hc.client5.http.wire - http-outgoing-0 >> "Host: raw.githubusercontent.com[\r][\n]"
09:33:46.774 [Test worker] DEBUG org.apache.hc.client5.http.wire - http-outgoing-0 >> "[\r][\n]"
09:33:46.903 [Test worker] DEBUG org.apache.hc.client5.http.wire - http-outgoing-0 << "HTTP/1.1 200 OK[\r][\n]"
09:33:46.904 [Test worker] DEBUG org.apache.hc.client5.http.wire - http-outgoing-0 << "Connection: keep-alive[\r][\n]"
09:33:46.904 [Test worker] DEBUG org.apache.hc.client5.http.wire - http-outgoing-0 << "Content-Length: 723[\r][\n]"
09:33:46.904 [Test worker] DEBUG org.apache.hc.client5.http.wire - http-outgoing-0 << "Cache-Control: max-age=300[\r][\n]"
09:33:46.904 [Test worker] DEBUG org.apache.hc.client5.http.wire - http-outgoing-0 << "Content-Security-Policy: default-src 'none'; style-src 'unsafe-inline'; sandbox[\r][\n]"
09:33:46.904 [Test worker] DEBUG org.apache.hc.client5.http.wire - http-outgoing-0 << "Content-Type: text/plain; charset=utf-8[\r][\n]"
09:33:46.905 [Test worker] DEBUG org.apache.hc.client5.http.wire - http-outgoing-0 << "ETag: W/"e82b438271e9e8680c688b0b680efd0bdd22faa6d6f0a32fc1fd8accc486b67e"[\r][\n]"
09:33:46.905 [Test worker] DEBUG org.apache.hc.client5.http.wire - http-outgoing-0 << "Strict-Transport-Security: max-age=31536000[\r][\n]"
09:33:46.905 [Test worker] DEBUG org.apache.hc.client5.http.wire - http-outgoing-0 << "X-Content-Type-Options: nosniff[\r][\n]"
09:33:46.905 [Test worker] DEBUG org.apache.hc.client5.http.wire - http-outgoing-0 << "X-Frame-Options: deny[\r][\n]"
09:33:46.905 [Test worker] DEBUG org.apache.hc.client5.http.wire - http-outgoing-0 << "X-XSS-Protection: 1; mode=block[\r][\n]"
09:33:46.906 [Test worker] DEBUG org.apache.hc.client5.http.wire - http-outgoing-0 << "X-GitHub-Request-Id: AF42:247C:45B1C:62AFB:643510A4[\r][\n]"
09:33:46.906 [Test worker] DEBUG org.apache.hc.client5.http.wire - http-outgoing-0 << "Content-Encoding: gzip[\r][\n]"
09:33:46.906 [Test worker] DEBUG org.apache.hc.client5.http.wire - http-outgoing-0 << "Accept-Ranges: bytes[\r][\n]"
09:33:46.906 [Test worker] DEBUG org.apache.hc.client5.http.wire - http-outgoing-0 << "Date: Wed, 12 Apr 2023 14:33:46 GMT[\r][\n]"
09:33:46.906 [Test worker] DEBUG org.apache.hc.client5.http.wire - http-outgoing-0 << "Via: 1.1 varnish[\r][\n]"
09:33:46.906 [Test worker] DEBUG org.apache.hc.client5.http.wire - http-outgoing-0 << "X-Served-By: cache-bog2260023-BOG[\r][\n]"
09:33:46.906 [Test worker] DEBUG org.apache.hc.client5.http.wire - http-outgoing-0 << "X-Cache: HIT[\r][\n]"
09:33:46.907 [Test worker] DEBUG org.apache.hc.client5.http.wire - http-outgoing-0 << "X-Cache-Hits: 1[\r][\n]"
09:33:46.907 [Test worker] DEBUG org.apache.hc.client5.http.wire - http-outgoing-0 << "X-Timer: S1681310027.786570,VS0,VE1[\r][\n]"
09:33:46.907 [Test worker] DEBUG org.apache.hc.client5.http.wire - http-outgoing-0 << "Vary: Authorization,Accept-Encoding,Origin[\r][\n]"
09:33:46.907 [Test worker] DEBUG org.apache.hc.client5.http.wire - http-outgoing-0 << "Access-Control-Allow-Origin: *[\r][\n]"
09:33:46.907 [Test worker] DEBUG org.apache.hc.client5.http.wire - http-outgoing-0 << "X-Fastly-Request-ID: 3be3a2535b406624f4f50674f854d19c4e7d11e5[\r][\n]"
09:33:46.907 [Test worker] DEBUG org.apache.hc.client5.http.wire - http-outgoing-0 << "Expires: Wed, 12 Apr 2023 14:38:46 GMT[\r][\n]"
09:33:46.907 [Test worker] DEBUG org.apache.hc.client5.http.wire - http-outgoing-0 << "Source-Age: 247[\r][\n]"
09:33:46.908 [Test worker] DEBUG org.apache.hc.client5.http.wire - http-outgoing-0 << "[\r][\n]"
09:33:46.920 [Test worker] DEBUG org.apache.hc.client5.http.headers - http-outgoing-0 << HTTP/1.1 200 OK
09:33:46.921 [Test worker] DEBUG org.apache.hc.client5.http.headers - http-outgoing-0 << Connection: keep-alive
09:33:46.921 [Test worker] DEBUG org.apache.hc.client5.http.headers - http-outgoing-0 << Content-Length: 723
09:33:46.921 [Test worker] DEBUG org.apache.hc.client5.http.headers - http-outgoing-0 << Cache-Control: max-age=300
09:33:46.921 [Test worker] DEBUG org.apache.hc.client5.http.headers - http-outgoing-0 << Content-Security-Policy: default-src 'none'; style-src 'unsafe-inline'; sandbox
09:33:46.921 [Test worker] DEBUG org.apache.hc.client5.http.headers - http-outgoing-0 << Content-Type: text/plain; charset=utf-8
09:33:46.921 [Test worker] DEBUG org.apache.hc.client5.http.headers - http-outgoing-0 << ETag: W/"e82b438271e9e8680c688b0b680efd0bdd22faa6d6f0a32fc1fd8accc486b67e"
09:33:46.921 [Test worker] DEBUG org.apache.hc.client5.http.headers - http-outgoing-0 << Strict-Transport-Security: max-age=31536000
09:33:46.922 [Test worker] DEBUG org.apache.hc.client5.http.headers - http-outgoing-0 << X-Content-Type-Options: nosniff
09:33:46.922 [Test worker] DEBUG org.apache.hc.client5.http.headers - http-outgoing-0 << X-Frame-Options: deny
09:33:46.922 [Test worker] DEBUG org.apache.hc.client5.http.headers - http-outgoing-0 << X-XSS-Protection: 1; mode=block
09:33:46.922 [Test worker] DEBUG org.apache.hc.client5.http.headers - http-outgoing-0 << X-GitHub-Request-Id: AF42:247C:45B1C:62AFB:643510A4
09:33:46.922 [Test worker] DEBUG org.apache.hc.client5.http.headers - http-outgoing-0 << Content-Encoding: gzip
09:33:46.922 [Test worker] DEBUG org.apache.hc.client5.http.headers - http-outgoing-0 << Accept-Ranges: bytes
09:33:46.922 [Test worker] DEBUG org.apache.hc.client5.http.headers - http-outgoing-0 << Date: Wed, 12 Apr 2023 14:33:46 GMT
09:33:46.922 [Test worker] DEBUG org.apache.hc.client5.http.headers - http-outgoing-0 << Via: 1.1 varnish
09:33:46.922 [Test worker] DEBUG org.apache.hc.client5.http.headers - http-outgoing-0 << X-Served-By: cache-bog2260023-BOG
09:33:46.923 [Test worker] DEBUG org.apache.hc.client5.http.headers - http-outgoing-0 << X-Cache: HIT
09:33:46.923 [Test worker] DEBUG org.apache.hc.client5.http.headers - http-outgoing-0 << X-Cache-Hits: 1
09:33:46.923 [Test worker] DEBUG org.apache.hc.client5.http.headers - http-outgoing-0 << X-Timer: S1681310027.786570,VS0,VE1
09:33:46.923 [Test worker] DEBUG org.apache.hc.client5.http.headers - http-outgoing-0 << Vary: Authorization,Accept-Encoding,Origin
09:33:46.923 [Test worker] DEBUG org.apache.hc.client5.http.headers - http-outgoing-0 << Access-Control-Allow-Origin: *
09:33:46.923 [Test worker] DEBUG org.apache.hc.client5.http.headers - http-outgoing-0 << X-Fastly-Request-ID: 3be3a2535b406624f4f50674f854d19c4e7d11e5
09:33:46.923 [Test worker] DEBUG org.apache.hc.client5.http.headers - http-outgoing-0 << Expires: Wed, 12 Apr 2023 14:38:46 GMT
09:33:46.923 [Test worker] DEBUG org.apache.hc.client5.http.headers - http-outgoing-0 << Source-Age: 247
09:33:46.937 [Test worker] DEBUG org.apache.hc.client5.http.impl.classic.MainClientExec - ex-00000001: connection can be kept alive for 3 MINUTES
09:33:46.954 [Test worker] DEBUG org.apache.hc.client5.http.wire - http-outgoing-0 << "[0x1f][0xffffff8b][0x8][0x0][0x0][0x0][0x0][0x0][0x0][0x3][0xffffffb5]V]o[0xffffffda]0[0x14]}[0xffffffe7]W\[0xffffff81]*[0xffffffb5][0x12][0x1f][[M[0xffffffd3]$[0x1e]hF[0xffffffbb]i [0x18][0xffffffb4][0xffffffdd]&[0xfffffff9][0xffffffc5]$7[0xffffffc1]R[0x12]#;[0xffffff94]v[0xffffffbf]~[0xffffffb6][0xfffffff3]1[0xffffff92][0xffffff9a][0xffffffc1][0x1a]x[0xffffffcb][0xffffffb5][0xffffffaf][0xffffffcf]9[0xffffffbe][0xfffffff7]8v[0xb][0x1c][0x1e]E4[0xfffffff6]$x4[0xffffffa1][0xb]*[0xffffffb1][0xffffffd1][0xffffff82][0xfffffffb]%[0xffffff93][0xffffffe0][0xffffffb3][0x10][0xffffffc1][0xffffffe5]qBY,!Y[0xffffffea] KM8,[0x10][0xfffffff0][0x19][0xffffffdd]u[0xffffff82][0x1e][0xffffffb0][0xffffffd8]L[0xffffffcb]%[0xffffff86][0xffffffa1][0xe][0xffffffb8][0xfffffff0]P[0xffffffe8]$[0xf][0x13]t[0x13]3[0xfffffff9][0xffffff84]B2[0xffffffae][0xffffffe6]|@[0xfffffff5][0x1d][0x8][0xffffffc4][0x18][0x16][0xffffff82]o[0xffffffa4][0xffffff9a]P[0xffffff94][0xffffffe7][0xffffffce]R[0xfffffff0][0x8][0xffffffdb]p[0xffffffcb][0x4][0xfffffffa][0xfffffffc][0xffffffb9][\r][0xffffff93][0x15][\n]"
09:33:46.955 [Test worker] DEBUG org.apache.hc.client5.http.wire - http-outgoing-0 << "[0xffffffda][0xffffff86][0xffffffa1][0x17][0xffffffa8]Q3[0xffffffcb][0xffffffd6][0xffffffd1][0xffffff85][0xffffffc6][0xfffffff7][0xffffff98][0xffffffef][0xffffffa3][0xffffffc0]8[0x1][0xffffffae]s[0x12][0x16][0x7] _d[0xffffff82][0xffffff91][0xffffff84][0xfffffff3][0x1f],[0xfffffff6][0x14]j[0x1b]F,^+[0xffffff98]1ua2[0xffffffbf]h([0xffffff8e][0xffffff94][0xffffffa2][0xffffff91]m[0xffffffa3][0xffffffeb][0xffffff9a][0xffffffb0][0xffffffbb]I[0x17]t[0xffffffdf][0xffffffbd][0xffffffef][0xffffffbb][0xffffff91][0xffffffd7]U[0xffffffbb][0xffffff82][0xffffff9e][0x3][0xffffff9b][0xffffff88][0xffffffb9][0xffffffa6]$[0xffffffa6][0xc][0xffffff9b][0xffffffa5][0xffffffe2][0xffffff83][0xffffff98]F[0xffffffd8]o[0xffffff9e]Mg[0xffffff93][0xffffffbb][0xffffffd9]`|[0xfffffffb]u4[0xffffff9c][0x7f]"}B[0xffffffce][0x8][0xffffffb9][0xffffffe3]<[0x8][0xffffff91][0xffffff90][0xffffff94][0xffffff82][0xffffff90][0xffffffc1]j[0x15]2WI[0xffffffe3]1![0x19][0xffffff91]BnB[0xffffff80][0x9]<f[0xffffffb5][0xffffffe8]=[0xffffffd1]p[0xffffffbd][[0xffffffcf][0xffffffe5][0x1b][0xfffffff4][0xffffff9c][0xffffffff][0xfffffffc][0xfffffff8][0xffffffe1][0xffffffe2][0xffffff94][0xffffffa2][0xffffffae][0xe][0x14]5[0xffffff9a]8[0xffffff83][0xffffffd1]`:[0xfffffffd]<[0xffffffb8][0x1f][0xffffff9c]R[0xffffffcf]u[0x7f]6[0xffffffbc][0xffffff83][0xffffffef][0xf][0xffffffc3][0xffffffd9]/[0xfffffff8][0xfffffff2][0xffffffcd]y s[0xffffffee]'[0x1b]*0g[0xffffffcb][0xffffffc8]nF7H][0xffffff83][0xffffff97]{[0xffffffb1]Q[0x5][\r][0xffffffb5]c[0xffffffb4][0xf][0x2][0xffffffb3][0xffffffb4][0xffffff93][0xe]C[0xffffffa7][0xffffffb3]kAD][0xffffff9d][0xffffffde][0xffffffdb][0xffffffda][0xffffff88][0xffffffec][0xffffffa5][0xffffffbc][0xffffff99][0xffffffd9][0xffffffba]t[0xffffffb5][0xffffffea]9[0xffffffea][0x10])[0xffffffb7][0xffffffca][0xffffff9e][0xfffffff2][0xffffffe2]d^N[0xffffffd8]FW[0x16][0xffffffcd][0xffffffdc]_[0x10][0xfffffff9]i|[0x1c][0xffffff93][0xffffff8e][0xfffffff9]o[0x16][0xffffff86]4'!$G[0xffffffdf]W[0xfffffff4]W*j[[0xfffffff3]xR[0xffffffae][0xffffffb6][0xc][0xffffffd0],; #[0xffffffa9][0xffffff92]5[0xffffffb5][0x7][0xffffff9c][0xffffffb5][0xffffffd0][0x7f][0xffffff90][0xffffffc7]jgs[0xfffffffc][0xffffffc2][0xb][0xffffffd9][0x0]t[0xffffff9e]^'Y[0xfffffffb][0xffffff9f][0xffffffb1][0xffffffd8]:[0xffffffbf][0xffffff8d][0xffffffa5][0xffffff9a][0xffffffad][0x7f]m[0x5]&[0xffffffaa][0xffffffa0]^[0xffffff9b][0xffffffcb][0x5]f[0xffffffae][0xffffffe0]RU[0xffffff82][0x10]MS9l[0xffffff91]4t[0xfffffffb][0xffffff8a]][0xffffffd6][0xfffffff4][0xffffff96][0xffffffa6][0xffffff9f]P[0xffffffce][0xffffffd5][0xffffffce][0xffffff93][0xffffffff][0xffffff97][0xffffffcc]p[0xfffffffd][0xfffffff3][0xffffffe8][0x1b][0xffffffcc][0xffffffa2][0xffffffd9]Q[0xffffffbe][0xffffffb2][0xffffffa3][0xffffffc7]m'[0xffffffdf][0xffffffe4][[0xfffffffb]^[0xffffffb0][0xffffff9a][0xffffffbe][0xffffffda][0xffffffda]_[0xffffffce][0xffffff80][0xffffffd2][0xffffffc1]7[0xffffffb7]][0xffffffc1]b[0xffffffee][0xffffffb5][0xffffffff]w[0xffffff83][0xffffffed][0xffffffa7];[0x15]<[0x10]4[0xffffff92][0xffffff84][0x18][\n]"
09:33:46.955 [Test worker] DEBUG org.apache.hc.client5.http.wire - http-outgoing-0 << "BB[0xffffffba][0xffffff8e]][0xffffffb5]jo[0xffffffb9]+"[0xffffffea][0xffffffb4][0xffffffff]h"[0xffffffea]\?5[0xffffffa9][0xffffffaf]k[0xffffffec][0xffffffff]P[0xffffffea][\n]"
09:33:46.955 [Test worker] DEBUG org.apache.hc.client5.http.wire - http-outgoing-0 << "w[0xffffffe1]K[0x13][0xffffffda][0xffffffec][0xffffff98][0xffffffe6]Y[0xfffffffd]h8m6[0xffffff9c]T[0xffffffc1][0xfffffff2][0xffffffa7][0xffffff91]z_[0xffffff95]o85p[0x1c][0x13][0xffffffe6][0xfffffff0]5[0xffffffee][0xfffffffc][0xffffff92][0xffffff96][0xffffffda][0xfffffff7][0xffffffcf][0xffffffb1][0x5][0x1d][0xffffffea]K[0xffffff9b]9[0xffffff8e][0xffffffad]e[0xfffffff7][0xffffff93][0xffffffa8]`[0xffffffda][0xffffffff][0x1a][0xffffffd2][0xffffff88][0xffffff85][0xfffffffd][0xfffffff2][0xffffff91]N[0xfffffff6]`[0xffffffdf]2[0xffffffcf][0xffffffae]E[0xffffff97][0xffffffc5][0xffffffa2][0xffffff9d][0xffffffef]'[0xffffff9d]mun.[0xffffffd3]f^[0xffffffc7][0xffffff82][0xffffffda][0xffffff82]9[0xfffffff5][0xffffffa9]`[0x5][0xffffffbc]4[0xffffffa1][0x1d]<M[0xffffffb5]A[0xffffffa7]3[[0xffffffc0][0x7f][0x0][0xffffffc1][0xffffffd0]$[0xffffff85][0x1d][\r][0x0][0x0]"
09:33:46.958 [Test worker] DEBUG org.apache.hc.client5.http.impl.classic.InternalHttpClient - ep-00000000: releasing valid endpoint
09:33:46.959 [Test worker] DEBUG org.apache.hc.client5.http.impl.io.PoolingHttpClientConnectionManager - ep-00000000: releasing endpoint
09:33:46.959 [Test worker] DEBUG org.apache.hc.client5.http.impl.io.PoolingHttpClientConnectionManager - ep-00000000: connection http-outgoing-0 can be kept alive for 3 MINUTES
09:33:46.961 [Test worker] DEBUG org.apache.hc.client5.http.impl.io.PoolingHttpClientConnectionManager - ep-00000000: connection released [route: {s}->https://raw.githubusercontent.com:443][total available: 1; route allocated: 1 of 5; total allocated: 1 of 25]
09:33:46.962 [Test worker] DEBUG io.github.bonigarcia.wdm.versions.VersionDetector - Detecting chrome version using online commands.properties
09:33:46.968 [Test worker] DEBUG io.github.bonigarcia.wdm.versions.Shell - Running command on the shell: [cmd.exe, /C, wmic, datafile, where, name="%PROGRAMFILES:\=\\%\\Google\\Chrome\\Application\\chrome.exe", get, Version, /value]
09:33:47.832 [Test worker] DEBUG io.github.bonigarcia.wdm.versions.Shell - Result: Version=112.0.5615.50
09:33:47.836 [Test worker] DEBUG io.github.bonigarcia.wdm.cache.ResolutionCache - Resolution chrome112=112.0.5615.49 in cache (valid until 12:12:55 12/04/2023 COT)
09:33:47.836 [Test worker] INFO io.github.bonigarcia.wdm.WebDriverManager - Using chromedriver 112.0.5615.49 (resolved driver for Chrome 112)
09:33:47.841 [Test worker] DEBUG io.github.bonigarcia.wdm.cache.ResolutionCache - Storing resolution chrome=112 in cache (valid until 10:33:47 12/04/2023 COT)
09:33:47.850 [Test worker] DEBUG io.github.bonigarcia.wdm.WebDriverManager - Driver chromedriver 112.0.5615.49 found in cache
09:33:47.852 [Test worker] INFO io.github.bonigarcia.wdm.WebDriverManager - Exporting webdriver.chrome.driver as C:\Users\johan\.cache\selenium\chromedriver\win32\112.0.5615.49\chromedriver.exe
09:33:48.170 [Test worker] DEBUG net.thucydides.core.reflection.ClassFinder - Could not load class .co.com.konex.certification.ventas.Main
09:33:48.170 [Test worker] DEBUG net.thucydides.core.reflection.ClassFinder - Could not load class .co.com.konex.certification.ventas.model.TablaUsuarios
09:33:48.171 [Test worker] DEBUG net.thucydides.core.reflection.ClassFinder - Could not load class .co.com.konex.certification.ventas.questions.Validar
09:33:48.171 [Test worker] DEBUG net.thucydides.core.reflection.ClassFinder - Could not load class .co.com.konex.certification.ventas.questions.Verificar
09:33:48.172 [Test worker] DEBUG net.thucydides.core.reflection.ClassFinder - Could not load class .co.com.konex.certification.ventas.runners.RunnerTags
09:33:48.172 [Test worker] DEBUG net.thucydides.core.reflection.ClassFinder - Could not load class .co.com.konex.certification.ventas.stepdefinitions.LoginStepdefinitions
09:33:48.172 [Test worker] DEBUG net.thucydides.core.reflection.ClassFinder - Could not load class .co.com.konex.certification.ventas.tasks.Abrir
09:33:48.172 [Test worker] DEBUG net.thucydides.core.reflection.ClassFinder - Could not load class .co.com.konex.certification.ventas.tasks.Ingresar
09:33:48.173 [Test worker] DEBUG net.thucydides.core.reflection.ClassFinder - Could not load class .co.com.konex.certification.ventas.tasks.Seleccionar
09:33:48.173 [Test worker] DEBUG net.thucydides.core.reflection.ClassFinder - Could not load class .co.com.konex.certification.ventas.userinterfaces.ContenedorDeObjetos
09:33:48.173 [Test worker] DEBUG net.thucydides.core.reflection.ClassFinder - Could not load class .co.com.konex.certification.ventas.userinterfaces.PaginaVentas
09:33:48.392 [Test worker] DEBUG net.serenitybdd.core.webdriver.driverproviders.ProvideNewDriver - Instantiating driver
09:33:48.393 [Test worker] DEBUG net.serenitybdd.core.webdriver.driverproviders.ProvideNewDriver - Driver capabilities: Capabilities {acceptInsecureCerts: false, autodownload: true, browserName: chrome, chrome.silentOutput: true, driver: chrome, goog:chromeOptions: {args: [--start-maximized --disable...], extensions: []}}
09:33:48.602 [Test worker] DEBUG io.netty.util.internal.logging.InternalLoggerFactory - Using SLF4J as the default logging framework
09:33:48.613 [Test worker] DEBUG io.netty.util.ResourceLeakDetector - -Dio.netty.leakDetection.level: simple
09:33:48.614 [Test worker] DEBUG io.netty.util.ResourceLeakDetector - -Dio.netty.leakDetection.targetRecords: 4
09:33:48.623 [Test worker] DEBUG io.netty.util.ResourceLeakDetectorFactory - Loaded default ResourceLeakDetector: io.netty.util.ResourceLeakDetector@2bb62414
09:33:48.661 [Test worker] DEBUG io.netty.util.internal.PlatformDependent0 - -Dio.netty.noUnsafe: false
09:33:48.661 [Test worker] DEBUG io.netty.util.internal.PlatformDependent0 - Java version: 8
09:33:48.663 [Test worker] DEBUG io.netty.util.internal.PlatformDependent0 - sun.misc.Unsafe.theUnsafe: available
09:33:48.663 [Test worker] DEBUG io.netty.util.internal.PlatformDependent0 - sun.misc.Unsafe.copyMemory: available
09:33:48.664 [Test worker] DEBUG io.netty.util.internal.PlatformDependent0 - java.nio.Buffer.address: available
09:33:48.665 [Test worker] DEBUG io.netty.util.internal.PlatformDependent0 - direct buffer constructor: available
09:33:48.666 [Test worker] DEBUG io.netty.util.internal.PlatformDependent0 - java.nio.Bits.unaligned: available, true
09:33:48.666 [Test worker] DEBUG io.netty.util.internal.PlatformDependent0 - jdk.internal.misc.Unsafe.allocateUninitializedArray(int): unavailable prior to Java9
09:33:48.666 [Test worker] DEBUG io.netty.util.internal.PlatformDependent0 - java.nio.DirectByteBuffer.<init>(long, int): available
09:33:48.666 [Test worker] DEBUG io.netty.util.internal.PlatformDependent - sun.misc.Unsafe: available
09:33:48.667 [Test worker] DEBUG io.netty.util.internal.PlatformDependent - -Dio.netty.tmpdir: C:\Users\johan\AppData\Local\Temp (java.io.tmpdir)
09:33:48.667 [Test worker] DEBUG io.netty.util.internal.PlatformDependent - -Dio.netty.bitMode: 64 (sun.arch.data.model)
09:33:48.667 [Test worker] DEBUG io.netty.util.internal.PlatformDependent - Platform: Windows
09:33:48.668 [Test worker] DEBUG io.netty.util.internal.PlatformDependent - -Dio.netty.maxDirectMemory: 477626368 bytes
09:33:48.668 [Test worker] DEBUG io.netty.util.internal.PlatformDependent - -Dio.netty.uninitializedArrayAllocationThreshold: -1
09:33:48.669 [Test worker] DEBUG io.netty.util.internal.CleanerJava6 - java.nio.ByteBuffer.cleaner(): available
09:33:48.669 [Test worker] DEBUG io.netty.util.internal.PlatformDependent - -Dio.netty.noPreferDirect: false
09:33:48.682 [Test worker] DEBUG io.netty.util.internal.PlatformDependent - org.jctools-core.MpscChunkedArrayQueue: available
09:33:48.723 [Test worker] DEBUG io.netty.util.internal.InternalThreadLocalMap - -Dio.netty.threadLocalMap.stringBuilder.initialSize: 1024
09:33:48.723 [Test worker] DEBUG io.netty.util.internal.InternalThreadLocalMap - -Dio.netty.threadLocalMap.stringBuilder.maxSize: 4096
09:33:48.747 [Test worker] DEBUG io.netty.handler.ssl.JdkSslContext - Default protocols (JDK): [TLSv1.2, TLSv1.1, TLSv1] 
09:33:48.747 [Test worker] DEBUG io.netty.handler.ssl.JdkSslContext - Default cipher suites (JDK): [TLS_ECDHE_ECDSA_WITH_AES_256_GCM_SHA384, TLS_ECDHE_ECDSA_WITH_AES_128_GCM_SHA256, TLS_ECDHE_RSA_WITH_AES_128_GCM_SHA256, TLS_ECDHE_RSA_WITH_AES_256_GCM_SHA384, TLS_ECDHE_RSA_WITH_AES_128_CBC_SHA, TLS_ECDHE_RSA_WITH_AES_256_CBC_SHA, TLS_RSA_WITH_AES_128_GCM_SHA256, TLS_RSA_WITH_AES_128_CBC_SHA, TLS_RSA_WITH_AES_256_CBC_SHA]
09:33:48.796 [Test worker] DEBUG io.netty.channel.MultithreadEventLoopGroup - -Dio.netty.eventLoopThreads: 16
09:33:48.808 [Test worker] DEBUG io.netty.channel.nio.NioEventLoop - -Dio.netty.noKeySetOptimization: false
09:33:48.808 [Test worker] DEBUG io.netty.channel.nio.NioEventLoop - -Dio.netty.selectorAutoRebuildThreshold: 512
09:33:48.858 [Test worker] DEBUG io.netty.buffer.PooledByteBufAllocator - -Dio.netty.allocator.numHeapArenas: 1
09:33:48.858 [Test worker] DEBUG io.netty.buffer.PooledByteBufAllocator - -Dio.netty.allocator.numDirectArenas: 1
09:33:48.858 [Test worker] DEBUG io.netty.buffer.PooledByteBufAllocator - -Dio.netty.allocator.pageSize: 8192
09:33:48.858 [Test worker] DEBUG io.netty.buffer.PooledByteBufAllocator - -Dio.netty.allocator.maxOrder: 11
09:33:48.858 [Test worker] DEBUG io.netty.buffer.PooledByteBufAllocator - -Dio.netty.allocator.chunkSize: 16777216
09:33:48.858 [Test worker] DEBUG io.netty.buffer.PooledByteBufAllocator - -Dio.netty.allocator.smallCacheSize: 256
09:33:48.858 [Test worker] DEBUG io.netty.buffer.PooledByteBufAllocator - -Dio.netty.allocator.normalCacheSize: 64
09:33:48.858 [Test worker] DEBUG io.netty.buffer.PooledByteBufAllocator - -Dio.netty.allocator.maxCachedBufferCapacity: 32768
09:33:48.858 [Test worker] DEBUG io.netty.buffer.PooledByteBufAllocator - -Dio.netty.allocator.cacheTrimInterval: 8192
09:33:48.858 [Test worker] DEBUG io.netty.buffer.PooledByteBufAllocator - -Dio.netty.allocator.cacheTrimIntervalMillis: 600000
09:33:48.858 [Test worker] DEBUG io.netty.buffer.PooledByteBufAllocator - -Dio.netty.allocator.useCacheForAllThreads: false
09:33:48.858 [Test worker] DEBUG io.netty.buffer.PooledByteBufAllocator - -Dio.netty.allocator.maxCachedByteBuffersPerChunk: 1023
09:33:48.876 [Test worker] DEBUG io.netty.buffer.ByteBufUtil - -Dio.netty.allocator.type: pooled
09:33:48.877 [Test worker] DEBUG io.netty.buffer.ByteBufUtil - -Dio.netty.threadLocalDirectBufferSize: 0
09:33:48.877 [Test worker] DEBUG io.netty.buffer.ByteBufUtil - -Dio.netty.maxThreadLocalCharBufferSize: 16384
09:33:49.746 [Forwarding newSession on session null to remote] DEBUG io.netty.channel.DefaultChannelId - -Dio.netty.processId: 30458 (user-set)
09:33:49.747 [Forwarding newSession on session null to remote] DEBUG io.netty.channel.DefaultChannelId - -Dio.netty.machineId: 28:f0:76:ff:fe:16:65:0e (user-set)
09:33:49.823 [AsyncHttpClient-1-2] DEBUG io.netty.buffer.AbstractByteBuf - -Dio.netty.buffer.checkAccessible: true
09:33:49.824 [AsyncHttpClient-1-2] DEBUG io.netty.buffer.AbstractByteBuf - -Dio.netty.buffer.checkBounds: true
09:33:49.824 [AsyncHttpClient-1-2] DEBUG io.netty.util.ResourceLeakDetectorFactory - Loaded default ResourceLeakDetector: io.netty.util.ResourceLeakDetector@1683779a
09:33:49.846 [AsyncHttpClient-1-2] DEBUG org.asynchttpclient.netty.channel.NettyConnectListener - Using new Channel '[id: 0x922077b1, L:/127.0.0.1:53410 - R:localhost/127.0.0.1:55081]' for 'POST' to '/session'
09:33:49.871 [AsyncHttpClient-1-2] DEBUG io.netty.util.Recycler - -Dio.netty.recycler.maxCapacityPerThread: 4096
09:33:49.871 [AsyncHttpClient-1-2] DEBUG io.netty.util.Recycler - -Dio.netty.recycler.ratio: 8
09:33:49.871 [AsyncHttpClient-1-2] DEBUG io.netty.util.Recycler - -Dio.netty.recycler.chunkSize: 32
09:33:49.871 [AsyncHttpClient-1-2] DEBUG io.netty.util.Recycler - -Dio.netty.recycler.blocking: false
09:33:52.259 [AsyncHttpClient-1-2] DEBUG io.netty.handler.codec.compression.Brotli - brotli4j not in the classpath; Brotli support will be unavailable.
09:33:52.259 [AsyncHttpClient-1-2] DEBUG org.asynchttpclient.netty.handler.HttpHandler - 

Request DefaultHttpRequest(decodeResult: success, version: HTTP/1.1)
POST /session HTTP/1.1
User-Agent: selenium/4.1.2 (java windows)
Content-Length: 776
Content-Type: application/json; charset=utf-8
host: localhost:55081
accept: */*

Response DefaultHttpResponse(decodeResult: success, version: HTTP/1.1)
HTTP/1.1 200 OK
Content-Type: application/json; charset=utf-8
cache-control: no-cache
content-length: 859

09:33:52.294 [AsyncHttpClient-1-2] DEBUG org.asynchttpclient.netty.channel.ChannelManager - Adding key: http://localhost:55081 for channel [id: 0x922077b1, L:/127.0.0.1:53410 - R:localhost/127.0.0.1:55081]
09:33:53.041 [AsyncHttpClient-1-3] DEBUG org.asynchttpclient.netty.channel.NettyConnectListener - Using new Channel '[id: 0xc74e9f51, L:/127.0.0.1:53422 - R:localhost/127.0.0.1:53411]' for 'GET' to '/json/version'
09:33:53.047 [AsyncHttpClient-1-3] DEBUG org.asynchttpclient.netty.handler.HttpHandler - 

Request DefaultFullHttpRequest(decodeResult: success, version: HTTP/1.1, content: EmptyByteBufBE)
GET /json/version HTTP/1.1
User-Agent: selenium/4.1.2 (java windows)
host: localhost:53411
accept: */*

Response DefaultHttpResponse(decodeResult: success, version: HTTP/1.1)
HTTP/1.1 200 OK
Content-Security-Policy: frame-ancestors 'none'
Content-Type: application/json; charset=UTF-8
content-length: 422

09:33:53.049 [AsyncHttpClient-1-3] DEBUG org.asynchttpclient.netty.channel.ChannelManager - Adding key: http://localhost:53411 for channel [id: 0xc74e9f51, L:/127.0.0.1:53422 - R:localhost/127.0.0.1:53411]
09:33:53.075 [Test worker] DEBUG io.netty.util.internal.ThreadLocalRandom - -Dio.netty.initialSeedUniquifier: 0x60af0de67ac7d02e
09:33:53.087 [AsyncHttpClient-1-4] DEBUG org.asynchttpclient.netty.channel.NettyConnectListener - Using new Channel '[id: 0x7abe57f8, L:/127.0.0.1:53423 - R:localhost/127.0.0.1:53411]' for 'GET' to '/devtools/browser/7ed19e4f-34f4-4207-894f-840b9cd2c022'
09:33:53.090 [AsyncHttpClient-1-4] DEBUG org.asynchttpclient.netty.handler.WebSocketHandler - 

Request DefaultFullHttpRequest(decodeResult: success, version: HTTP/1.1, content: EmptyByteBufBE)
GET /devtools/browser/7ed19e4f-34f4-4207-894f-840b9cd2c022 HTTP/1.1
upgrade: websocket
connection: upgrade
sec-websocket-key: /Ie3hyMbyysr8CvtpOuF9Q==
sec-websocket-version: 13
origin: http://localhost:53411
host: localhost:53411
accept: */*
user-agent: AHC/2.1

Response DefaultHttpResponse(decodeResult: success, version: HTTP/1.1)
HTTP/1.1 101 WebSocket Protocol Handshake
Upgrade: WebSocket
Connection: Upgrade
Sec-WebSocket-Accept: AZQyx74o1eVjfRuUv90HDdZWEeg=

09:33:53.093 [AsyncHttpClient-1-1] DEBUG org.asynchttpclient.netty.channel.DefaultChannelPool - Entry count for : http://localhost:55081 : 1
09:33:53.093 [AsyncHttpClient-1-1] DEBUG org.asynchttpclient.netty.channel.DefaultChannelPool - Entry count for : http://localhost:53411 : 1
09:33:53.571 [Test worker] DEBUG net.thucydides.core.reflection.ClassFinder - Could not load class .co.com.konex.certification.ventas.Main
09:33:53.572 [Test worker] DEBUG net.thucydides.core.reflection.ClassFinder - Could not load class .co.com.konex.certification.ventas.model.TablaUsuarios
09:33:53.572 [Test worker] DEBUG net.thucydides.core.reflection.ClassFinder - Could not load class .co.com.konex.certification.ventas.questions.Validar
09:33:53.572 [Test worker] DEBUG net.thucydides.core.reflection.ClassFinder - Could not load class .co.com.konex.certification.ventas.questions.Verificar
09:33:53.572 [Test worker] DEBUG net.thucydides.core.reflection.ClassFinder - Could not load class .co.com.konex.certification.ventas.runners.RunnerTags
09:33:53.573 [Test worker] DEBUG net.thucydides.core.reflection.ClassFinder - Could not load class .co.com.konex.certification.ventas.stepdefinitions.LoginStepdefinitions
09:33:53.573 [Test worker] DEBUG net.thucydides.core.reflection.ClassFinder - Could not load class .co.com.konex.certification.ventas.tasks.Abrir
09:33:53.573 [Test worker] DEBUG net.thucydides.core.reflection.ClassFinder - Could not load class .co.com.konex.certification.ventas.tasks.Ingresar
09:33:53.573 [Test worker] DEBUG net.thucydides.core.reflection.ClassFinder - Could not load class .co.com.konex.certification.ventas.tasks.Seleccionar
09:33:53.573 [Test worker] DEBUG net.thucydides.core.reflection.ClassFinder - Could not load class .co.com.konex.certification.ventas.userinterfaces.ContenedorDeObjetos
09:33:53.574 [Test worker] DEBUG net.thucydides.core.reflection.ClassFinder - Could not load class .co.com.konex.certification.ventas.userinterfaces.PaginaVentas
09:33:53.589 [Forwarding get on session 839b0261ebfab1ac92e898a6232bdd12 to remote] DEBUG org.asynchttpclient.netty.request.NettyRequestSender - Using pooled Channel '[id: 0x922077b1, L:/127.0.0.1:53410 - R:localhost/127.0.0.1:55081]' for 'POST' to 'http://localhost:55081/session/839b0261ebfab1ac92e898a6232bdd12/url'
09:33:53.589 [Forwarding get on session 839b0261ebfab1ac92e898a6232bdd12 to remote] DEBUG org.asynchttpclient.netty.request.NettyRequestSender - Using open Channel [id: 0x922077b1, L:/127.0.0.1:53410 - R:localhost/127.0.0.1:55081] for POST '/session/839b0261ebfab1ac92e898a6232bdd12/url'
09:33:54.193 [AsyncHttpClient-1-1] DEBUG org.asynchttpclient.netty.channel.DefaultChannelPool - Entry count for : http://localhost:53411 : 1
09:33:55.240 [AsyncHttpClient-1-2] DEBUG org.asynchttpclient.netty.handler.HttpHandler - 

Request DefaultHttpRequest(decodeResult: success, version: HTTP/1.1)
POST /session/839b0261ebfab1ac92e898a6232bdd12/url HTTP/1.1
User-Agent: selenium/4.1.2 (java windows)
Content-Length: 75
Content-Type: application/json; charset=utf-8
host: localhost:55081
accept: */*

Response DefaultHttpResponse(decodeResult: success, version: HTTP/1.1)
HTTP/1.1 200 OK
Content-Type: application/json; charset=utf-8
cache-control: no-cache
content-length: 14

09:33:55.240 [AsyncHttpClient-1-2] DEBUG org.asynchttpclient.netty.channel.ChannelManager - Adding key: http://localhost:55081 for channel [id: 0x922077b1, L:/127.0.0.1:53410 - R:localhost/127.0.0.1:55081]
09:33:55.247 [Forwarding setTimeout on session 839b0261ebfab1ac92e898a6232bdd12 to remote] DEBUG org.asynchttpclient.netty.request.NettyRequestSender - Using pooled Channel '[id: 0x922077b1, L:/127.0.0.1:53410 - R:localhost/127.0.0.1:55081]' for 'POST' to 'http://localhost:55081/session/839b0261ebfab1ac92e898a6232bdd12/timeouts'
09:33:55.248 [Forwarding setTimeout on session 839b0261ebfab1ac92e898a6232bdd12 to remote] DEBUG org.asynchttpclient.netty.request.NettyRequestSender - Using open Channel [id: 0x922077b1, L:/127.0.0.1:53410 - R:localhost/127.0.0.1:55081] for POST '/session/839b0261ebfab1ac92e898a6232bdd12/timeouts'
09:33:55.251 [AsyncHttpClient-1-2] DEBUG org.asynchttpclient.netty.handler.HttpHandler - 

Request DefaultHttpRequest(decodeResult: success, version: HTTP/1.1)
POST /session/839b0261ebfab1ac92e898a6232bdd12/timeouts HTTP/1.1
User-Agent: selenium/4.1.2 (java windows)
Content-Length: 22
Content-Type: application/json; charset=utf-8
host: localhost:55081
accept: */*

Response DefaultHttpResponse(decodeResult: success, version: HTTP/1.1)
HTTP/1.1 200 OK
Content-Type: application/json; charset=utf-8
cache-control: no-cache
content-length: 14

09:33:55.252 [AsyncHttpClient-1-2] DEBUG org.asynchttpclient.netty.channel.ChannelManager - Adding key: http://localhost:55081 for channel [id: 0x922077b1, L:/127.0.0.1:53410 - R:localhost/127.0.0.1:55081]
09:33:55.276 [Forwarding getCurrentUrl on session 839b0261ebfab1ac92e898a6232bdd12 to remote] DEBUG org.asynchttpclient.netty.request.NettyRequestSender - Using pooled Channel '[id: 0x922077b1, L:/127.0.0.1:53410 - R:localhost/127.0.0.1:55081]' for 'GET' to 'http://localhost:55081/session/839b0261ebfab1ac92e898a6232bdd12/url'
09:33:55.276 [Forwarding getCurrentUrl on session 839b0261ebfab1ac92e898a6232bdd12 to remote] DEBUG org.asynchttpclient.netty.request.NettyRequestSender - Using open Channel [id: 0x922077b1, L:/127.0.0.1:53410 - R:localhost/127.0.0.1:55081] for GET '/session/839b0261ebfab1ac92e898a6232bdd12/url'
09:33:55.282 [AsyncHttpClient-1-2] DEBUG org.asynchttpclient.netty.handler.HttpHandler - 

Request DefaultFullHttpRequest(decodeResult: success, version: HTTP/1.1, content: EmptyByteBufBE)
GET /session/839b0261ebfab1ac92e898a6232bdd12/url HTTP/1.1
User-Agent: selenium/4.1.2 (java windows)
Cache-Control: no-cache
Content-Type: application/json; charset=utf-8
host: localhost:55081
accept: */*

Response DefaultHttpResponse(decodeResult: success, version: HTTP/1.1)
HTTP/1.1 200 OK
Content-Type: application/json; charset=utf-8
cache-control: no-cache
content-length: 52

09:33:55.282 [AsyncHttpClient-1-2] DEBUG org.asynchttpclient.netty.channel.ChannelManager - Adding key: http://localhost:55081 for channel [id: 0x922077b1, L:/127.0.0.1:53410 - R:localhost/127.0.0.1:55081]
09:33:55.291 [AsyncHttpClient-1-1] DEBUG org.asynchttpclient.netty.channel.DefaultChannelPool - Entry count for : http://localhost:55081 : 1
09:33:55.292 [AsyncHttpClient-1-1] DEBUG org.asynchttpclient.netty.channel.DefaultChannelPool - Entry count for : http://localhost:53411 : 1
09:33:55.309 [Forwarding getCurrentUrl on session 839b0261ebfab1ac92e898a6232bdd12 to remote] DEBUG org.asynchttpclient.netty.request.NettyRequestSender - Using pooled Channel '[id: 0x922077b1, L:/127.0.0.1:53410 - R:localhost/127.0.0.1:55081]' for 'GET' to 'http://localhost:55081/session/839b0261ebfab1ac92e898a6232bdd12/url'
09:33:55.310 [Forwarding getCurrentUrl on session 839b0261ebfab1ac92e898a6232bdd12 to remote] DEBUG org.asynchttpclient.netty.request.NettyRequestSender - Using open Channel [id: 0x922077b1, L:/127.0.0.1:53410 - R:localhost/127.0.0.1:55081] for GET '/session/839b0261ebfab1ac92e898a6232bdd12/url'
09:33:55.315 [AsyncHttpClient-1-2] DEBUG org.asynchttpclient.netty.handler.HttpHandler - 

Request DefaultFullHttpRequest(decodeResult: success, version: HTTP/1.1, content: EmptyByteBufBE)
GET /session/839b0261ebfab1ac92e898a6232bdd12/url HTTP/1.1
User-Agent: selenium/4.1.2 (java windows)
Cache-Control: no-cache
Content-Type: application/json; charset=utf-8
host: localhost:55081
accept: */*

Response DefaultHttpResponse(decodeResult: success, version: HTTP/1.1)
HTTP/1.1 200 OK
Content-Type: application/json; charset=utf-8
cache-control: no-cache
content-length: 52

09:33:55.316 [AsyncHttpClient-1-2] DEBUG org.asynchttpclient.netty.channel.ChannelManager - Adding key: http://localhost:55081 for channel [id: 0x922077b1, L:/127.0.0.1:53410 - R:localhost/127.0.0.1:55081]
09:33:55.350 [Test worker] DEBUG net.serenitybdd.core.photography.Darkroom - Opening darkroom
09:33:55.351 [Darkroom Processing Line] DEBUG net.serenitybdd.core.photography.DarkroomProcessingLine - Darkroom processing line starting up
09:33:55.354 [Forwarding screenshot on session 839b0261ebfab1ac92e898a6232bdd12 to remote] DEBUG org.asynchttpclient.netty.request.NettyRequestSender - Using pooled Channel '[id: 0x922077b1, L:/127.0.0.1:53410 - R:localhost/127.0.0.1:55081]' for 'GET' to 'http://localhost:55081/session/839b0261ebfab1ac92e898a6232bdd12/screenshot'
09:33:55.354 [Forwarding screenshot on session 839b0261ebfab1ac92e898a6232bdd12 to remote] DEBUG org.asynchttpclient.netty.request.NettyRequestSender - Using open Channel [id: 0x922077b1, L:/127.0.0.1:53410 - R:localhost/127.0.0.1:55081] for GET '/session/839b0261ebfab1ac92e898a6232bdd12/screenshot'
09:33:55.547 [AsyncHttpClient-1-2] DEBUG org.asynchttpclient.netty.handler.HttpHandler - 

Request DefaultFullHttpRequest(decodeResult: success, version: HTTP/1.1, content: EmptyByteBufBE)
GET /session/839b0261ebfab1ac92e898a6232bdd12/screenshot HTTP/1.1
User-Agent: selenium/4.1.2 (java windows)
Cache-Control: no-cache
Content-Type: application/json; charset=utf-8
host: localhost:55081
accept: */*

Response DefaultHttpResponse(decodeResult: success, version: HTTP/1.1)
HTTP/1.1 200 OK
Content-Type: application/json; charset=utf-8
cache-control: no-cache
content-length: 377644

09:33:55.555 [AsyncHttpClient-1-2] DEBUG org.asynchttpclient.netty.channel.ChannelManager - Adding key: http://localhost:55081 for channel [id: 0x922077b1, L:/127.0.0.1:53410 - R:localhost/127.0.0.1:55081]
09:33:55.713 [Test worker] DEBUG net.serenitybdd.core.photography.Darkroom - Send negative for processing for C:\Users\johan\OneDrive\Documentos\KONEX\Pruebas automatizadas\co.com.konex.certification.ventas\target\site\serenity\cad90acbe90f0635892566bffd2e8783632c4e39e590b2fac2a04086ff98b18a.png
09:33:55.719 [Test worker] DEBUG net.thucydides.core.steps.StepInterceptor - STEP DONE: {0} opens the #targetPage
09:33:55.748 [Test worker] DEBUG net.thucydides.core.steps.StepInterceptor - STEP DONE: performAs
09:33:55.797 [Forwarding screenshot on session 839b0261ebfab1ac92e898a6232bdd12 to remote] DEBUG org.asynchttpclient.netty.request.NettyRequestSender - Using pooled Channel '[id: 0x922077b1, L:/127.0.0.1:53410 - R:localhost/127.0.0.1:55081]' for 'GET' to 'http://localhost:55081/session/839b0261ebfab1ac92e898a6232bdd12/screenshot'
09:33:55.797 [Forwarding screenshot on session 839b0261ebfab1ac92e898a6232bdd12 to remote] DEBUG org.asynchttpclient.netty.request.NettyRequestSender - Using open Channel [id: 0x922077b1, L:/127.0.0.1:53410 - R:localhost/127.0.0.1:55081] for GET '/session/839b0261ebfab1ac92e898a6232bdd12/screenshot'
09:33:56.010 [AsyncHttpClient-1-2] DEBUG org.asynchttpclient.netty.handler.HttpHandler - 

Request DefaultFullHttpRequest(decodeResult: success, version: HTTP/1.1, content: EmptyByteBufBE)
GET /session/839b0261ebfab1ac92e898a6232bdd12/screenshot HTTP/1.1
User-Agent: selenium/4.1.2 (java windows)
Cache-Control: no-cache
Content-Type: application/json; charset=utf-8
host: localhost:55081
accept: */*

Response DefaultHttpResponse(decodeResult: success, version: HTTP/1.1)
HTTP/1.1 200 OK
Content-Type: application/json; charset=utf-8
cache-control: no-cache
content-length: 377600

09:33:56.013 [AsyncHttpClient-1-2] DEBUG org.asynchttpclient.netty.channel.ChannelManager - Adding key: http://localhost:55081 for channel [id: 0x922077b1, L:/127.0.0.1:53410 - R:localhost/127.0.0.1:55081]
09:33:56.029 [Test worker] DEBUG net.serenitybdd.core.photography.Darkroom - Send negative for processing for C:\Users\johan\OneDrive\Documentos\KONEX\Pruebas automatizadas\co.com.konex.certification.ventas\target\site\serenity\c2eeb9c2a4ee8613fd26bfcc81d9aaa96f7556ae7098a542a09140543c9d4c71.png
09:33:56.071 [Test worker] DEBUG net.thucydides.core.steps.StepInterceptor - STARTING STEP: LoginStepdefinitions.digitaUsuarioOContrasennaIncorrectos - performAs
09:33:56.109 [Forwarding screenshot on session 839b0261ebfab1ac92e898a6232bdd12 to remote] DEBUG org.asynchttpclient.netty.request.NettyRequestSender - Using pooled Channel '[id: 0x922077b1, L:/127.0.0.1:53410 - R:localhost/127.0.0.1:55081]' for 'GET' to 'http://localhost:55081/session/839b0261ebfab1ac92e898a6232bdd12/screenshot'
09:33:56.110 [Forwarding screenshot on session 839b0261ebfab1ac92e898a6232bdd12 to remote] DEBUG org.asynchttpclient.netty.request.NettyRequestSender - Using open Channel [id: 0x922077b1, L:/127.0.0.1:53410 - R:localhost/127.0.0.1:55081] for GET '/session/839b0261ebfab1ac92e898a6232bdd12/screenshot'
09:33:56.306 [AsyncHttpClient-1-2] DEBUG org.asynchttpclient.netty.handler.HttpHandler - 

Request DefaultFullHttpRequest(decodeResult: success, version: HTTP/1.1, content: EmptyByteBufBE)
GET /session/839b0261ebfab1ac92e898a6232bdd12/screenshot HTTP/1.1
User-Agent: selenium/4.1.2 (java windows)
Cache-Control: no-cache
Content-Type: application/json; charset=utf-8
host: localhost:55081
accept: */*

Response DefaultHttpResponse(decodeResult: success, version: HTTP/1.1)
HTTP/1.1 200 OK
Content-Type: application/json; charset=utf-8
cache-control: no-cache
content-length: 377644

09:33:56.310 [AsyncHttpClient-1-2] DEBUG org.asynchttpclient.netty.channel.ChannelManager - Adding key: http://localhost:55081 for channel [id: 0x922077b1, L:/127.0.0.1:53410 - R:localhost/127.0.0.1:55081]
09:33:56.327 [Test worker] DEBUG net.serenitybdd.core.photography.Darkroom - Send negative for processing for C:\Users\johan\OneDrive\Documentos\KONEX\Pruebas automatizadas\co.com.konex.certification.ventas\target\site\serenity\cad90acbe90f0635892566bffd2e8783632c4e39e590b2fac2a04086ff98b18a.png
09:33:56.328 [Test worker] DEBUG net.thucydides.core.steps.StepInterceptor - STARTING STEP: Ingresar.performAs - {0} enters #theTextAsAString into #target
09:33:56.390 [AsyncHttpClient-1-1] DEBUG org.asynchttpclient.netty.channel.DefaultChannelPool - Entry count for : http://localhost:55081 : 1
09:33:56.390 [AsyncHttpClient-1-1] DEBUG org.asynchttpclient.netty.channel.DefaultChannelPool - Entry count for : http://localhost:53411 : 1
09:33:56.394 [Test worker] DEBUG net.serenitybdd.screenplay.targets.IFrameSwitcher - default content already selected for Datos para campo de usuario
09:33:56.429 [Forwarding findElement on session 839b0261ebfab1ac92e898a6232bdd12 to remote] DEBUG org.asynchttpclient.netty.request.NettyRequestSender - Using pooled Channel '[id: 0x922077b1, L:/127.0.0.1:53410 - R:localhost/127.0.0.1:55081]' for 'POST' to 'http://localhost:55081/session/839b0261ebfab1ac92e898a6232bdd12/element'
09:33:56.430 [Forwarding findElement on session 839b0261ebfab1ac92e898a6232bdd12 to remote] DEBUG org.asynchttpclient.netty.request.NettyRequestSender - Using open Channel [id: 0x922077b1, L:/127.0.0.1:53410 - R:localhost/127.0.0.1:55081] for POST '/session/839b0261ebfab1ac92e898a6232bdd12/element'
09:33:56.445 [AsyncHttpClient-1-2] DEBUG org.asynchttpclient.netty.handler.HttpHandler - 

Request DefaultHttpRequest(decodeResult: success, version: HTTP/1.1)
POST /session/839b0261ebfab1ac92e898a6232bdd12/element HTTP/1.1
User-Agent: selenium/4.1.2 (java windows)
Content-Length: 53
Content-Type: application/json; charset=utf-8
host: localhost:55081
accept: */*

Response DefaultHttpResponse(decodeResult: success, version: HTTP/1.1)
HTTP/1.1 200 OK
Content-Type: application/json; charset=utf-8
cache-control: no-cache
content-length: 88

09:33:56.445 [AsyncHttpClient-1-2] DEBUG org.asynchttpclient.netty.channel.ChannelManager - Adding key: http://localhost:55081 for channel [id: 0x922077b1, L:/127.0.0.1:53410 - R:localhost/127.0.0.1:55081]
09:33:56.449 [Forwarding clearElement on session 839b0261ebfab1ac92e898a6232bdd12 to remote] DEBUG org.asynchttpclient.netty.request.NettyRequestSender - Using pooled Channel '[id: 0x922077b1, L:/127.0.0.1:53410 - R:localhost/127.0.0.1:55081]' for 'POST' to 'http://localhost:55081/session/839b0261ebfab1ac92e898a6232bdd12/element/cc71566b-e7cb-4d8d-8018-b7c42b726ef5/clear'
09:33:56.449 [Forwarding clearElement on session 839b0261ebfab1ac92e898a6232bdd12 to remote] DEBUG org.asynchttpclient.netty.request.NettyRequestSender - Using open Channel [id: 0x922077b1, L:/127.0.0.1:53410 - R:localhost/127.0.0.1:55081] for POST '/session/839b0261ebfab1ac92e898a6232bdd12/element/cc71566b-e7cb-4d8d-8018-b7c42b726ef5/clear'
09:33:56.484 [AsyncHttpClient-1-2] DEBUG org.asynchttpclient.netty.handler.HttpHandler - 

Request DefaultHttpRequest(decodeResult: success, version: HTTP/1.1)
POST /session/839b0261ebfab1ac92e898a6232bdd12/element/cc71566b-e7cb-4d8d-8018-b7c42b726ef5/clear HTTP/1.1
User-Agent: selenium/4.1.2 (java windows)
Content-Length: 50
Content-Type: application/json; charset=utf-8
host: localhost:55081
accept: */*

Response DefaultHttpResponse(decodeResult: success, version: HTTP/1.1)
HTTP/1.1 200 OK
Content-Type: application/json; charset=utf-8
cache-control: no-cache
content-length: 14

09:33:56.484 [AsyncHttpClient-1-2] DEBUG org.asynchttpclient.netty.channel.ChannelManager - Adding key: http://localhost:55081 for channel [id: 0x922077b1, L:/127.0.0.1:53410 - R:localhost/127.0.0.1:55081]
09:33:56.496 [Forwarding sendKeysToElement on session 839b0261ebfab1ac92e898a6232bdd12 to remote] DEBUG org.asynchttpclient.netty.request.NettyRequestSender - Using pooled Channel '[id: 0x922077b1, L:/127.0.0.1:53410 - R:localhost/127.0.0.1:55081]' for 'POST' to 'http://localhost:55081/session/839b0261ebfab1ac92e898a6232bdd12/element/cc71566b-e7cb-4d8d-8018-b7c42b726ef5/value'
09:33:56.496 [Forwarding sendKeysToElement on session 839b0261ebfab1ac92e898a6232bdd12 to remote] DEBUG org.asynchttpclient.netty.request.NettyRequestSender - Using open Channel [id: 0x922077b1, L:/127.0.0.1:53410 - R:localhost/127.0.0.1:55081] for POST '/session/839b0261ebfab1ac92e898a6232bdd12/element/cc71566b-e7cb-4d8d-8018-b7c42b726ef5/value'
09:33:56.529 [AsyncHttpClient-1-2] DEBUG org.asynchttpclient.netty.handler.HttpHandler - 

Request DefaultHttpRequest(decodeResult: success, version: HTTP/1.1)
POST /session/839b0261ebfab1ac92e898a6232bdd12/element/cc71566b-e7cb-4d8d-8018-b7c42b726ef5/value HTTP/1.1
User-Agent: selenium/4.1.2 (java windows)
Content-Length: 161
Content-Type: application/json; charset=utf-8
host: localhost:55081
accept: */*

Response DefaultHttpResponse(decodeResult: success, version: HTTP/1.1)
HTTP/1.1 200 OK
Content-Type: application/json; charset=utf-8
cache-control: no-cache
content-length: 14

09:33:56.530 [AsyncHttpClient-1-2] DEBUG org.asynchttpclient.netty.channel.ChannelManager - Adding key: http://localhost:55081 for channel [id: 0x922077b1, L:/127.0.0.1:53410 - R:localhost/127.0.0.1:55081]
09:33:56.550 [Forwarding screenshot on session 839b0261ebfab1ac92e898a6232bdd12 to remote] DEBUG org.asynchttpclient.netty.request.NettyRequestSender - Using pooled Channel '[id: 0x922077b1, L:/127.0.0.1:53410 - R:localhost/127.0.0.1:55081]' for 'GET' to 'http://localhost:55081/session/839b0261ebfab1ac92e898a6232bdd12/screenshot'
09:33:56.550 [Forwarding screenshot on session 839b0261ebfab1ac92e898a6232bdd12 to remote] DEBUG org.asynchttpclient.netty.request.NettyRequestSender - Using open Channel [id: 0x922077b1, L:/127.0.0.1:53410 - R:localhost/127.0.0.1:55081] for GET '/session/839b0261ebfab1ac92e898a6232bdd12/screenshot'
09:33:56.954 [AsyncHttpClient-1-2] DEBUG org.asynchttpclient.netty.handler.HttpHandler - 

Request DefaultFullHttpRequest(decodeResult: success, version: HTTP/1.1, content: EmptyByteBufBE)
GET /session/839b0261ebfab1ac92e898a6232bdd12/screenshot HTTP/1.1
User-Agent: selenium/4.1.2 (java windows)
Cache-Control: no-cache
Content-Type: application/json; charset=utf-8
host: localhost:55081
accept: */*

Response DefaultHttpResponse(decodeResult: success, version: HTTP/1.1)
HTTP/1.1 200 OK
Content-Type: application/json; charset=utf-8
cache-control: no-cache
content-length: 377120

09:33:56.961 [AsyncHttpClient-1-2] DEBUG org.asynchttpclient.netty.channel.ChannelManager - Adding key: http://localhost:55081 for channel [id: 0x922077b1, L:/127.0.0.1:53410 - R:localhost/127.0.0.1:55081]
09:33:56.986 [Test worker] DEBUG net.serenitybdd.core.photography.Darkroom - Send negative for processing for C:\Users\johan\OneDrive\Documentos\KONEX\Pruebas automatizadas\co.com.konex.certification.ventas\target\site\serenity\9a7cf16aa8106ae8de2d3e1838fd158ebba74e7c28d5117c042d26bc5a98c891.png
09:33:57.053 [Forwarding screenshot on session 839b0261ebfab1ac92e898a6232bdd12 to remote] DEBUG org.asynchttpclient.netty.request.NettyRequestSender - Using pooled Channel '[id: 0x922077b1, L:/127.0.0.1:53410 - R:localhost/127.0.0.1:55081]' for 'GET' to 'http://localhost:55081/session/839b0261ebfab1ac92e898a6232bdd12/screenshot'
09:33:57.053 [Forwarding screenshot on session 839b0261ebfab1ac92e898a6232bdd12 to remote] DEBUG org.asynchttpclient.netty.request.NettyRequestSender - Using open Channel [id: 0x922077b1, L:/127.0.0.1:53410 - R:localhost/127.0.0.1:55081] for GET '/session/839b0261ebfab1ac92e898a6232bdd12/screenshot'
09:33:57.437 [AsyncHttpClient-1-2] DEBUG org.asynchttpclient.netty.handler.HttpHandler - 

Request DefaultFullHttpRequest(decodeResult: success, version: HTTP/1.1, content: EmptyByteBufBE)
GET /session/839b0261ebfab1ac92e898a6232bdd12/screenshot HTTP/1.1
User-Agent: selenium/4.1.2 (java windows)
Cache-Control: no-cache
Content-Type: application/json; charset=utf-8
host: localhost:55081
accept: */*

Response DefaultHttpResponse(decodeResult: success, version: HTTP/1.1)
HTTP/1.1 200 OK
Content-Type: application/json; charset=utf-8
cache-control: no-cache
content-length: 377088

09:33:57.443 [AsyncHttpClient-1-2] DEBUG org.asynchttpclient.netty.channel.ChannelManager - Adding key: http://localhost:55081 for channel [id: 0x922077b1, L:/127.0.0.1:53410 - R:localhost/127.0.0.1:55081]
09:33:57.468 [Test worker] DEBUG net.serenitybdd.core.photography.Darkroom - Send negative for processing for C:\Users\johan\OneDrive\Documentos\KONEX\Pruebas automatizadas\co.com.konex.certification.ventas\target\site\serenity\56f56e03339480b158d3816c3bd78a6fa16fdf2dc77b7615277852896f8288d5.png
09:33:57.468 [Test worker] DEBUG net.thucydides.core.steps.StepInterceptor - STEP DONE: {0} enters #theTextAsAString into #target
09:33:57.501 [AsyncHttpClient-1-1] DEBUG org.asynchttpclient.netty.channel.DefaultChannelPool - Entry count for : http://localhost:55081 : 1
09:33:57.501 [AsyncHttpClient-1-1] DEBUG org.asynchttpclient.netty.channel.DefaultChannelPool - Entry count for : http://localhost:53411 : 1
09:33:57.511 [Test worker] DEBUG net.thucydides.core.steps.StepInterceptor - STARTING STEP: Ingresar.performAs - {0} enters #theTextAsAString into #target
09:33:57.539 [Test worker] DEBUG net.serenitybdd.screenplay.targets.IFrameSwitcher - default content already selected for Datos para contrasenna del usuario
09:33:57.631 [Forwarding findElement on session 839b0261ebfab1ac92e898a6232bdd12 to remote] DEBUG org.asynchttpclient.netty.request.NettyRequestSender - Using pooled Channel '[id: 0x922077b1, L:/127.0.0.1:53410 - R:localhost/127.0.0.1:55081]' for 'POST' to 'http://localhost:55081/session/839b0261ebfab1ac92e898a6232bdd12/element'
09:33:57.631 [Forwarding findElement on session 839b0261ebfab1ac92e898a6232bdd12 to remote] DEBUG org.asynchttpclient.netty.request.NettyRequestSender - Using open Channel [id: 0x922077b1, L:/127.0.0.1:53410 - R:localhost/127.0.0.1:55081] for POST '/session/839b0261ebfab1ac92e898a6232bdd12/element'
09:33:57.650 [AsyncHttpClient-1-2] DEBUG org.asynchttpclient.netty.handler.HttpHandler - 

Request DefaultHttpRequest(decodeResult: success, version: HTTP/1.1)
POST /session/839b0261ebfab1ac92e898a6232bdd12/element HTTP/1.1
User-Agent: selenium/4.1.2 (java windows)
Content-Length: 50
Content-Type: application/json; charset=utf-8
host: localhost:55081
accept: */*

Response DefaultHttpResponse(decodeResult: success, version: HTTP/1.1)
HTTP/1.1 200 OK
Content-Type: application/json; charset=utf-8
cache-control: no-cache
content-length: 88

09:33:57.651 [AsyncHttpClient-1-2] DEBUG org.asynchttpclient.netty.channel.ChannelManager - Adding key: http://localhost:55081 for channel [id: 0x922077b1, L:/127.0.0.1:53410 - R:localhost/127.0.0.1:55081]
09:33:57.654 [Forwarding clearElement on session 839b0261ebfab1ac92e898a6232bdd12 to remote] DEBUG org.asynchttpclient.netty.request.NettyRequestSender - Using pooled Channel '[id: 0x922077b1, L:/127.0.0.1:53410 - R:localhost/127.0.0.1:55081]' for 'POST' to 'http://localhost:55081/session/839b0261ebfab1ac92e898a6232bdd12/element/5caec4a8-950a-4743-a04a-8ef50cccc503/clear'
09:33:57.655 [Forwarding clearElement on session 839b0261ebfab1ac92e898a6232bdd12 to remote] DEBUG org.asynchttpclient.netty.request.NettyRequestSender - Using open Channel [id: 0x922077b1, L:/127.0.0.1:53410 - R:localhost/127.0.0.1:55081] for POST '/session/839b0261ebfab1ac92e898a6232bdd12/element/5caec4a8-950a-4743-a04a-8ef50cccc503/clear'
09:33:57.707 [AsyncHttpClient-1-2] DEBUG org.asynchttpclient.netty.handler.HttpHandler - 

Request DefaultHttpRequest(decodeResult: success, version: HTTP/1.1)
POST /session/839b0261ebfab1ac92e898a6232bdd12/element/5caec4a8-950a-4743-a04a-8ef50cccc503/clear HTTP/1.1
User-Agent: selenium/4.1.2 (java windows)
Content-Length: 50
Content-Type: application/json; charset=utf-8
host: localhost:55081
accept: */*

Response DefaultHttpResponse(decodeResult: success, version: HTTP/1.1)
HTTP/1.1 200 OK
Content-Type: application/json; charset=utf-8
cache-control: no-cache
content-length: 14

09:33:57.707 [AsyncHttpClient-1-2] DEBUG org.asynchttpclient.netty.channel.ChannelManager - Adding key: http://localhost:55081 for channel [id: 0x922077b1, L:/127.0.0.1:53410 - R:localhost/127.0.0.1:55081]
09:33:57.732 [Forwarding sendKeysToElement on session 839b0261ebfab1ac92e898a6232bdd12 to remote] DEBUG org.asynchttpclient.netty.request.NettyRequestSender - Using pooled Channel '[id: 0x922077b1, L:/127.0.0.1:53410 - R:localhost/127.0.0.1:55081]' for 'POST' to 'http://localhost:55081/session/839b0261ebfab1ac92e898a6232bdd12/element/5caec4a8-950a-4743-a04a-8ef50cccc503/value'
09:33:57.733 [Forwarding sendKeysToElement on session 839b0261ebfab1ac92e898a6232bdd12 to remote] DEBUG org.asynchttpclient.netty.request.NettyRequestSender - Using open Channel [id: 0x922077b1, L:/127.0.0.1:53410 - R:localhost/127.0.0.1:55081] for POST '/session/839b0261ebfab1ac92e898a6232bdd12/element/5caec4a8-950a-4743-a04a-8ef50cccc503/value'
09:33:57.833 [AsyncHttpClient-1-2] DEBUG org.asynchttpclient.netty.handler.HttpHandler - 

Request DefaultHttpRequest(decodeResult: success, version: HTTP/1.1)
POST /session/839b0261ebfab1ac92e898a6232bdd12/element/5caec4a8-950a-4743-a04a-8ef50cccc503/value HTTP/1.1
User-Agent: selenium/4.1.2 (java windows)
Content-Length: 181
Content-Type: application/json; charset=utf-8
host: localhost:55081
accept: */*

Response DefaultHttpResponse(decodeResult: success, version: HTTP/1.1)
HTTP/1.1 200 OK
Content-Type: application/json; charset=utf-8
cache-control: no-cache
content-length: 14

09:33:57.834 [AsyncHttpClient-1-2] DEBUG org.asynchttpclient.netty.channel.ChannelManager - Adding key: http://localhost:55081 for channel [id: 0x922077b1, L:/127.0.0.1:53410 - R:localhost/127.0.0.1:55081]
09:33:57.871 [Forwarding screenshot on session 839b0261ebfab1ac92e898a6232bdd12 to remote] DEBUG org.asynchttpclient.netty.request.NettyRequestSender - Using pooled Channel '[id: 0x922077b1, L:/127.0.0.1:53410 - R:localhost/127.0.0.1:55081]' for 'GET' to 'http://localhost:55081/session/839b0261ebfab1ac92e898a6232bdd12/screenshot'
09:33:57.871 [Forwarding screenshot on session 839b0261ebfab1ac92e898a6232bdd12 to remote] DEBUG org.asynchttpclient.netty.request.NettyRequestSender - Using open Channel [id: 0x922077b1, L:/127.0.0.1:53410 - R:localhost/127.0.0.1:55081] for GET '/session/839b0261ebfab1ac92e898a6232bdd12/screenshot'
09:33:58.264 [AsyncHttpClient-1-2] DEBUG org.asynchttpclient.netty.handler.HttpHandler - 

Request DefaultFullHttpRequest(decodeResult: success, version: HTTP/1.1, content: EmptyByteBufBE)
GET /session/839b0261ebfab1ac92e898a6232bdd12/screenshot HTTP/1.1
User-Agent: selenium/4.1.2 (java windows)
Cache-Control: no-cache
Content-Type: application/json; charset=utf-8
host: localhost:55081
accept: */*

Response DefaultHttpResponse(decodeResult: success, version: HTTP/1.1)
HTTP/1.1 200 OK
Content-Type: application/json; charset=utf-8
cache-control: no-cache
content-length: 375468

09:33:58.271 [AsyncHttpClient-1-2] DEBUG org.asynchttpclient.netty.channel.ChannelManager - Adding key: http://localhost:55081 for channel [id: 0x922077b1, L:/127.0.0.1:53410 - R:localhost/127.0.0.1:55081]
09:33:58.321 [Test worker] DEBUG net.serenitybdd.core.photography.Darkroom - Send negative for processing for C:\Users\johan\OneDrive\Documentos\KONEX\Pruebas automatizadas\co.com.konex.certification.ventas\target\site\serenity\feb30197718971cda324de01abfc682636bc518044448d05a95aad9ed368fa42.png
09:33:58.385 [Forwarding screenshot on session 839b0261ebfab1ac92e898a6232bdd12 to remote] DEBUG org.asynchttpclient.netty.request.NettyRequestSender - Using pooled Channel '[id: 0x922077b1, L:/127.0.0.1:53410 - R:localhost/127.0.0.1:55081]' for 'GET' to 'http://localhost:55081/session/839b0261ebfab1ac92e898a6232bdd12/screenshot'
09:33:58.385 [Forwarding screenshot on session 839b0261ebfab1ac92e898a6232bdd12 to remote] DEBUG org.asynchttpclient.netty.request.NettyRequestSender - Using open Channel [id: 0x922077b1, L:/127.0.0.1:53410 - R:localhost/127.0.0.1:55081] for GET '/session/839b0261ebfab1ac92e898a6232bdd12/screenshot'
09:33:58.598 [AsyncHttpClient-1-1] DEBUG org.asynchttpclient.netty.channel.DefaultChannelPool - Entry count for : http://localhost:53411 : 1
09:33:58.794 [AsyncHttpClient-1-2] DEBUG org.asynchttpclient.netty.handler.HttpHandler - 

Request DefaultFullHttpRequest(decodeResult: success, version: HTTP/1.1, content: EmptyByteBufBE)
GET /session/839b0261ebfab1ac92e898a6232bdd12/screenshot HTTP/1.1
User-Agent: selenium/4.1.2 (java windows)
Cache-Control: no-cache
Content-Type: application/json; charset=utf-8
host: localhost:55081
accept: */*

Response DefaultHttpResponse(decodeResult: success, version: HTTP/1.1)
HTTP/1.1 200 OK
Content-Type: application/json; charset=utf-8
cache-control: no-cache
content-length: 375428

09:33:58.797 [AsyncHttpClient-1-2] DEBUG org.asynchttpclient.netty.channel.ChannelManager - Adding key: http://localhost:55081 for channel [id: 0x922077b1, L:/127.0.0.1:53410 - R:localhost/127.0.0.1:55081]
09:33:58.822 [Test worker] DEBUG net.serenitybdd.core.photography.Darkroom - Send negative for processing for C:\Users\johan\OneDrive\Documentos\KONEX\Pruebas automatizadas\co.com.konex.certification.ventas\target\site\serenity\eaeeedf6ed256dba9349053650ae15c60f28c712e89d071174ad0b0c315504a4.png
09:33:58.822 [Test worker] DEBUG net.thucydides.core.steps.StepInterceptor - STEP DONE: {0} enters #theTextAsAString into #target
09:33:58.857 [Test worker] DEBUG net.thucydides.core.steps.StepInterceptor - STARTING STEP: Ingresar.performAs - {0} clicks on #target
09:33:58.858 [Test worker] DEBUG net.serenitybdd.screenplay.targets.IFrameSwitcher - default content already selected for Boton iniciar sesion
09:33:59.014 [Forwarding findElement on session 839b0261ebfab1ac92e898a6232bdd12 to remote] DEBUG org.asynchttpclient.netty.request.NettyRequestSender - Using pooled Channel '[id: 0x922077b1, L:/127.0.0.1:53410 - R:localhost/127.0.0.1:55081]' for 'POST' to 'http://localhost:55081/session/839b0261ebfab1ac92e898a6232bdd12/element'
09:33:59.014 [Forwarding findElement on session 839b0261ebfab1ac92e898a6232bdd12 to remote] DEBUG org.asynchttpclient.netty.request.NettyRequestSender - Using open Channel [id: 0x922077b1, L:/127.0.0.1:53410 - R:localhost/127.0.0.1:55081] for POST '/session/839b0261ebfab1ac92e898a6232bdd12/element'
09:33:59.037 [AsyncHttpClient-1-2] DEBUG org.asynchttpclient.netty.handler.HttpHandler - 

Request DefaultHttpRequest(decodeResult: success, version: HTTP/1.1)
POST /session/839b0261ebfab1ac92e898a6232bdd12/element HTTP/1.1
User-Agent: selenium/4.1.2 (java windows)
Content-Length: 89
Content-Type: application/json; charset=utf-8
host: localhost:55081
accept: */*

Response DefaultHttpResponse(decodeResult: success, version: HTTP/1.1)
HTTP/1.1 200 OK
Content-Type: application/json; charset=utf-8
cache-control: no-cache
content-length: 88

09:33:59.037 [AsyncHttpClient-1-2] DEBUG org.asynchttpclient.netty.channel.ChannelManager - Adding key: http://localhost:55081 for channel [id: 0x922077b1, L:/127.0.0.1:53410 - R:localhost/127.0.0.1:55081]
09:33:59.097 [Forwarding isElementDisplayed on session 839b0261ebfab1ac92e898a6232bdd12 to remote] DEBUG org.asynchttpclient.netty.request.NettyRequestSender - Using pooled Channel '[id: 0x922077b1, L:/127.0.0.1:53410 - R:localhost/127.0.0.1:55081]' for 'POST' to 'http://localhost:55081/session/839b0261ebfab1ac92e898a6232bdd12/execute/sync'
09:33:59.097 [Forwarding isElementDisplayed on session 839b0261ebfab1ac92e898a6232bdd12 to remote] DEBUG org.asynchttpclient.netty.request.NettyRequestSender - Using open Channel [id: 0x922077b1, L:/127.0.0.1:53410 - R:localhost/127.0.0.1:55081] for POST '/session/839b0261ebfab1ac92e898a6232bdd12/execute/sync'
09:33:59.125 [AsyncHttpClient-1-2] DEBUG org.asynchttpclient.netty.handler.HttpHandler - 

Request DefaultHttpRequest(decodeResult: success, version: HTTP/1.1)
POST /session/839b0261ebfab1ac92e898a6232bdd12/execute/sync HTTP/1.1
User-Agent: selenium/4.1.2 (java windows)
Content-Length: 48780
Content-Type: application/json; charset=utf-8
host: localhost:55081
accept: */*

Response DefaultHttpResponse(decodeResult: success, version: HTTP/1.1)
HTTP/1.1 200 OK
Content-Type: application/json; charset=utf-8
cache-control: no-cache
content-length: 14

09:33:59.125 [AsyncHttpClient-1-2] DEBUG org.asynchttpclient.netty.channel.ChannelManager - Adding key: http://localhost:55081 for channel [id: 0x922077b1, L:/127.0.0.1:53410 - R:localhost/127.0.0.1:55081]
09:33:59.171 [Forwarding findElement on session 839b0261ebfab1ac92e898a6232bdd12 to remote] DEBUG org.asynchttpclient.netty.request.NettyRequestSender - Using pooled Channel '[id: 0x922077b1, L:/127.0.0.1:53410 - R:localhost/127.0.0.1:55081]' for 'POST' to 'http://localhost:55081/session/839b0261ebfab1ac92e898a6232bdd12/element'
09:33:59.172 [Forwarding findElement on session 839b0261ebfab1ac92e898a6232bdd12 to remote] DEBUG org.asynchttpclient.netty.request.NettyRequestSender - Using open Channel [id: 0x922077b1, L:/127.0.0.1:53410 - R:localhost/127.0.0.1:55081] for POST '/session/839b0261ebfab1ac92e898a6232bdd12/element'
09:33:59.184 [AsyncHttpClient-1-2] DEBUG org.asynchttpclient.netty.handler.HttpHandler - 

Request DefaultHttpRequest(decodeResult: success, version: HTTP/1.1)
POST /session/839b0261ebfab1ac92e898a6232bdd12/element HTTP/1.1
User-Agent: selenium/4.1.2 (java windows)
Content-Length: 89
Content-Type: application/json; charset=utf-8
host: localhost:55081
accept: */*

Response DefaultHttpResponse(decodeResult: success, version: HTTP/1.1)
HTTP/1.1 200 OK
Content-Type: application/json; charset=utf-8
cache-control: no-cache
content-length: 88

09:33:59.184 [AsyncHttpClient-1-2] DEBUG org.asynchttpclient.netty.channel.ChannelManager - Adding key: http://localhost:55081 for channel [id: 0x922077b1, L:/127.0.0.1:53410 - R:localhost/127.0.0.1:55081]
09:33:59.187 [Forwarding clickElement on session 839b0261ebfab1ac92e898a6232bdd12 to remote] DEBUG org.asynchttpclient.netty.request.NettyRequestSender - Using pooled Channel '[id: 0x922077b1, L:/127.0.0.1:53410 - R:localhost/127.0.0.1:55081]' for 'POST' to 'http://localhost:55081/session/839b0261ebfab1ac92e898a6232bdd12/element/412d5c16-8851-4697-a8b4-9b94ea439cc5/click'
09:33:59.187 [Forwarding clickElement on session 839b0261ebfab1ac92e898a6232bdd12 to remote] DEBUG org.asynchttpclient.netty.request.NettyRequestSender - Using open Channel [id: 0x922077b1, L:/127.0.0.1:53410 - R:localhost/127.0.0.1:55081] for POST '/session/839b0261ebfab1ac92e898a6232bdd12/element/412d5c16-8851-4697-a8b4-9b94ea439cc5/click'
09:33:59.252 [AsyncHttpClient-1-2] DEBUG org.asynchttpclient.netty.handler.HttpHandler - 

Request DefaultHttpRequest(decodeResult: success, version: HTTP/1.1)
POST /session/839b0261ebfab1ac92e898a6232bdd12/element/412d5c16-8851-4697-a8b4-9b94ea439cc5/click HTTP/1.1
User-Agent: selenium/4.1.2 (java windows)
Content-Length: 50
Content-Type: application/json; charset=utf-8
host: localhost:55081
accept: */*

Response DefaultHttpResponse(decodeResult: success, version: HTTP/1.1)
HTTP/1.1 200 OK
Content-Type: application/json; charset=utf-8
cache-control: no-cache
content-length: 14

09:33:59.254 [AsyncHttpClient-1-2] DEBUG org.asynchttpclient.netty.channel.ChannelManager - Adding key: http://localhost:55081 for channel [id: 0x922077b1, L:/127.0.0.1:53410 - R:localhost/127.0.0.1:55081]
09:33:59.294 [Forwarding screenshot on session 839b0261ebfab1ac92e898a6232bdd12 to remote] DEBUG org.asynchttpclient.netty.request.NettyRequestSender - Using pooled Channel '[id: 0x922077b1, L:/127.0.0.1:53410 - R:localhost/127.0.0.1:55081]' for 'GET' to 'http://localhost:55081/session/839b0261ebfab1ac92e898a6232bdd12/screenshot'
09:33:59.294 [Forwarding screenshot on session 839b0261ebfab1ac92e898a6232bdd12 to remote] DEBUG org.asynchttpclient.netty.request.NettyRequestSender - Using open Channel [id: 0x922077b1, L:/127.0.0.1:53410 - R:localhost/127.0.0.1:55081] for GET '/session/839b0261ebfab1ac92e898a6232bdd12/screenshot'
09:33:59.692 [AsyncHttpClient-1-1] DEBUG org.asynchttpclient.netty.channel.DefaultChannelPool - Entry count for : http://localhost:53411 : 1
09:33:59.703 [AsyncHttpClient-1-2] DEBUG org.asynchttpclient.netty.handler.HttpHandler - 

Request DefaultFullHttpRequest(decodeResult: success, version: HTTP/1.1, content: EmptyByteBufBE)
GET /session/839b0261ebfab1ac92e898a6232bdd12/screenshot HTTP/1.1
User-Agent: selenium/4.1.2 (java windows)
Cache-Control: no-cache
Content-Type: application/json; charset=utf-8
host: localhost:55081
accept: */*

Response DefaultHttpResponse(decodeResult: success, version: HTTP/1.1)
HTTP/1.1 200 OK
Content-Type: application/json; charset=utf-8
cache-control: no-cache
content-length: 354616

09:33:59.706 [AsyncHttpClient-1-2] DEBUG org.asynchttpclient.netty.channel.ChannelManager - Adding key: http://localhost:55081 for channel [id: 0x922077b1, L:/127.0.0.1:53410 - R:localhost/127.0.0.1:55081]
09:33:59.730 [Test worker] DEBUG net.serenitybdd.core.photography.Darkroom - Send negative for processing for C:\Users\johan\OneDrive\Documentos\KONEX\Pruebas automatizadas\co.com.konex.certification.ventas\target\site\serenity\784b4c1ef022a9d704a66a866e4b51dedc0a44b4c7ee864ec74e62f1d6e2593e.png
09:33:59.731 [Darkroom Processing Line] DEBUG net.serenitybdd.core.photography.DarkroomProcessingLine - Processing screenshot image in /var/screenshots/screenshot-6285723930551074509
09:33:59.731 [Darkroom Processing Line] DEBUG net.serenitybdd.core.photography.DarkroomProcessingLine - Saving screenshot to C:\Users\johan\OneDrive\Documentos\KONEX\Pruebas automatizadas\co.com.konex.certification.ventas\target\site\serenity\784b4c1ef022a9d704a66a866e4b51dedc0a44b4c7ee864ec74e62f1d6e2593e.png
09:33:59.768 [Test worker] DEBUG net.thucydides.core.steps.StepInterceptor - STEP DONE: {0} clicks on #target
09:33:59.824 [Forwarding screenshot on session 839b0261ebfab1ac92e898a6232bdd12 to remote] DEBUG org.asynchttpclient.netty.request.NettyRequestSender - Using pooled Channel '[id: 0x922077b1, L:/127.0.0.1:53410 - R:localhost/127.0.0.1:55081]' for 'GET' to 'http://localhost:55081/session/839b0261ebfab1ac92e898a6232bdd12/screenshot'
09:33:59.825 [Forwarding screenshot on session 839b0261ebfab1ac92e898a6232bdd12 to remote] DEBUG org.asynchttpclient.netty.request.NettyRequestSender - Using open Channel [id: 0x922077b1, L:/127.0.0.1:53410 - R:localhost/127.0.0.1:55081] for GET '/session/839b0261ebfab1ac92e898a6232bdd12/screenshot'
09:34:00.242 [AsyncHttpClient-1-2] DEBUG org.asynchttpclient.netty.handler.HttpHandler - 

Request DefaultFullHttpRequest(decodeResult: success, version: HTTP/1.1, content: EmptyByteBufBE)
GET /session/839b0261ebfab1ac92e898a6232bdd12/screenshot HTTP/1.1
User-Agent: selenium/4.1.2 (java windows)
Cache-Control: no-cache
Content-Type: application/json; charset=utf-8
host: localhost:55081
accept: */*

Response DefaultHttpResponse(decodeResult: success, version: HTTP/1.1)
HTTP/1.1 200 OK
Content-Type: application/json; charset=utf-8
cache-control: no-cache
content-length: 354660

09:34:00.246 [AsyncHttpClient-1-2] DEBUG org.asynchttpclient.netty.channel.ChannelManager - Adding key: http://localhost:55081 for channel [id: 0x922077b1, L:/127.0.0.1:53410 - R:localhost/127.0.0.1:55081]
09:34:00.272 [Test worker] DEBUG net.serenitybdd.core.photography.Darkroom - Send negative for processing for C:\Users\johan\OneDrive\Documentos\KONEX\Pruebas automatizadas\co.com.konex.certification.ventas\target\site\serenity\7d4854bb96eac65f7bdf106f60237d44488e7110bcb7f06468aafb06c71ca65b.png
09:34:00.273 [Test worker] DEBUG net.thucydides.core.steps.StepInterceptor - STEP DONE: performAs
09:34:00.273 [Darkroom Processing Line] DEBUG net.serenitybdd.core.photography.DarkroomProcessingLine - Processing screenshot image in /var/screenshots/screenshot-7634872351309580521
[...]
09:34:20.562 [Forwarding findElements on session 36ad2fb79ace261825b89e78e65ecf58 to remote] DEBUG org.asynchttpclient.netty.request.NettyRequestSender - Using pooled Channel '[id: 0xae655258, L:/127.0.0.1:53480 - R:localhost/127.0.0.1:50475]' for 'POST' to 'http://localhost:50475/session/36ad2fb79ace261825b89e78e65ecf58/elements'
09:34:20.562 [Forwarding findElements on session 36ad2fb79ace261825b89e78e65ecf58 to remote] DEBUG org.asynchttpclient.netty.request.NettyRequestSender - Using open Channel [id: 0xae655258, L:/127.0.0.1:53480 - R:localhost/127.0.0.1:50475] for POST '/session/36ad2fb79ace261825b89e78e65ecf58/elements'
09:34:20.574 [AsyncHttpClient-1-8] DEBUG org.asynchttpclient.netty.handler.HttpHandler - 

Request DefaultHttpRequest(decodeResult: success, version: HTTP/1.1)
POST /session/36ad2fb79ace261825b89e78e65ecf58/elements HTTP/1.1
User-Agent: selenium/4.1.2 (java windows)
Content-Length: 133
Content-Type: application/json; charset=utf-8
host: localhost:50475
accept: */*

Response DefaultHttpResponse(decodeResult: success, version: HTTP/1.1)
HTTP/1.1 200 OK
Content-Type: application/json; charset=utf-8
cache-control: no-cache
content-length: 90

09:34:20.574 [AsyncHttpClient-1-8] DEBUG org.asynchttpclient.netty.channel.ChannelManager - Adding key: http://localhost:50475 for channel [id: 0xae655258, L:/127.0.0.1:53480 - R:localhost/127.0.0.1:50475]
09:34:20.590 [AsyncHttpClient-1-1] DEBUG org.asynchttpclient.netty.channel.DefaultChannelPool - Entry count for : http://localhost:53481 : 1
09:34:20.590 [AsyncHttpClient-1-1] DEBUG org.asynchttpclient.netty.channel.DefaultChannelPool - Entry count for : http://localhost:50475 : 1
09:34:20.602 [Forwarding getElementText on session 36ad2fb79ace261825b89e78e65ecf58 to remote] DEBUG org.asynchttpclient.netty.request.NettyRequestSender - Using pooled Channel '[id: 0xae655258, L:/127.0.0.1:53480 - R:localhost/127.0.0.1:50475]' for 'GET' to 'http://localhost:50475/session/36ad2fb79ace261825b89e78e65ecf58/element/9d19f010-e381-4b64-96e1-4e69d13b307c/text'
09:34:20.602 [Forwarding getElementText on session 36ad2fb79ace261825b89e78e65ecf58 to remote] DEBUG org.asynchttpclient.netty.request.NettyRequestSender - Using open Channel [id: 0xae655258, L:/127.0.0.1:53480 - R:localhost/127.0.0.1:50475] for GET '/session/36ad2fb79ace261825b89e78e65ecf58/element/9d19f010-e381-4b64-96e1-4e69d13b307c/text'
09:34:20.614 [AsyncHttpClient-1-8] DEBUG org.asynchttpclient.netty.handler.HttpHandler - 

Request DefaultFullHttpRequest(decodeResult: success, version: HTTP/1.1, content: EmptyByteBufBE)
GET /session/36ad2fb79ace261825b89e78e65ecf58/element/9d19f010-e381-4b64-96e1-4e69d13b307c/text HTTP/1.1
User-Agent: selenium/4.1.2 (java windows)
Cache-Control: no-cache
Content-Type: application/json; charset=utf-8
host: localhost:50475
accept: */*

Response DefaultHttpResponse(decodeResult: success, version: HTTP/1.1)
HTTP/1.1 200 OK
Content-Type: application/json; charset=utf-8
cache-control: no-cache
content-length: 74

09:34:20.614 [AsyncHttpClient-1-8] DEBUG org.asynchttpclient.netty.channel.ChannelManager - Adding key: http://localhost:50475 for channel [id: 0xae655258, L:/127.0.0.1:53480 - R:localhost/127.0.0.1:50475]
09:34:20.627 [Forwarding screenshot on session 36ad2fb79ace261825b89e78e65ecf58 to remote] DEBUG org.asynchttpclient.netty.request.NettyRequestSender - Using pooled Channel '[id: 0xae655258, L:/127.0.0.1:53480 - R:localhost/127.0.0.1:50475]' for 'GET' to 'http://localhost:50475/session/36ad2fb79ace261825b89e78e65ecf58/screenshot'
09:34:20.628 [Forwarding screenshot on session 36ad2fb79ace261825b89e78e65ecf58 to remote] DEBUG org.asynchttpclient.netty.request.NettyRequestSender - Using open Channel [id: 0xae655258, L:/127.0.0.1:53480 - R:localhost/127.0.0.1:50475] for GET '/session/36ad2fb79ace261825b89e78e65ecf58/screenshot'
09:34:21.054 [AsyncHttpClient-1-8] DEBUG org.asynchttpclient.netty.handler.HttpHandler - 

Request DefaultFullHttpRequest(decodeResult: success, version: HTTP/1.1, content: EmptyByteBufBE)
GET /session/36ad2fb79ace261825b89e78e65ecf58/screenshot HTTP/1.1
User-Agent: selenium/4.1.2 (java windows)
Cache-Control: no-cache
Content-Type: application/json; charset=utf-8
host: localhost:50475
accept: */*

Response DefaultHttpResponse(decodeResult: success, version: HTTP/1.1)
HTTP/1.1 200 OK
Content-Type: application/json; charset=utf-8
cache-control: no-cache
content-length: 385912

09:34:21.056 [AsyncHttpClient-1-8] DEBUG org.asynchttpclient.netty.channel.ChannelManager - Adding key: http://localhost:50475 for channel [id: 0xae655258, L:/127.0.0.1:53480 - R:localhost/127.0.0.1:50475]
09:34:21.081 [Test worker] DEBUG net.serenitybdd.core.photography.Darkroom - Send negative for processing for C:\Users\johan\OneDrive\Documentos\KONEX\Pruebas automatizadas\co.com.konex.certification.ventas\target\site\serenity\c649ff2777541d81161ebc18e6c456b2689aeb454df38a96bcea13c423beba79.png
09:34:21.081 [Darkroom Processing Line] DEBUG net.serenitybdd.core.photography.DarkroomProcessingLine - Processing screenshot image in /var/screenshots/screenshot-8653368528484282521
09:34:21.081 [Darkroom Processing Line] DEBUG net.serenitybdd.core.photography.DarkroomProcessingLine - Saving screenshot to C:\Users\johan\OneDrive\Documentos\KONEX\Pruebas automatizadas\co.com.konex.certification.ventas\target\site\serenity\c649ff2777541d81161ebc18e6c456b2689aeb454df38a96bcea13c423beba79.png
09:34:21.132 [Forwarding screenshot on session 36ad2fb79ace261825b89e78e65ecf58 to remote] DEBUG org.asynchttpclient.netty.request.NettyRequestSender - Using pooled Channel '[id: 0xae655258, L:/127.0.0.1:53480 - R:localhost/127.0.0.1:50475]' for 'GET' to 'http://localhost:50475/session/36ad2fb79ace261825b89e78e65ecf58/screenshot'
09:34:21.132 [Forwarding screenshot on session 36ad2fb79ace261825b89e78e65ecf58 to remote] DEBUG org.asynchttpclient.netty.request.NettyRequestSender - Using open Channel [id: 0xae655258, L:/127.0.0.1:53480 - R:localhost/127.0.0.1:50475] for GET '/session/36ad2fb79ace261825b89e78e65ecf58/screenshot'
09:34:21.546 [AsyncHttpClient-1-8] DEBUG org.asynchttpclient.netty.handler.HttpHandler - 

Request DefaultFullHttpRequest(decodeResult: success, version: HTTP/1.1, content: EmptyByteBufBE)
GET /session/36ad2fb79ace261825b89e78e65ecf58/screenshot HTTP/1.1
User-Agent: selenium/4.1.2 (java windows)
Cache-Control: no-cache
Content-Type: application/json; charset=utf-8
host: localhost:50475
accept: */*

Response DefaultHttpResponse(decodeResult: success, version: HTTP/1.1)
HTTP/1.1 200 OK
Content-Type: application/json; charset=utf-8
cache-control: no-cache
content-length: 385912

09:34:21.548 [AsyncHttpClient-1-8] DEBUG org.asynchttpclient.netty.channel.ChannelManager - Adding key: http://localhost:50475 for channel [id: 0xae655258, L:/127.0.0.1:53480 - R:localhost/127.0.0.1:50475]
09:34:21.572 [Test worker] DEBUG net.serenitybdd.core.photography.Darkroom - Send negative for processing for C:\Users\johan\OneDrive\Documentos\KONEX\Pruebas automatizadas\co.com.konex.certification.ventas\target\site\serenity\c649ff2777541d81161ebc18e6c456b2689aeb454df38a96bcea13c423beba79.png
09:34:21.604 [AsyncHttpClient-1-10] DEBUG org.asynchttpclient.netty.handler.WebSocketHandler - Channel Closed: [id: 0xce25b10d, L:/127.0.0.1:53488 ! R:localhost/127.0.0.1:53481] with attribute NettyResponseFuture{currentRetry=5,
	isDone=1,
	isCancelled=0,
	asyncHandler=org.asynchttpclient.ws.WebSocketUpgradeHandler@da6bc9b,
	nettyRequest=org.asynchttpclient.netty.request.NettyRequest@48a4334b,
	future=java.util.concurrent.CompletableFuture@3934543b[Completed normally],
	uri=ws://localhost:53481/devtools/browser/a8ae566f-2dd1-4b5b-ac53-d453a2818032,
	keepAlive=true,
	redirectCount=0,
	timeoutsHolder=null,
	inAuth=0,
	touch=1681310056247}
09:34:21.604 [AsyncHttpClient-1-10] DEBUG org.asynchttpclient.netty.channel.ChannelManager - Closing Channel [id: 0xce25b10d, L:/127.0.0.1:53488 ! R:localhost/127.0.0.1:53481] 
09:34:21.604 [Driver Command Executor] DEBUG org.asynchttpclient.netty.request.NettyRequestSender - Using pooled Channel '[id: 0xae655258, L:/127.0.0.1:53480 - R:localhost/127.0.0.1:50475]' for 'DELETE' to 'http://localhost:50475/session/36ad2fb79ace261825b89e78e65ecf58'
09:34:21.604 [Driver Command Executor] DEBUG org.asynchttpclient.netty.request.NettyRequestSender - Using open Channel [id: 0xae655258, L:/127.0.0.1:53480 - R:localhost/127.0.0.1:50475] for DELETE '/session/36ad2fb79ace261825b89e78e65ecf58'
09:34:21.676 [AsyncHttpClient-1-9] DEBUG org.asynchttpclient.netty.handler.HttpHandler - Unexpected I/O exception on channel [id: 0x4b084332, L:/127.0.0.1:53487 - R:localhost/127.0.0.1:53481]
java.io.IOException: Se ha forzado la interrupción de una conexión existente por el host remoto
	at sun.nio.ch.SocketDispatcher.read0(Native Method)
	at sun.nio.ch.SocketDispatcher.read(SocketDispatcher.java:43)
	at sun.nio.ch.IOUtil.readIntoNativeBuffer(IOUtil.java:223)
	at sun.nio.ch.IOUtil.read(IOUtil.java:192)
	at sun.nio.ch.SocketChannelImpl.read(SocketChannelImpl.java:380)
	at io.netty.buffer.PooledByteBuf.setBytes(PooledByteBuf.java:258)
	at io.netty.buffer.AbstractByteBuf.writeBytes(AbstractByteBuf.java:1132)
	at io.netty.channel.socket.nio.NioSocketChannel.doReadBytes(NioSocketChannel.java:350)
	at io.netty.channel.nio.AbstractNioByteChannel$NioByteUnsafe.read(AbstractNioByteChannel.java:151)
	at io.netty.channel.nio.NioEventLoop.processSelectedKey(NioEventLoop.java:722)
	at io.netty.channel.nio.NioEventLoop.processSelectedKeysOptimized(NioEventLoop.java:658)
	at io.netty.channel.nio.NioEventLoop.processSelectedKeys(NioEventLoop.java:584)
	at io.netty.channel.nio.NioEventLoop.run(NioEventLoop.java:496)
	at io.netty.util.concurrent.SingleThreadEventExecutor$4.run(SingleThreadEventExecutor.java:986)
	at io.netty.util.internal.ThreadExecutorMap$2.run(ThreadExecutorMap.java:74)
	at io.netty.util.concurrent.FastThreadLocalRunnable.run(FastThreadLocalRunnable.java:30)
	at java.lang.Thread.run(Thread.java:748)
09:34:21.677 [AsyncHttpClient-1-9] DEBUG org.asynchttpclient.netty.channel.ChannelManager - Closing Channel [id: 0x4b084332, L:/127.0.0.1:53487 - R:localhost/127.0.0.1:53481] 
09:34:21.678 [AsyncHttpClient-1-9] DEBUG org.asynchttpclient.netty.handler.HttpHandler - Channel Closed: [id: 0x4b084332, L:/127.0.0.1:53487 ! R:localhost/127.0.0.1:53481] with attribute DISCARD
09:34:21.690 [AsyncHttpClient-1-1] DEBUG org.asynchttpclient.netty.channel.DefaultChannelPool - Entry count for : http://localhost:53481 : 1
09:34:21.691 [AsyncHttpClient-1-1] DEBUG org.asynchttpclient.netty.channel.DefaultChannelPool - Adding Candidate expired Channel [id: 0x4b084332, L:/127.0.0.1:53487 ! R:localhost/127.0.0.1:53481] isIdleTimeoutExpired=false isRemotelyClosed=true isTtlExpired=false
09:34:21.691 [AsyncHttpClient-1-1] DEBUG org.asynchttpclient.netty.channel.DefaultChannelPool - Closing Idle Channel [id: 0x4b084332, L:/127.0.0.1:53487 ! R:localhost/127.0.0.1:53481]
09:34:21.691 [AsyncHttpClient-1-1] DEBUG org.asynchttpclient.netty.channel.DefaultChannelPool - Closed 1 connections out of 1 in 1 ms
09:34:21.724 [AsyncHttpClient-1-8] DEBUG org.asynchttpclient.netty.handler.HttpHandler - 

Request DefaultFullHttpRequest(decodeResult: success, version: HTTP/1.1, content: EmptyByteBufBE)
DELETE /session/36ad2fb79ace261825b89e78e65ecf58 HTTP/1.1
User-Agent: selenium/4.1.2 (java windows)
Content-Type: application/json; charset=utf-8
host: localhost:50475
accept: */*

Response DefaultHttpResponse(decodeResult: success, version: HTTP/1.1)
HTTP/1.1 200 OK
Content-Type: application/json; charset=utf-8
cache-control: no-cache
content-length: 14

09:34:21.724 [AsyncHttpClient-1-8] DEBUG org.asynchttpclient.netty.channel.ChannelManager - Adding key: http://localhost:50475 for channel [id: 0xae655258, L:/127.0.0.1:53480 - R:localhost/127.0.0.1:50475]
09:34:21.830 [AsyncHttpClient-1-8] DEBUG org.asynchttpclient.netty.handler.HttpHandler - Channel Closed: [id: 0xae655258, L:/127.0.0.1:53480 ! R:localhost/127.0.0.1:50475] with attribute DISCARD
09:34:22.366 [Test worker] DEBUG net.thucydides.core.reports.ReportService - Reporting formats: [JSON, HTML]
09:34:22.790 [AsyncHttpClient-1-1] DEBUG org.asynchttpclient.netty.channel.DefaultChannelPool - Entry count for : http://localhost:50475 : 1
09:34:22.790 [AsyncHttpClient-1-1] DEBUG org.asynchttpclient.netty.channel.DefaultChannelPool - Adding Candidate expired Channel [id: 0xae655258, L:/127.0.0.1:53480 ! R:localhost/127.0.0.1:50475] isIdleTimeoutExpired=false isRemotelyClosed=true isTtlExpired=false
09:34:22.790 [AsyncHttpClient-1-1] DEBUG org.asynchttpclient.netty.channel.DefaultChannelPool - Closing Idle Channel [id: 0xae655258, L:/127.0.0.1:53480 ! R:localhost/127.0.0.1:50475]
09:34:22.790 [AsyncHttpClient-1-1] DEBUG org.asynchttpclient.netty.channel.DefaultChannelPool - Closed 1 connections out of 1 in 0 ms
09:34:22.938 [Test worker] DEBUG net.thucydides.core.reports.ReportService - Reporting formats: [JSON, HTML]
09:34:22.978 [Test worker] DEBUG net.thucydides.core.reports.ReportService - Generating reports for 1 test outcomes using: net.thucydides.core.reports.json.JSONTestOutcomeReporter@11c3ce6a
09:34:22.980 [pool-1-thread-1] DEBUG net.thucydides.core.reports.ReportService - Processing test outcome Verificar el login en ventas:Verificar el ingreso con contraseña o usuario incorrectos
09:34:22.980 [pool-1-thread-1] DEBUG net.thucydides.core.reports.ReportService - net.thucydides.core.reports.json.JSONTestOutcomeReporter@11c3ce6a: Generating report for test outcome: Verificar el login en ventas:Verificar el ingreso con contraseña o usuario incorrectos
09:34:22.986 [pool-1-thread-1] DEBUG net.thucydides.core.reports.json.JSONTestOutcomeReporter - Generating JSON report for Verificar el ingreso con contraseña o usuario incorrectos to file C:\Users\johan\OneDrive\Documentos\KONEX\Pruebas automatizadas\co.com.konex.certification.ventas\target\site\serenity\0eb358606acf2a7338d55c46d673225b07206605c67bd2311ee995b7d7a21fff.json (using temp file C:\Users\johan\OneDrive\Documentos\KONEX\Pruebas automatizadas\co.com.konex.certification.ventas\target\site\serenity\0eb358606acf2a7338d55c46d673225b07206605c67bd2311ee995b7d7a21fff.json688e00b0-197d-488f-8d88-d54993102836)
09:34:23.070 [pool-1-thread-1] DEBUG net.thucydides.core.reports.ReportService - Processing test outcome Verificar el login en ventas:Verificar el ingreso con contraseña o usuario incorrectos done
09:34:23.070 [Test worker] DEBUG net.thucydides.core.reports.ReportService - Shutting down executor service
09:34:23.071 [Test worker] DEBUG net.thucydides.core.reports.ReportService - Reports generated in: 92 ms
09:34:23.071 [Test worker] DEBUG net.thucydides.core.reports.ReportService - Generating reports for 1 test outcomes using: net.thucydides.core.reports.html.HtmlAcceptanceTestReporter@3f45dfec
09:34:23.072 [pool-2-thread-1] DEBUG net.thucydides.core.reports.ReportService - Processing test outcome Verificar el login en ventas:Verificar el ingreso con contraseña o usuario incorrectos
09:34:23.072 [pool-2-thread-1] DEBUG net.thucydides.core.reports.ReportService - net.thucydides.core.reports.html.HtmlAcceptanceTestReporter@3f45dfec: Generating report for test outcome: Verificar el login en ventas:Verificar el ingreso con contraseña o usuario incorrectos
09:34:26.202 [pool-2-thread-1] DEBUG net.thucydides.core.reports.ReportService - Processing test outcome Verificar el login en ventas:Verificar el ingreso con contraseña o usuario incorrectos done
09:34:26.202 [Test worker] DEBUG net.thucydides.core.reports.ReportService - Shutting down executor service
09:34:26.202 [Test worker] DEBUG net.thucydides.core.reports.ReportService - Reports generated in: 3131 ms
09:34:26.479 [Test worker] DEBUG net.serenitybdd.core.photography.Darkroom - Closing darkroom
09:34:26.480 [Darkroom Processing Line] DEBUG net.serenitybdd.core.photography.DarkroomProcessingLine - Darkroom processing line shutting down
09:34:26.483 [Test worker] DEBUG net.serenitybdd.core.photography.Darkroom - Closing darkroom
]]></system-out>
  <system-err><![CDATA[Starting ChromeDriver 112.0.5615.49 (bd2a7bcb881c11e8cfe3078709382934e3916914-refs/branch-heads/5615@{#936}) on port 55081
Only local connections are allowed.
Please see https://chromedriver.chromium.org/security-considerations for suggestions on keeping ChromeDriver safe.
ChromeDriver was started successfully.
abr 12, 2023 9:33:52 AM org.openqa.selenium.remote.ProtocolHandshake createSession
INFORMACIÓN: Detected dialect: W3C
abr 12, 2023 9:33:53 AM org.openqa.selenium.devtools.CdpVersionFinder findNearestMatch
ADVERTENCIA: Unable to find an exact match for CDP version 112, so returning the closest version found: a no-op implementation
abr 12, 2023 9:33:53 AM org.openqa.selenium.devtools.CdpVersionFinder findNearestMatch
INFORMACIÓN: Unable to find CDP implementation matching 112.
abr 12, 2023 9:33:53 AM org.openqa.selenium.chromium.ChromiumDriver lambda$new$3
ADVERTENCIA: Unable to find version of CDP to use for . You may need to include a dependency on a specific version of the CDP using something similar to `org.seleniumhq.selenium:selenium-devtools-v86:4.1.2` where the version ("v86") matches the version of the chromium-based browser you're using and the version number of the artifact is the same as Selenium's.
Starting ChromeDriver 112.0.5615.49 (bd2a7bcb881c11e8cfe3078709382934e3916914-refs/branch-heads/5615@{#936}) on port 53070
Only local connections are allowed.
Please see https://chromedriver.chromium.org/security-considerations for suggestions on keeping ChromeDriver safe.
ChromeDriver was started successfully.
abr 12, 2023 9:34:05 AM org.openqa.selenium.remote.ProtocolHandshake createSession
INFORMACIÓN: Detected dialect: W3C
abr 12, 2023 9:34:05 AM org.openqa.selenium.devtools.CdpVersionFinder findNearestMatch
ADVERTENCIA: Unable to find an exact match for CDP version 112, so returning the closest version found: a no-op implementation
abr 12, 2023 9:34:05 AM org.openqa.selenium.devtools.CdpVersionFinder findNearestMatch
INFORMACIÓN: Unable to find CDP implementation matching 112.
abr 12, 2023 9:34:05 AM org.openqa.selenium.chromium.ChromiumDriver lambda$new$3
ADVERTENCIA: Unable to find version of CDP to use for . You may need to include a dependency on a specific version of the CDP using something similar to `org.seleniumhq.selenium:selenium-devtools-v86:4.1.2` where the version ("v86") matches the version of the chromium-based browser you're using and the version number of the artifact is the same as Selenium's.
Starting ChromeDriver 112.0.5615.49 (bd2a7bcb881c11e8cfe3078709382934e3916914-refs/branch-heads/5615@{#936}) on port 50475
Only local connections are allowed.
Please see https://chromedriver.chromium.org/security-considerations for suggestions on keeping ChromeDriver safe.
ChromeDriver was started successfully.
abr 12, 2023 9:34:16 AM org.openqa.selenium.remote.ProtocolHandshake createSession
INFORMACIÓN: Detected dialect: W3C
abr 12, 2023 9:34:16 AM org.openqa.selenium.devtools.CdpVersionFinder findNearestMatch
ADVERTENCIA: Unable to find an exact match for CDP version 112, so returning the closest version found: a no-op implementation
abr 12, 2023 9:34:16 AM org.openqa.selenium.devtools.CdpVersionFinder findNearestMatch
INFORMACIÓN: Unable to find CDP implementation matching 112.
abr 12, 2023 9:34:16 AM org.openqa.selenium.chromium.ChromiumDriver lambda$new$3
ADVERTENCIA: Unable to find version of CDP to use for . You may need to include a dependency on a specific version of the CDP using something similar to `org.seleniumhq.selenium:selenium-devtools-v86:4.1.2` where the version ("v86") matches the version of the chromium-based browser you're using and the version number of the artifact is the same as Selenium's.
]]></system-err>
</testsuite>
