<?xml version="1.0" encoding="UTF-8"?>
<testsuite name="co.com.konex.certification.ventas.runners.RunnerTags" tests="2" skipped="0" failures="0" errors="0" timestamp="2023-04-11T21:54:00" hostname="DESKTOP-SECB7O7" time="48.716">
  <properties/>
  <testcase name="Verificar el ingreso correcto con diferentes usuarios #1" classname="co.com.konex.certification.ventas.runners.RunnerTags" time="29.814"/>
  <testcase name="Verificar el ingreso correcto con diferentes usuarios #2" classname="co.com.konex.certification.ventas.runners.RunnerTags" time="18.901"/>
  <system-out><![CDATA[16:53:59.825 [Test worker] INFO io.cucumber.core.plugin.SerenityReporter - Running feature from file:///C:/Users/johan/OneDrive/Documentos/KONEX/Pruebas%20automatizadas/co.com.konex.certification.ventas/src/test/resources/features/login_ventas.feature
16:54:00.043 [Test worker] INFO  - 

-------------------------------------------------------------------------------------
     _______. _______ .______       _______ .__   __.  __  .___________.____    ____ 
    /       ||   ____||   _  \     |   ____||  \ |  | |  | |           |\   \  /   / 
   |   (----`|  |__   |  |_)  |    |  |__   |   \|  | |  | `---|  |----` \   \/   /  
    \   \    |   __|  |      /     |   __|  |  . `  | |  |     |  |       \_    _/   
.----)   |   |  |____ |  |\  \----.|  |____ |  |\   | |  |     |  |         |  |     
|_______/    |_______|| _| `._____||_______||__| \__| |__|     |__|         |__|    
                                                                                     
 News and tutorials at http://www.serenity-bdd.info                                  
 Documentation at https://wakaleo.gitbooks.io/the-serenity-book/content/             
 Join the Serenity Community on Gitter: https://gitter.im/serenity-bdd/serenity-core 
 Serenity BDD Support and Training at http://serenity-bdd.info/#/trainingandsupport  
-------------------------------------------------------------------------------------

16:54:00.055 [Test worker] DEBUG net.thucydides.core.steps.StepEventBus - Test suite started for story net.thucydides.core.model.Story@437648f1
16:54:00.064 [Test worker] INFO  - Test Suite Started: Verificar el login con diferentes usuarios
16:54:00.129 [Test worker] INFO io.cucumber.core.plugin.SerenityReporter - Running feature from file:///C:/Users/johan/OneDrive/Documentos/KONEX/Pruebas%20automatizadas/co.com.konex.certification.ventas/src/test/resources/features/login_ventas.feature
16:54:00.136 [Test worker] DEBUG net.thucydides.core.steps.StepEventBus - Test suite started for story net.thucydides.core.model.Story@437648f1
16:54:00.138 [Test worker] INFO  - Test Suite Started: Verificar el login con diferentes usuarios
16:54:00.316 [Test worker] INFO io.cucumber.core.plugin.SerenityReporter - Running feature from file:///C:/Users/johan/OneDrive/Documentos/KONEX/Pruebas%20automatizadas/co.com.konex.certification.ventas/src/test/resources/features/login_ventas.feature
16:54:00.376 [Test worker] INFO  - 
  _____   ___   ___   _____     ___   _____     _     ___   _____   ___   ___  
 |_   _| | __| / __| |_   _|   / __| |_   _|   /_\   | _ \ |_   _| | __| |   \ 
   | |   | _|  \__ \   | |     \__ \   | |    / _ \  |   /   | |   | _|  | |) |
   |_|   |___| |___/   |_|     |___/   |_|   /_/ \_\ |_|_\   |_|   |___| |___/ 

Verificar el ingreso correcto con diferentes usuarios(verificar-el-login-con-diferentes-usuarios;verificar-el-ingreso-correcto-con-diferentes-usuarios)
--------------------------------------------------------------------------------
16:54:01.414 [Test worker] DEBUG net.thucydides.core.steps.StepInterceptor - STARTING STEP: LoginStepdefinitions.queElUsuarioIngresaAWebventas - performAs
16:54:01.462 [Test worker] DEBUG net.thucydides.core.steps.StepInterceptor - STARTING STEP: Abrir.performAs - {0} opens the #targetPage
16:54:01.604 [Test worker] INFO net.serenitybdd.core.webdriver.driverproviders.ChromeDriverProvider - Using automatically driver download
16:54:03.640 [Test worker] DEBUG io.github.bonigarcia.wdm.cache.ResolutionCache - Resolution chrome=112 in cache (valid until 17:13:07 11/04/2023 COT)
16:54:03.642 [Test worker] DEBUG io.github.bonigarcia.wdm.cache.ResolutionCache - Resolution chrome112=112.0.5615.49 in cache (valid until 12:12:55 12/04/2023 COT)
16:54:03.643 [Test worker] INFO io.github.bonigarcia.wdm.WebDriverManager - Using chromedriver 112.0.5615.49 (resolved driver for Chrome 112)
16:54:03.657 [Test worker] DEBUG io.github.bonigarcia.wdm.WebDriverManager - Driver chromedriver 112.0.5615.49 found in cache
16:54:03.660 [Test worker] INFO io.github.bonigarcia.wdm.WebDriverManager - Exporting webdriver.chrome.driver as C:\Users\johan\.cache\selenium\chromedriver\win32\112.0.5615.49\chromedriver.exe
16:54:03.966 [Test worker] DEBUG net.thucydides.core.reflection.ClassFinder - Could not load class .co.com.konex.certification.ventas.Main
16:54:03.967 [Test worker] DEBUG net.thucydides.core.reflection.ClassFinder - Could not load class .co.com.konex.certification.ventas.model.TablaUsuarios
16:54:03.967 [Test worker] DEBUG net.thucydides.core.reflection.ClassFinder - Could not load class .co.com.konex.certification.ventas.questions.Verificar
16:54:03.967 [Test worker] DEBUG net.thucydides.core.reflection.ClassFinder - Could not load class .co.com.konex.certification.ventas.runners.RunnerTags
16:54:03.968 [Test worker] DEBUG net.thucydides.core.reflection.ClassFinder - Could not load class .co.com.konex.certification.ventas.stepdefinitions.LoginStepdefinitions
16:54:03.968 [Test worker] DEBUG net.thucydides.core.reflection.ClassFinder - Could not load class .co.com.konex.certification.ventas.tasks.Abrir
16:54:03.968 [Test worker] DEBUG net.thucydides.core.reflection.ClassFinder - Could not load class .co.com.konex.certification.ventas.tasks.Ingresar
16:54:03.969 [Test worker] DEBUG net.thucydides.core.reflection.ClassFinder - Could not load class .co.com.konex.certification.ventas.tasks.Seleccionar
16:54:03.969 [Test worker] DEBUG net.thucydides.core.reflection.ClassFinder - Could not load class .co.com.konex.certification.ventas.userinterfaces.ContenedorDeObjetos
16:54:03.969 [Test worker] DEBUG net.thucydides.core.reflection.ClassFinder - Could not load class .co.com.konex.certification.ventas.userinterfaces.PaginaVentas
16:54:04.239 [Test worker] DEBUG net.serenitybdd.core.webdriver.driverproviders.ProvideNewDriver - Instantiating driver
16:54:04.239 [Test worker] DEBUG net.serenitybdd.core.webdriver.driverproviders.ProvideNewDriver - Driver capabilities: Capabilities {acceptInsecureCerts: false, autodownload: true, browserName: chrome, chrome.silentOutput: true, driver: chrome, goog:chromeOptions: {args: [--start-maximized --disable...], extensions: []}}
16:54:04.436 [Test worker] DEBUG io.netty.util.internal.logging.InternalLoggerFactory - Using SLF4J as the default logging framework
16:54:04.449 [Test worker] DEBUG io.netty.util.ResourceLeakDetector - -Dio.netty.leakDetection.level: simple
16:54:04.450 [Test worker] DEBUG io.netty.util.ResourceLeakDetector - -Dio.netty.leakDetection.targetRecords: 4
16:54:04.464 [Test worker] DEBUG io.netty.util.ResourceLeakDetectorFactory - Loaded default ResourceLeakDetector: io.netty.util.ResourceLeakDetector@3e214105
16:54:04.536 [Test worker] DEBUG io.netty.util.internal.PlatformDependent0 - -Dio.netty.noUnsafe: false
16:54:04.537 [Test worker] DEBUG io.netty.util.internal.PlatformDependent0 - Java version: 8
16:54:04.540 [Test worker] DEBUG io.netty.util.internal.PlatformDependent0 - sun.misc.Unsafe.theUnsafe: available
16:54:04.542 [Test worker] DEBUG io.netty.util.internal.PlatformDependent0 - sun.misc.Unsafe.copyMemory: available
16:54:04.543 [Test worker] DEBUG io.netty.util.internal.PlatformDependent0 - java.nio.Buffer.address: available
16:54:04.545 [Test worker] DEBUG io.netty.util.internal.PlatformDependent0 - direct buffer constructor: available
16:54:04.548 [Test worker] DEBUG io.netty.util.internal.PlatformDependent0 - java.nio.Bits.unaligned: available, true
16:54:04.548 [Test worker] DEBUG io.netty.util.internal.PlatformDependent0 - jdk.internal.misc.Unsafe.allocateUninitializedArray(int): unavailable prior to Java9
16:54:04.548 [Test worker] DEBUG io.netty.util.internal.PlatformDependent0 - java.nio.DirectByteBuffer.<init>(long, int): available
16:54:04.548 [Test worker] DEBUG io.netty.util.internal.PlatformDependent - sun.misc.Unsafe: available
16:54:04.549 [Test worker] DEBUG io.netty.util.internal.PlatformDependent - -Dio.netty.tmpdir: C:\Users\johan\AppData\Local\Temp (java.io.tmpdir)
16:54:04.550 [Test worker] DEBUG io.netty.util.internal.PlatformDependent - -Dio.netty.bitMode: 64 (sun.arch.data.model)
16:54:04.550 [Test worker] DEBUG io.netty.util.internal.PlatformDependent - Platform: Windows
16:54:04.553 [Test worker] DEBUG io.netty.util.internal.PlatformDependent - -Dio.netty.maxDirectMemory: 477626368 bytes
16:54:04.553 [Test worker] DEBUG io.netty.util.internal.PlatformDependent - -Dio.netty.uninitializedArrayAllocationThreshold: -1
16:54:04.556 [Test worker] DEBUG io.netty.util.internal.CleanerJava6 - java.nio.ByteBuffer.cleaner(): available
16:54:04.557 [Test worker] DEBUG io.netty.util.internal.PlatformDependent - -Dio.netty.noPreferDirect: false
16:54:04.590 [Test worker] DEBUG io.netty.util.internal.PlatformDependent - org.jctools-core.MpscChunkedArrayQueue: available
16:54:04.676 [Test worker] DEBUG io.netty.util.internal.InternalThreadLocalMap - -Dio.netty.threadLocalMap.stringBuilder.initialSize: 1024
16:54:04.676 [Test worker] DEBUG io.netty.util.internal.InternalThreadLocalMap - -Dio.netty.threadLocalMap.stringBuilder.maxSize: 4096
16:54:04.775 [Test worker] DEBUG io.netty.handler.ssl.JdkSslContext - Default protocols (JDK): [TLSv1.2, TLSv1.1, TLSv1] 
16:54:04.776 [Test worker] DEBUG io.netty.handler.ssl.JdkSslContext - Default cipher suites (JDK): [TLS_ECDHE_ECDSA_WITH_AES_256_GCM_SHA384, TLS_ECDHE_ECDSA_WITH_AES_128_GCM_SHA256, TLS_ECDHE_RSA_WITH_AES_128_GCM_SHA256, TLS_ECDHE_RSA_WITH_AES_256_GCM_SHA384, TLS_ECDHE_RSA_WITH_AES_128_CBC_SHA, TLS_ECDHE_RSA_WITH_AES_256_CBC_SHA, TLS_RSA_WITH_AES_128_GCM_SHA256, TLS_RSA_WITH_AES_128_CBC_SHA, TLS_RSA_WITH_AES_256_CBC_SHA]
16:54:04.882 [Test worker] DEBUG io.netty.channel.MultithreadEventLoopGroup - -Dio.netty.eventLoopThreads: 16
16:54:04.910 [Test worker] DEBUG io.netty.channel.nio.NioEventLoop - -Dio.netty.noKeySetOptimization: false
16:54:04.910 [Test worker] DEBUG io.netty.channel.nio.NioEventLoop - -Dio.netty.selectorAutoRebuildThreshold: 512
16:54:05.061 [Test worker] DEBUG io.netty.buffer.PooledByteBufAllocator - -Dio.netty.allocator.numHeapArenas: 1
16:54:05.062 [Test worker] DEBUG io.netty.buffer.PooledByteBufAllocator - -Dio.netty.allocator.numDirectArenas: 1
16:54:05.062 [Test worker] DEBUG io.netty.buffer.PooledByteBufAllocator - -Dio.netty.allocator.pageSize: 8192
16:54:05.062 [Test worker] DEBUG io.netty.buffer.PooledByteBufAllocator - -Dio.netty.allocator.maxOrder: 11
16:54:05.063 [Test worker] DEBUG io.netty.buffer.PooledByteBufAllocator - -Dio.netty.allocator.chunkSize: 16777216
16:54:05.063 [Test worker] DEBUG io.netty.buffer.PooledByteBufAllocator - -Dio.netty.allocator.smallCacheSize: 256
16:54:05.067 [Test worker] DEBUG io.netty.buffer.PooledByteBufAllocator - -Dio.netty.allocator.normalCacheSize: 64
16:54:05.067 [Test worker] DEBUG io.netty.buffer.PooledByteBufAllocator - -Dio.netty.allocator.maxCachedBufferCapacity: 32768
16:54:05.067 [Test worker] DEBUG io.netty.buffer.PooledByteBufAllocator - -Dio.netty.allocator.cacheTrimInterval: 8192
16:54:05.067 [Test worker] DEBUG io.netty.buffer.PooledByteBufAllocator - -Dio.netty.allocator.cacheTrimIntervalMillis: 600000
16:54:05.068 [Test worker] DEBUG io.netty.buffer.PooledByteBufAllocator - -Dio.netty.allocator.useCacheForAllThreads: false
16:54:05.069 [Test worker] DEBUG io.netty.buffer.PooledByteBufAllocator - -Dio.netty.allocator.maxCachedByteBuffersPerChunk: 1023
16:54:05.123 [Test worker] DEBUG io.netty.buffer.ByteBufUtil - -Dio.netty.allocator.type: pooled
16:54:05.123 [Test worker] DEBUG io.netty.buffer.ByteBufUtil - -Dio.netty.threadLocalDirectBufferSize: 0
16:54:05.123 [Test worker] DEBUG io.netty.buffer.ByteBufUtil - -Dio.netty.maxThreadLocalCharBufferSize: 16384
16:54:06.625 [Forwarding newSession on session null to remote] DEBUG io.netty.channel.DefaultChannelId - -Dio.netty.processId: 61753 (user-set)
16:54:06.627 [Forwarding newSession on session null to remote] DEBUG io.netty.channel.DefaultChannelId - -Dio.netty.machineId: 28:f0:76:ff:fe:16:65:0e (user-set)
16:54:06.822 [AsyncHttpClient-1-2] DEBUG io.netty.buffer.AbstractByteBuf - -Dio.netty.buffer.checkAccessible: true
16:54:06.822 [AsyncHttpClient-1-2] DEBUG io.netty.buffer.AbstractByteBuf - -Dio.netty.buffer.checkBounds: true
16:54:06.823 [AsyncHttpClient-1-2] DEBUG io.netty.util.ResourceLeakDetectorFactory - Loaded default ResourceLeakDetector: io.netty.util.ResourceLeakDetector@647e6e16
16:54:06.860 [AsyncHttpClient-1-2] DEBUG org.asynchttpclient.netty.channel.NettyConnectListener - Using new Channel '[id: 0xd4de5e7c, L:/127.0.0.1:53000 - R:localhost/127.0.0.1:63533]' for 'POST' to '/session'
16:54:06.922 [AsyncHttpClient-1-2] DEBUG io.netty.util.Recycler - -Dio.netty.recycler.maxCapacityPerThread: 4096
16:54:06.922 [AsyncHttpClient-1-2] DEBUG io.netty.util.Recycler - -Dio.netty.recycler.ratio: 8
16:54:06.922 [AsyncHttpClient-1-2] DEBUG io.netty.util.Recycler - -Dio.netty.recycler.chunkSize: 32
16:54:06.922 [AsyncHttpClient-1-2] DEBUG io.netty.util.Recycler - -Dio.netty.recycler.blocking: false
16:54:08.701 [AsyncHttpClient-1-2] DEBUG io.netty.handler.codec.compression.Brotli - brotli4j not in the classpath; Brotli support will be unavailable.
16:54:08.701 [AsyncHttpClient-1-2] DEBUG org.asynchttpclient.netty.handler.HttpHandler - 

Request DefaultHttpRequest(decodeResult: success, version: HTTP/1.1)
POST /session HTTP/1.1
User-Agent: selenium/4.1.2 (java windows)
Content-Length: 776
Content-Type: application/json; charset=utf-8
host: localhost:63533
accept: */*

Response DefaultHttpResponse(decodeResult: success, version: HTTP/1.1)
HTTP/1.1 200 OK
Content-Type: application/json; charset=utf-8
cache-control: no-cache
content-length: 857

16:54:08.737 [AsyncHttpClient-1-2] DEBUG org.asynchttpclient.netty.channel.ChannelManager - Adding key: http://localhost:63533 for channel [id: 0xd4de5e7c, L:/127.0.0.1:53000 - R:localhost/127.0.0.1:63533]
16:54:09.045 [AsyncHttpClient-1-3] DEBUG org.asynchttpclient.netty.channel.NettyConnectListener - Using new Channel '[id: 0x21fc43a0, L:/127.0.0.1:53009 - R:localhost/127.0.0.1:53002]' for 'GET' to '/json/version'
16:54:09.056 [AsyncHttpClient-1-3] DEBUG org.asynchttpclient.netty.handler.HttpHandler - 

Request DefaultFullHttpRequest(decodeResult: success, version: HTTP/1.1, content: EmptyByteBufBE)
GET /json/version HTTP/1.1
User-Agent: selenium/4.1.2 (java windows)
host: localhost:53002
accept: */*

Response DefaultHttpResponse(decodeResult: success, version: HTTP/1.1)
HTTP/1.1 200 OK
Content-Security-Policy: frame-ancestors 'none'
Content-Type: application/json; charset=UTF-8
content-length: 422

16:54:09.057 [AsyncHttpClient-1-3] DEBUG org.asynchttpclient.netty.channel.ChannelManager - Adding key: http://localhost:53002 for channel [id: 0x21fc43a0, L:/127.0.0.1:53009 - R:localhost/127.0.0.1:53002]
16:54:09.106 [Test worker] DEBUG io.netty.util.internal.ThreadLocalRandom - -Dio.netty.initialSeedUniquifier: 0x508bf70d02fe0eaa
16:54:09.111 [AsyncHttpClient-1-1] DEBUG org.asynchttpclient.netty.channel.DefaultChannelPool - Entry count for : http://localhost:63533 : 1
16:54:09.112 [AsyncHttpClient-1-1] DEBUG org.asynchttpclient.netty.channel.DefaultChannelPool - Entry count for : http://localhost:53002 : 1
16:54:09.122 [AsyncHttpClient-1-4] DEBUG org.asynchttpclient.netty.channel.NettyConnectListener - Using new Channel '[id: 0x4eb26ae4, L:/127.0.0.1:53010 - R:localhost/127.0.0.1:53002]' for 'GET' to '/devtools/browser/70bcb591-8c5e-41f4-aea4-7b1879b76eee'
16:54:09.128 [AsyncHttpClient-1-4] DEBUG org.asynchttpclient.netty.handler.WebSocketHandler - 

Request DefaultFullHttpRequest(decodeResult: success, version: HTTP/1.1, content: EmptyByteBufBE)
GET /devtools/browser/70bcb591-8c5e-41f4-aea4-7b1879b76eee HTTP/1.1
upgrade: websocket
connection: upgrade
sec-websocket-key: 0SG4V0QhONk+2cK94g72lg==
sec-websocket-version: 13
origin: http://localhost:53002
host: localhost:53002
accept: */*
user-agent: AHC/2.1

Response DefaultHttpResponse(decodeResult: success, version: HTTP/1.1)
HTTP/1.1 101 WebSocket Protocol Handshake
Upgrade: WebSocket
Connection: Upgrade
Sec-WebSocket-Accept: hdjIVQdZatTMrFS/6fDTj6N1JzI=

16:54:09.945 [Test worker] DEBUG net.thucydides.core.reflection.ClassFinder - Could not load class .co.com.konex.certification.ventas.Main
16:54:09.945 [Test worker] DEBUG net.thucydides.core.reflection.ClassFinder - Could not load class .co.com.konex.certification.ventas.model.TablaUsuarios
16:54:09.946 [Test worker] DEBUG net.thucydides.core.reflection.ClassFinder - Could not load class .co.com.konex.certification.ventas.questions.Verificar
16:54:09.946 [Test worker] DEBUG net.thucydides.core.reflection.ClassFinder - Could not load class .co.com.konex.certification.ventas.runners.RunnerTags
16:54:09.947 [Test worker] DEBUG net.thucydides.core.reflection.ClassFinder - Could not load class .co.com.konex.certification.ventas.stepdefinitions.LoginStepdefinitions
16:54:09.948 [Test worker] DEBUG net.thucydides.core.reflection.ClassFinder - Could not load class .co.com.konex.certification.ventas.tasks.Abrir
16:54:09.948 [Test worker] DEBUG net.thucydides.core.reflection.ClassFinder - Could not load class .co.com.konex.certification.ventas.tasks.Ingresar
16:54:09.949 [Test worker] DEBUG net.thucydides.core.reflection.ClassFinder - Could not load class .co.com.konex.certification.ventas.tasks.Seleccionar
16:54:09.949 [Test worker] DEBUG net.thucydides.core.reflection.ClassFinder - Could not load class .co.com.konex.certification.ventas.userinterfaces.ContenedorDeObjetos
16:54:09.949 [Test worker] DEBUG net.thucydides.core.reflection.ClassFinder - Could not load class .co.com.konex.certification.ventas.userinterfaces.PaginaVentas
16:54:09.968 [Forwarding get on session 41c05747cb757cdd3874035de8390dac to remote] DEBUG org.asynchttpclient.netty.request.NettyRequestSender - Using pooled Channel '[id: 0xd4de5e7c, L:/127.0.0.1:53000 - R:localhost/127.0.0.1:63533]' for 'POST' to 'http://localhost:63533/session/41c05747cb757cdd3874035de8390dac/url'
16:54:09.968 [Forwarding get on session 41c05747cb757cdd3874035de8390dac to remote] DEBUG org.asynchttpclient.netty.request.NettyRequestSender - Using open Channel [id: 0xd4de5e7c, L:/127.0.0.1:53000 - R:localhost/127.0.0.1:63533] for POST '/session/41c05747cb757cdd3874035de8390dac/url'
16:54:10.210 [AsyncHttpClient-1-1] DEBUG org.asynchttpclient.netty.channel.DefaultChannelPool - Entry count for : http://localhost:53002 : 1
16:54:11.311 [AsyncHttpClient-1-1] DEBUG org.asynchttpclient.netty.channel.DefaultChannelPool - Entry count for : http://localhost:53002 : 1
16:54:11.893 [AsyncHttpClient-1-2] DEBUG org.asynchttpclient.netty.handler.HttpHandler - 

Request DefaultHttpRequest(decodeResult: success, version: HTTP/1.1)
POST /session/41c05747cb757cdd3874035de8390dac/url HTTP/1.1
User-Agent: selenium/4.1.2 (java windows)
Content-Length: 75
Content-Type: application/json; charset=utf-8
host: localhost:63533
accept: */*

Response DefaultHttpResponse(decodeResult: success, version: HTTP/1.1)
HTTP/1.1 200 OK
Content-Type: application/json; charset=utf-8
cache-control: no-cache
content-length: 14

16:54:11.894 [AsyncHttpClient-1-2] DEBUG org.asynchttpclient.netty.channel.ChannelManager - Adding key: http://localhost:63533 for channel [id: 0xd4de5e7c, L:/127.0.0.1:53000 - R:localhost/127.0.0.1:63533]
16:54:11.918 [Forwarding setTimeout on session 41c05747cb757cdd3874035de8390dac to remote] DEBUG org.asynchttpclient.netty.request.NettyRequestSender - Using pooled Channel '[id: 0xd4de5e7c, L:/127.0.0.1:53000 - R:localhost/127.0.0.1:63533]' for 'POST' to 'http://localhost:63533/session/41c05747cb757cdd3874035de8390dac/timeouts'
16:54:11.919 [Forwarding setTimeout on session 41c05747cb757cdd3874035de8390dac to remote] DEBUG org.asynchttpclient.netty.request.NettyRequestSender - Using open Channel [id: 0xd4de5e7c, L:/127.0.0.1:53000 - R:localhost/127.0.0.1:63533] for POST '/session/41c05747cb757cdd3874035de8390dac/timeouts'
16:54:11.923 [AsyncHttpClient-1-2] DEBUG org.asynchttpclient.netty.handler.HttpHandler - 

Request DefaultHttpRequest(decodeResult: success, version: HTTP/1.1)
POST /session/41c05747cb757cdd3874035de8390dac/timeouts HTTP/1.1
User-Agent: selenium/4.1.2 (java windows)
Content-Length: 22
Content-Type: application/json; charset=utf-8
host: localhost:63533
accept: */*

Response DefaultHttpResponse(decodeResult: success, version: HTTP/1.1)
HTTP/1.1 200 OK
Content-Type: application/json; charset=utf-8
cache-control: no-cache
content-length: 14

16:54:11.924 [AsyncHttpClient-1-2] DEBUG org.asynchttpclient.netty.channel.ChannelManager - Adding key: http://localhost:63533 for channel [id: 0xd4de5e7c, L:/127.0.0.1:53000 - R:localhost/127.0.0.1:63533]
16:54:12.213 [Forwarding getCurrentUrl on session 41c05747cb757cdd3874035de8390dac to remote] DEBUG org.asynchttpclient.netty.request.NettyRequestSender - Using pooled Channel '[id: 0xd4de5e7c, L:/127.0.0.1:53000 - R:localhost/127.0.0.1:63533]' for 'GET' to 'http://localhost:63533/session/41c05747cb757cdd3874035de8390dac/url'
16:54:12.214 [Forwarding getCurrentUrl on session 41c05747cb757cdd3874035de8390dac to remote] DEBUG org.asynchttpclient.netty.request.NettyRequestSender - Using open Channel [id: 0xd4de5e7c, L:/127.0.0.1:53000 - R:localhost/127.0.0.1:63533] for GET '/session/41c05747cb757cdd3874035de8390dac/url'
16:54:12.241 [AsyncHttpClient-1-2] DEBUG org.asynchttpclient.netty.handler.HttpHandler - 

Request DefaultFullHttpRequest(decodeResult: success, version: HTTP/1.1, content: EmptyByteBufBE)
GET /session/41c05747cb757cdd3874035de8390dac/url HTTP/1.1
User-Agent: selenium/4.1.2 (java windows)
Cache-Control: no-cache
Content-Type: application/json; charset=utf-8
host: localhost:63533
accept: */*

Response DefaultHttpResponse(decodeResult: success, version: HTTP/1.1)
HTTP/1.1 200 OK
Content-Type: application/json; charset=utf-8
cache-control: no-cache
content-length: 52

16:54:12.242 [AsyncHttpClient-1-2] DEBUG org.asynchttpclient.netty.channel.ChannelManager - Adding key: http://localhost:63533 for channel [id: 0xd4de5e7c, L:/127.0.0.1:53000 - R:localhost/127.0.0.1:63533]
16:54:12.396 [Forwarding getCurrentUrl on session 41c05747cb757cdd3874035de8390dac to remote] DEBUG org.asynchttpclient.netty.request.NettyRequestSender - Using pooled Channel '[id: 0xd4de5e7c, L:/127.0.0.1:53000 - R:localhost/127.0.0.1:63533]' for 'GET' to 'http://localhost:63533/session/41c05747cb757cdd3874035de8390dac/url'
16:54:12.396 [Forwarding getCurrentUrl on session 41c05747cb757cdd3874035de8390dac to remote] DEBUG org.asynchttpclient.netty.request.NettyRequestSender - Using open Channel [id: 0xd4de5e7c, L:/127.0.0.1:53000 - R:localhost/127.0.0.1:63533] for GET '/session/41c05747cb757cdd3874035de8390dac/url'
16:54:12.410 [AsyncHttpClient-1-2] DEBUG org.asynchttpclient.netty.handler.HttpHandler - 

Request DefaultFullHttpRequest(decodeResult: success, version: HTTP/1.1, content: EmptyByteBufBE)
GET /session/41c05747cb757cdd3874035de8390dac/url HTTP/1.1
User-Agent: selenium/4.1.2 (java windows)
Cache-Control: no-cache
Content-Type: application/json; charset=utf-8
host: localhost:63533
accept: */*

Response DefaultHttpResponse(decodeResult: success, version: HTTP/1.1)
HTTP/1.1 200 OK
Content-Type: application/json; charset=utf-8
cache-control: no-cache
content-length: 52

16:54:12.413 [AsyncHttpClient-1-2] DEBUG org.asynchttpclient.netty.channel.ChannelManager - Adding key: http://localhost:63533 for channel [id: 0xd4de5e7c, L:/127.0.0.1:53000 - R:localhost/127.0.0.1:63533]
16:54:12.435 [AsyncHttpClient-1-1] DEBUG org.asynchttpclient.netty.channel.DefaultChannelPool - Entry count for : http://localhost:63533 : 1
16:54:12.436 [AsyncHttpClient-1-1] DEBUG org.asynchttpclient.netty.channel.DefaultChannelPool - Entry count for : http://localhost:53002 : 1
16:54:12.538 [Test worker] DEBUG net.serenitybdd.core.photography.Darkroom - Opening darkroom
16:54:12.540 [Darkroom Processing Line] DEBUG net.serenitybdd.core.photography.DarkroomProcessingLine - Darkroom processing line starting up
16:54:12.548 [Forwarding screenshot on session 41c05747cb757cdd3874035de8390dac to remote] DEBUG org.asynchttpclient.netty.request.NettyRequestSender - Using pooled Channel '[id: 0xd4de5e7c, L:/127.0.0.1:53000 - R:localhost/127.0.0.1:63533]' for 'GET' to 'http://localhost:63533/session/41c05747cb757cdd3874035de8390dac/screenshot'
16:54:12.549 [Forwarding screenshot on session 41c05747cb757cdd3874035de8390dac to remote] DEBUG org.asynchttpclient.netty.request.NettyRequestSender - Using open Channel [id: 0xd4de5e7c, L:/127.0.0.1:53000 - R:localhost/127.0.0.1:63533] for GET '/session/41c05747cb757cdd3874035de8390dac/screenshot'
16:54:12.962 [AsyncHttpClient-1-2] DEBUG org.asynchttpclient.netty.handler.HttpHandler - 

Request DefaultFullHttpRequest(decodeResult: success, version: HTTP/1.1, content: EmptyByteBufBE)
GET /session/41c05747cb757cdd3874035de8390dac/screenshot HTTP/1.1
User-Agent: selenium/4.1.2 (java windows)
Cache-Control: no-cache
Content-Type: application/json; charset=utf-8
host: localhost:63533
accept: */*

Response DefaultHttpResponse(decodeResult: success, version: HTTP/1.1)
HTTP/1.1 200 OK
Content-Type: application/json; charset=utf-8
cache-control: no-cache
content-length: 377644

16:54:12.971 [AsyncHttpClient-1-2] DEBUG org.asynchttpclient.netty.channel.ChannelManager - Adding key: http://localhost:63533 for channel [id: 0xd4de5e7c, L:/127.0.0.1:53000 - R:localhost/127.0.0.1:63533]
16:54:13.238 [Test worker] DEBUG net.serenitybdd.core.photography.Darkroom - Send negative for processing for C:\Users\johan\OneDrive\Documentos\KONEX\Pruebas automatizadas\co.com.konex.certification.ventas\target\site\serenity\cad90acbe90f0635892566bffd2e8783632c4e39e590b2fac2a04086ff98b18a.png
16:54:13.247 [Test worker] DEBUG net.thucydides.core.steps.StepInterceptor - STEP DONE: {0} opens the #targetPage
16:54:13.324 [Forwarding screenshot on session 41c05747cb757cdd3874035de8390dac to remote] DEBUG org.asynchttpclient.netty.request.NettyRequestSender - Using pooled Channel '[id: 0xd4de5e7c, L:/127.0.0.1:53000 - R:localhost/127.0.0.1:63533]' for 'GET' to 'http://localhost:63533/session/41c05747cb757cdd3874035de8390dac/screenshot'
16:54:13.324 [Forwarding screenshot on session 41c05747cb757cdd3874035de8390dac to remote] DEBUG org.asynchttpclient.netty.request.NettyRequestSender - Using open Channel [id: 0xd4de5e7c, L:/127.0.0.1:53000 - R:localhost/127.0.0.1:63533] for GET '/session/41c05747cb757cdd3874035de8390dac/screenshot'
16:54:13.511 [AsyncHttpClient-1-1] DEBUG org.asynchttpclient.netty.channel.DefaultChannelPool - Entry count for : http://localhost:53002 : 1
16:54:13.738 [AsyncHttpClient-1-2] DEBUG org.asynchttpclient.netty.handler.HttpHandler - 

Request DefaultFullHttpRequest(decodeResult: success, version: HTTP/1.1, content: EmptyByteBufBE)
GET /session/41c05747cb757cdd3874035de8390dac/screenshot HTTP/1.1
User-Agent: selenium/4.1.2 (java windows)
Cache-Control: no-cache
Content-Type: application/json; charset=utf-8
host: localhost:63533
accept: */*

Response DefaultHttpResponse(decodeResult: success, version: HTTP/1.1)
HTTP/1.1 200 OK
Content-Type: application/json; charset=utf-8
cache-control: no-cache
content-length: 377600

16:54:13.746 [AsyncHttpClient-1-2] DEBUG org.asynchttpclient.netty.channel.ChannelManager - Adding key: http://localhost:63533 for channel [id: 0xd4de5e7c, L:/127.0.0.1:53000 - R:localhost/127.0.0.1:63533]
16:54:13.796 [Test worker] DEBUG net.serenitybdd.core.photography.Darkroom - Send negative for processing for C:\Users\johan\OneDrive\Documentos\KONEX\Pruebas automatizadas\co.com.konex.certification.ventas\target\site\serenity\c2eeb9c2a4ee8613fd26bfcc81d9aaa96f7556ae7098a542a09140543c9d4c71.png
16:54:13.799 [Test worker] DEBUG net.thucydides.core.steps.StepInterceptor - STEP DONE: performAs
16:54:13.873 [Forwarding screenshot on session 41c05747cb757cdd3874035de8390dac to remote] DEBUG org.asynchttpclient.netty.request.NettyRequestSender - Using pooled Channel '[id: 0xd4de5e7c, L:/127.0.0.1:53000 - R:localhost/127.0.0.1:63533]' for 'GET' to 'http://localhost:63533/session/41c05747cb757cdd3874035de8390dac/screenshot'
16:54:13.873 [Forwarding screenshot on session 41c05747cb757cdd3874035de8390dac to remote] DEBUG org.asynchttpclient.netty.request.NettyRequestSender - Using open Channel [id: 0xd4de5e7c, L:/127.0.0.1:53000 - R:localhost/127.0.0.1:63533] for GET '/session/41c05747cb757cdd3874035de8390dac/screenshot'
16:54:14.397 [AsyncHttpClient-1-2] DEBUG org.asynchttpclient.netty.handler.HttpHandler - 

Request DefaultFullHttpRequest(decodeResult: success, version: HTTP/1.1, content: EmptyByteBufBE)
GET /session/41c05747cb757cdd3874035de8390dac/screenshot HTTP/1.1
User-Agent: selenium/4.1.2 (java windows)
Cache-Control: no-cache
Content-Type: application/json; charset=utf-8
host: localhost:63533
accept: */*

Response DefaultHttpResponse(decodeResult: success, version: HTTP/1.1)
HTTP/1.1 200 OK
Content-Type: application/json; charset=utf-8
cache-control: no-cache
content-length: 377644

16:54:14.407 [AsyncHttpClient-1-2] DEBUG org.asynchttpclient.netty.channel.ChannelManager - Adding key: http://localhost:63533 for channel [id: 0xd4de5e7c, L:/127.0.0.1:53000 - R:localhost/127.0.0.1:63533]
16:54:14.454 [Test worker] DEBUG net.serenitybdd.core.photography.Darkroom - Send negative for processing for C:\Users\johan\OneDrive\Documentos\KONEX\Pruebas automatizadas\co.com.konex.certification.ventas\target\site\serenity\cad90acbe90f0635892566bffd2e8783632c4e39e590b2fac2a04086ff98b18a.png
16:54:14.633 [AsyncHttpClient-1-1] DEBUG org.asynchttpclient.netty.channel.DefaultChannelPool - Entry count for : http://localhost:63533 : 1
16:54:14.634 [AsyncHttpClient-1-1] DEBUG org.asynchttpclient.netty.channel.DefaultChannelPool - Entry count for : http://localhost:53002 : 1
16:54:14.664 [Forwarding screenshot on session 41c05747cb757cdd3874035de8390dac to remote] DEBUG org.asynchttpclient.netty.request.NettyRequestSender - Using pooled Channel '[id: 0xd4de5e7c, L:/127.0.0.1:53000 - R:localhost/127.0.0.1:63533]' for 'GET' to 'http://localhost:63533/session/41c05747cb757cdd3874035de8390dac/screenshot'
16:54:14.667 [Forwarding screenshot on session 41c05747cb757cdd3874035de8390dac to remote] DEBUG org.asynchttpclient.netty.request.NettyRequestSender - Using open Channel [id: 0xd4de5e7c, L:/127.0.0.1:53000 - R:localhost/127.0.0.1:63533] for GET '/session/41c05747cb757cdd3874035de8390dac/screenshot'
16:54:15.339 [AsyncHttpClient-1-2] DEBUG org.asynchttpclient.netty.handler.HttpHandler - 

Request DefaultFullHttpRequest(decodeResult: success, version: HTTP/1.1, content: EmptyByteBufBE)
GET /session/41c05747cb757cdd3874035de8390dac/screenshot HTTP/1.1
User-Agent: selenium/4.1.2 (java windows)
Cache-Control: no-cache
Content-Type: application/json; charset=utf-8
host: localhost:63533
accept: */*

Response DefaultHttpResponse(decodeResult: success, version: HTTP/1.1)
HTTP/1.1 200 OK
Content-Type: application/json; charset=utf-8
cache-control: no-cache
content-length: 377644

16:54:15.347 [AsyncHttpClient-1-2] DEBUG org.asynchttpclient.netty.channel.ChannelManager - Adding key: http://localhost:63533 for channel [id: 0xd4de5e7c, L:/127.0.0.1:53000 - R:localhost/127.0.0.1:63533]
16:54:15.379 [Test worker] DEBUG net.serenitybdd.core.photography.Darkroom - Send negative for processing for C:\Users\johan\OneDrive\Documentos\KONEX\Pruebas automatizadas\co.com.konex.certification.ventas\target\site\serenity\cad90acbe90f0635892566bffd2e8783632c4e39e590b2fac2a04086ff98b18a.png
16:54:15.381 [Test worker] DEBUG net.thucydides.core.steps.StepInterceptor - STARTING STEP: LoginStepdefinitions.digitaUsuarioYContrasenna - performAs
16:54:15.485 [Forwarding screenshot on session 41c05747cb757cdd3874035de8390dac to remote] DEBUG org.asynchttpclient.netty.request.NettyRequestSender - Using pooled Channel '[id: 0xd4de5e7c, L:/127.0.0.1:53000 - R:localhost/127.0.0.1:63533]' for 'GET' to 'http://localhost:63533/session/41c05747cb757cdd3874035de8390dac/screenshot'
16:54:15.485 [Forwarding screenshot on session 41c05747cb757cdd3874035de8390dac to remote] DEBUG org.asynchttpclient.netty.request.NettyRequestSender - Using open Channel [id: 0xd4de5e7c, L:/127.0.0.1:53000 - R:localhost/127.0.0.1:63533] for GET '/session/41c05747cb757cdd3874035de8390dac/screenshot'
16:54:15.718 [AsyncHttpClient-1-1] DEBUG org.asynchttpclient.netty.channel.DefaultChannelPool - Entry count for : http://localhost:53002 : 1
16:54:15.888 [AsyncHttpClient-1-2] DEBUG org.asynchttpclient.netty.handler.HttpHandler - 

Request DefaultFullHttpRequest(decodeResult: success, version: HTTP/1.1, content: EmptyByteBufBE)
GET /session/41c05747cb757cdd3874035de8390dac/screenshot HTTP/1.1
User-Agent: selenium/4.1.2 (java windows)
Cache-Control: no-cache
Content-Type: application/json; charset=utf-8
host: localhost:63533
accept: */*

Response DefaultHttpResponse(decodeResult: success, version: HTTP/1.1)
HTTP/1.1 200 OK
Content-Type: application/json; charset=utf-8
cache-control: no-cache
content-length: 377600

16:54:15.895 [AsyncHttpClient-1-2] DEBUG org.asynchttpclient.netty.channel.ChannelManager - Adding key: http://localhost:63533 for channel [id: 0xd4de5e7c, L:/127.0.0.1:53000 - R:localhost/127.0.0.1:63533]
16:54:15.927 [Test worker] DEBUG net.serenitybdd.core.photography.Darkroom - Send negative for processing for C:\Users\johan\OneDrive\Documentos\KONEX\Pruebas automatizadas\co.com.konex.certification.ventas\target\site\serenity\c2eeb9c2a4ee8613fd26bfcc81d9aaa96f7556ae7098a542a09140543c9d4c71.png
16:54:15.928 [Test worker] DEBUG net.thucydides.core.steps.StepInterceptor - STARTING STEP: Ingresar.performAs - {0} enters #theTextAsAString into #target
16:54:16.293 [Test worker] DEBUG net.serenitybdd.screenplay.targets.IFrameSwitcher - default content already selected for Datos para campo de usuario
16:54:16.388 [Forwarding findElement on session 41c05747cb757cdd3874035de8390dac to remote] DEBUG org.asynchttpclient.netty.request.NettyRequestSender - Using pooled Channel '[id: 0xd4de5e7c, L:/127.0.0.1:53000 - R:localhost/127.0.0.1:63533]' for 'POST' to 'http://localhost:63533/session/41c05747cb757cdd3874035de8390dac/element'
16:54:16.388 [Forwarding findElement on session 41c05747cb757cdd3874035de8390dac to remote] DEBUG org.asynchttpclient.netty.request.NettyRequestSender - Using open Channel [id: 0xd4de5e7c, L:/127.0.0.1:53000 - R:localhost/127.0.0.1:63533] for POST '/session/41c05747cb757cdd3874035de8390dac/element'
16:54:16.414 [AsyncHttpClient-1-2] DEBUG org.asynchttpclient.netty.handler.HttpHandler - 

Request DefaultHttpRequest(decodeResult: success, version: HTTP/1.1)
POST /session/41c05747cb757cdd3874035de8390dac/element HTTP/1.1
User-Agent: selenium/4.1.2 (java windows)
Content-Length: 53
Content-Type: application/json; charset=utf-8
host: localhost:63533
accept: */*

Response DefaultHttpResponse(decodeResult: success, version: HTTP/1.1)
HTTP/1.1 200 OK
Content-Type: application/json; charset=utf-8
cache-control: no-cache
content-length: 88

16:54:16.415 [AsyncHttpClient-1-2] DEBUG org.asynchttpclient.netty.channel.ChannelManager - Adding key: http://localhost:63533 for channel [id: 0xd4de5e7c, L:/127.0.0.1:53000 - R:localhost/127.0.0.1:63533]
16:54:16.424 [Forwarding clearElement on session 41c05747cb757cdd3874035de8390dac to remote] DEBUG org.asynchttpclient.netty.request.NettyRequestSender - Using pooled Channel '[id: 0xd4de5e7c, L:/127.0.0.1:53000 - R:localhost/127.0.0.1:63533]' for 'POST' to 'http://localhost:63533/session/41c05747cb757cdd3874035de8390dac/element/f59a7b2b-41e0-4313-ba08-b4606f0d2d1b/clear'
16:54:16.425 [Forwarding clearElement on session 41c05747cb757cdd3874035de8390dac to remote] DEBUG org.asynchttpclient.netty.request.NettyRequestSender - Using open Channel [id: 0xd4de5e7c, L:/127.0.0.1:53000 - R:localhost/127.0.0.1:63533] for POST '/session/41c05747cb757cdd3874035de8390dac/element/f59a7b2b-41e0-4313-ba08-b4606f0d2d1b/clear'
16:54:16.500 [AsyncHttpClient-1-2] DEBUG org.asynchttpclient.netty.handler.HttpHandler - 

Request DefaultHttpRequest(decodeResult: success, version: HTTP/1.1)
POST /session/41c05747cb757cdd3874035de8390dac/element/f59a7b2b-41e0-4313-ba08-b4606f0d2d1b/clear HTTP/1.1
User-Agent: selenium/4.1.2 (java windows)
Content-Length: 50
Content-Type: application/json; charset=utf-8
host: localhost:63533
accept: */*

Response DefaultHttpResponse(decodeResult: success, version: HTTP/1.1)
HTTP/1.1 200 OK
Content-Type: application/json; charset=utf-8
cache-control: no-cache
content-length: 14

16:54:16.502 [AsyncHttpClient-1-2] DEBUG org.asynchttpclient.netty.channel.ChannelManager - Adding key: http://localhost:63533 for channel [id: 0xd4de5e7c, L:/127.0.0.1:53000 - R:localhost/127.0.0.1:63533]
16:54:16.543 [Forwarding sendKeysToElement on session 41c05747cb757cdd3874035de8390dac to remote] DEBUG org.asynchttpclient.netty.request.NettyRequestSender - Using pooled Channel '[id: 0xd4de5e7c, L:/127.0.0.1:53000 - R:localhost/127.0.0.1:63533]' for 'POST' to 'http://localhost:63533/session/41c05747cb757cdd3874035de8390dac/element/f59a7b2b-41e0-4313-ba08-b4606f0d2d1b/value'
16:54:16.543 [Forwarding sendKeysToElement on session 41c05747cb757cdd3874035de8390dac to remote] DEBUG org.asynchttpclient.netty.request.NettyRequestSender - Using open Channel [id: 0xd4de5e7c, L:/127.0.0.1:53000 - R:localhost/127.0.0.1:63533] for POST '/session/41c05747cb757cdd3874035de8390dac/element/f59a7b2b-41e0-4313-ba08-b4606f0d2d1b/value'
16:54:16.648 [AsyncHttpClient-1-2] DEBUG org.asynchttpclient.netty.handler.HttpHandler - 

Request DefaultHttpRequest(decodeResult: success, version: HTTP/1.1)
POST /session/41c05747cb757cdd3874035de8390dac/element/f59a7b2b-41e0-4313-ba08-b4606f0d2d1b/value HTTP/1.1
User-Agent: selenium/4.1.2 (java windows)
Content-Length: 191
Content-Type: application/json; charset=utf-8
host: localhost:63533
accept: */*

Response DefaultHttpResponse(decodeResult: success, version: HTTP/1.1)
HTTP/1.1 200 OK
Content-Type: application/json; charset=utf-8
cache-control: no-cache
content-length: 14

16:54:16.650 [AsyncHttpClient-1-2] DEBUG org.asynchttpclient.netty.channel.ChannelManager - Adding key: http://localhost:63533 for channel [id: 0xd4de5e7c, L:/127.0.0.1:53000 - R:localhost/127.0.0.1:63533]
16:54:16.703 [Forwarding screenshot on session 41c05747cb757cdd3874035de8390dac to remote] DEBUG org.asynchttpclient.netty.request.NettyRequestSender - Using pooled Channel '[id: 0xd4de5e7c, L:/127.0.0.1:53000 - R:localhost/127.0.0.1:63533]' for 'GET' to 'http://localhost:63533/session/41c05747cb757cdd3874035de8390dac/screenshot'
16:54:16.703 [Forwarding screenshot on session 41c05747cb757cdd3874035de8390dac to remote] DEBUG org.asynchttpclient.netty.request.NettyRequestSender - Using open Channel [id: 0xd4de5e7c, L:/127.0.0.1:53000 - R:localhost/127.0.0.1:63533] for GET '/session/41c05747cb757cdd3874035de8390dac/screenshot'
16:54:16.811 [AsyncHttpClient-1-1] DEBUG org.asynchttpclient.netty.channel.DefaultChannelPool - Entry count for : http://localhost:53002 : 1
16:54:17.104 [AsyncHttpClient-1-2] DEBUG org.asynchttpclient.netty.handler.HttpHandler - 

Request DefaultFullHttpRequest(decodeResult: success, version: HTTP/1.1, content: EmptyByteBufBE)
GET /session/41c05747cb757cdd3874035de8390dac/screenshot HTTP/1.1
User-Agent: selenium/4.1.2 (java windows)
Cache-Control: no-cache
Content-Type: application/json; charset=utf-8
host: localhost:63533
accept: */*

Response DefaultHttpResponse(decodeResult: success, version: HTTP/1.1)
HTTP/1.1 200 OK
Content-Type: application/json; charset=utf-8
cache-control: no-cache
content-length: 377952

16:54:17.110 [AsyncHttpClient-1-2] DEBUG org.asynchttpclient.netty.channel.ChannelManager - Adding key: http://localhost:63533 for channel [id: 0xd4de5e7c, L:/127.0.0.1:53000 - R:localhost/127.0.0.1:63533]
16:54:17.150 [Test worker] DEBUG net.serenitybdd.core.photography.Darkroom - Send negative for processing for C:\Users\johan\OneDrive\Documentos\KONEX\Pruebas automatizadas\co.com.konex.certification.ventas\target\site\serenity\be81882773b17e21d4a50e08c671a8c3d21671a6d5cfb713bc71e132ecf78178.png
16:54:17.223 [Forwarding screenshot on session 41c05747cb757cdd3874035de8390dac to remote] DEBUG org.asynchttpclient.netty.request.NettyRequestSender - Using pooled Channel '[id: 0xd4de5e7c, L:/127.0.0.1:53000 - R:localhost/127.0.0.1:63533]' for 'GET' to 'http://localhost:63533/session/41c05747cb757cdd3874035de8390dac/screenshot'
16:54:17.223 [Forwarding screenshot on session 41c05747cb757cdd3874035de8390dac to remote] DEBUG org.asynchttpclient.netty.request.NettyRequestSender - Using open Channel [id: 0xd4de5e7c, L:/127.0.0.1:53000 - R:localhost/127.0.0.1:63533] for GET '/session/41c05747cb757cdd3874035de8390dac/screenshot'
16:54:17.644 [AsyncHttpClient-1-2] DEBUG org.asynchttpclient.netty.handler.HttpHandler - 

Request DefaultFullHttpRequest(decodeResult: success, version: HTTP/1.1, content: EmptyByteBufBE)
GET /session/41c05747cb757cdd3874035de8390dac/screenshot HTTP/1.1
User-Agent: selenium/4.1.2 (java windows)
Cache-Control: no-cache
Content-Type: application/json; charset=utf-8
host: localhost:63533
accept: */*

Response DefaultHttpResponse(decodeResult: success, version: HTTP/1.1)
HTTP/1.1 200 OK
Content-Type: application/json; charset=utf-8
cache-control: no-cache
content-length: 377916

16:54:17.649 [AsyncHttpClient-1-2] DEBUG org.asynchttpclient.netty.channel.ChannelManager - Adding key: http://localhost:63533 for channel [id: 0xd4de5e7c, L:/127.0.0.1:53000 - R:localhost/127.0.0.1:63533]
16:54:17.696 [Test worker] DEBUG net.serenitybdd.core.photography.Darkroom - Send negative for processing for C:\Users\johan\OneDrive\Documentos\KONEX\Pruebas automatizadas\co.com.konex.certification.ventas\target\site\serenity\8fbadea7d6617306a40fc3d7a9675d1947d1e14d4187ddd4e05ea450d4a24ce1.png
16:54:17.697 [Test worker] DEBUG net.thucydides.core.steps.StepInterceptor - STEP DONE: {0} enters #theTextAsAString into #target
16:54:17.752 [Forwarding screenshot on session 41c05747cb757cdd3874035de8390dac to remote] DEBUG org.asynchttpclient.netty.request.NettyRequestSender - Using pooled Channel '[id: 0xd4de5e7c, L:/127.0.0.1:53000 - R:localhost/127.0.0.1:63533]' for 'GET' to 'http://localhost:63533/session/41c05747cb757cdd3874035de8390dac/screenshot'
16:54:17.752 [Forwarding screenshot on session 41c05747cb757cdd3874035de8390dac to remote] DEBUG org.asynchttpclient.netty.request.NettyRequestSender - Using open Channel [id: 0xd4de5e7c, L:/127.0.0.1:53000 - R:localhost/127.0.0.1:63533] for GET '/session/41c05747cb757cdd3874035de8390dac/screenshot'
16:54:17.911 [AsyncHttpClient-1-1] DEBUG org.asynchttpclient.netty.channel.DefaultChannelPool - Entry count for : http://localhost:53002 : 1
16:54:18.167 [AsyncHttpClient-1-2] DEBUG org.asynchttpclient.netty.handler.HttpHandler - 

Request DefaultFullHttpRequest(decodeResult: success, version: HTTP/1.1, content: EmptyByteBufBE)
GET /session/41c05747cb757cdd3874035de8390dac/screenshot HTTP/1.1
User-Agent: selenium/4.1.2 (java windows)
Cache-Control: no-cache
Content-Type: application/json; charset=utf-8
host: localhost:63533
accept: */*

Response DefaultHttpResponse(decodeResult: success, version: HTTP/1.1)
HTTP/1.1 200 OK
Content-Type: application/json; charset=utf-8
cache-control: no-cache
content-length: 377952

16:54:18.173 [AsyncHttpClient-1-2] DEBUG org.asynchttpclient.netty.channel.ChannelManager - Adding key: http://localhost:63533 for channel [id: 0xd4de5e7c, L:/127.0.0.1:53000 - R:localhost/127.0.0.1:63533]
16:54:18.211 [Test worker] DEBUG net.serenitybdd.core.photography.Darkroom - Send negative for processing for C:\Users\johan\OneDrive\Documentos\KONEX\Pruebas automatizadas\co.com.konex.certification.ventas\target\site\serenity\be81882773b17e21d4a50e08c671a8c3d21671a6d5cfb713bc71e132ecf78178.png
16:54:18.213 [Test worker] DEBUG net.thucydides.core.steps.StepInterceptor - STARTING STEP: Ingresar.performAs - {0} enters #theTextAsAString into #target
16:54:18.237 [Test worker] DEBUG net.serenitybdd.screenplay.targets.IFrameSwitcher - default content already selected for Datos para contrasenna del usuario
16:54:18.331 [Forwarding findElement on session 41c05747cb757cdd3874035de8390dac to remote] DEBUG org.asynchttpclient.netty.request.NettyRequestSender - Using pooled Channel '[id: 0xd4de5e7c, L:/127.0.0.1:53000 - R:localhost/127.0.0.1:63533]' for 'POST' to 'http://localhost:63533/session/41c05747cb757cdd3874035de8390dac/element'
16:54:18.332 [Forwarding findElement on session 41c05747cb757cdd3874035de8390dac to remote] DEBUG org.asynchttpclient.netty.request.NettyRequestSender - Using open Channel [id: 0xd4de5e7c, L:/127.0.0.1:53000 - R:localhost/127.0.0.1:63533] for POST '/session/41c05747cb757cdd3874035de8390dac/element'
16:54:18.353 [AsyncHttpClient-1-2] DEBUG org.asynchttpclient.netty.handler.HttpHandler - 

Request DefaultHttpRequest(decodeResult: success, version: HTTP/1.1)
POST /session/41c05747cb757cdd3874035de8390dac/element HTTP/1.1
User-Agent: selenium/4.1.2 (java windows)
Content-Length: 50
Content-Type: application/json; charset=utf-8
host: localhost:63533
accept: */*

Response DefaultHttpResponse(decodeResult: success, version: HTTP/1.1)
HTTP/1.1 200 OK
Content-Type: application/json; charset=utf-8
cache-control: no-cache
content-length: 88

16:54:18.354 [AsyncHttpClient-1-2] DEBUG org.asynchttpclient.netty.channel.ChannelManager - Adding key: http://localhost:63533 for channel [id: 0xd4de5e7c, L:/127.0.0.1:53000 - R:localhost/127.0.0.1:63533]
16:54:18.358 [Forwarding clearElement on session 41c05747cb757cdd3874035de8390dac to remote] DEBUG org.asynchttpclient.netty.request.NettyRequestSender - Using pooled Channel '[id: 0xd4de5e7c, L:/127.0.0.1:53000 - R:localhost/127.0.0.1:63533]' for 'POST' to 'http://localhost:63533/session/41c05747cb757cdd3874035de8390dac/element/c0a128bd-39b0-4e30-9b2b-32a8d90ef424/clear'
16:54:18.358 [Forwarding clearElement on session 41c05747cb757cdd3874035de8390dac to remote] DEBUG org.asynchttpclient.netty.request.NettyRequestSender - Using open Channel [id: 0xd4de5e7c, L:/127.0.0.1:53000 - R:localhost/127.0.0.1:63533] for POST '/session/41c05747cb757cdd3874035de8390dac/element/c0a128bd-39b0-4e30-9b2b-32a8d90ef424/clear'
16:54:18.419 [AsyncHttpClient-1-2] DEBUG org.asynchttpclient.netty.handler.HttpHandler - 

Request DefaultHttpRequest(decodeResult: success, version: HTTP/1.1)
POST /session/41c05747cb757cdd3874035de8390dac/element/c0a128bd-39b0-4e30-9b2b-32a8d90ef424/clear HTTP/1.1
User-Agent: selenium/4.1.2 (java windows)
Content-Length: 50
Content-Type: application/json; charset=utf-8
host: localhost:63533
accept: */*

Response DefaultHttpResponse(decodeResult: success, version: HTTP/1.1)
HTTP/1.1 200 OK
Content-Type: application/json; charset=utf-8
cache-control: no-cache
content-length: 14

16:54:18.420 [AsyncHttpClient-1-2] DEBUG org.asynchttpclient.netty.channel.ChannelManager - Adding key: http://localhost:63533 for channel [id: 0xd4de5e7c, L:/127.0.0.1:53000 - R:localhost/127.0.0.1:63533]
16:54:18.452 [Forwarding sendKeysToElement on session 41c05747cb757cdd3874035de8390dac to remote] DEBUG org.asynchttpclient.netty.request.NettyRequestSender - Using pooled Channel '[id: 0xd4de5e7c, L:/127.0.0.1:53000 - R:localhost/127.0.0.1:63533]' for 'POST' to 'http://localhost:63533/session/41c05747cb757cdd3874035de8390dac/element/c0a128bd-39b0-4e30-9b2b-32a8d90ef424/value'
16:54:18.452 [Forwarding sendKeysToElement on session 41c05747cb757cdd3874035de8390dac to remote] DEBUG org.asynchttpclient.netty.request.NettyRequestSender - Using open Channel [id: 0xd4de5e7c, L:/127.0.0.1:53000 - R:localhost/127.0.0.1:63533] for POST '/session/41c05747cb757cdd3874035de8390dac/element/c0a128bd-39b0-4e30-9b2b-32a8d90ef424/value'
16:54:18.579 [AsyncHttpClient-1-2] DEBUG org.asynchttpclient.netty.handler.HttpHandler - 

Request DefaultHttpRequest(decodeResult: success, version: HTTP/1.1)
POST /session/41c05747cb757cdd3874035de8390dac/element/c0a128bd-39b0-4e30-9b2b-32a8d90ef424/value HTTP/1.1
User-Agent: selenium/4.1.2 (java windows)
Content-Length: 181
Content-Type: application/json; charset=utf-8
host: localhost:63533
accept: */*

Response DefaultHttpResponse(decodeResult: success, version: HTTP/1.1)
HTTP/1.1 200 OK
Content-Type: application/json; charset=utf-8
cache-control: no-cache
content-length: 14

16:54:18.581 [AsyncHttpClient-1-2] DEBUG org.asynchttpclient.netty.channel.ChannelManager - Adding key: http://localhost:63533 for channel [id: 0xd4de5e7c, L:/127.0.0.1:53000 - R:localhost/127.0.0.1:63533]
16:54:18.620 [Forwarding screenshot on session 41c05747cb757cdd3874035de8390dac to remote] DEBUG org.asynchttpclient.netty.request.NettyRequestSender - Using pooled Channel '[id: 0xd4de5e7c, L:/127.0.0.1:53000 - R:localhost/127.0.0.1:63533]' for 'GET' to 'http://localhost:63533/session/41c05747cb757cdd3874035de8390dac/screenshot'
16:54:18.620 [Forwarding screenshot on session 41c05747cb757cdd3874035de8390dac to remote] DEBUG org.asynchttpclient.netty.request.NettyRequestSender - Using open Channel [id: 0xd4de5e7c, L:/127.0.0.1:53000 - R:localhost/127.0.0.1:63533] for GET '/session/41c05747cb757cdd3874035de8390dac/screenshot'
16:54:19.019 [AsyncHttpClient-1-1] DEBUG org.asynchttpclient.netty.channel.DefaultChannelPool - Entry count for : http://localhost:53002 : 1
16:54:19.040 [AsyncHttpClient-1-2] DEBUG org.asynchttpclient.netty.handler.HttpHandler - 

Request DefaultFullHttpRequest(decodeResult: success, version: HTTP/1.1, content: EmptyByteBufBE)
GET /session/41c05747cb757cdd3874035de8390dac/screenshot HTTP/1.1
User-Agent: selenium/4.1.2 (java windows)
Cache-Control: no-cache
Content-Type: application/json; charset=utf-8
host: localhost:63533
accept: */*

Response DefaultHttpResponse(decodeResult: success, version: HTTP/1.1)
HTTP/1.1 200 OK
Content-Type: application/json; charset=utf-8
cache-control: no-cache
content-length: 376272

16:54:19.043 [AsyncHttpClient-1-2] DEBUG org.asynchttpclient.netty.channel.ChannelManager - Adding key: http://localhost:63533 for channel [id: 0xd4de5e7c, L:/127.0.0.1:53000 - R:localhost/127.0.0.1:63533]
16:54:19.100 [Test worker] DEBUG net.serenitybdd.core.photography.Darkroom - Send negative for processing for C:\Users\johan\OneDrive\Documentos\KONEX\Pruebas automatizadas\co.com.konex.certification.ventas\target\site\serenity\2c57bf74d5df87d62e93ffd824b1101b9142d70672936a2f56923cec9eb5f0dc.png
16:54:19.163 [Forwarding screenshot on session 41c05747cb757cdd3874035de8390dac to remote] DEBUG org.asynchttpclient.netty.request.NettyRequestSender - Using pooled Channel '[id: 0xd4de5e7c, L:/127.0.0.1:53000 - R:localhost/127.0.0.1:63533]' for 'GET' to 'http://localhost:63533/session/41c05747cb757cdd3874035de8390dac/screenshot'
16:54:19.163 [Forwarding screenshot on session 41c05747cb757cdd3874035de8390dac to remote] DEBUG org.asynchttpclient.netty.request.NettyRequestSender - Using open Channel [id: 0xd4de5e7c, L:/127.0.0.1:53000 - R:localhost/127.0.0.1:63533] for GET '/session/41c05747cb757cdd3874035de8390dac/screenshot'
16:54:19.600 [AsyncHttpClient-1-2] DEBUG org.asynchttpclient.netty.handler.HttpHandler - 

Request DefaultFullHttpRequest(decodeResult: success, version: HTTP/1.1, content: EmptyByteBufBE)
GET /session/41c05747cb757cdd3874035de8390dac/screenshot HTTP/1.1
User-Agent: selenium/4.1.2 (java windows)
Cache-Control: no-cache
Content-Type: application/json; charset=utf-8
host: localhost:63533
accept: */*

Response DefaultHttpResponse(decodeResult: success, version: HTTP/1.1)
HTTP/1.1 200 OK
Content-Type: application/json; charset=utf-8
cache-control: no-cache
content-length: 376236

16:54:19.604 [AsyncHttpClient-1-2] DEBUG org.asynchttpclient.netty.channel.ChannelManager - Adding key: http://localhost:63533 for channel [id: 0xd4de5e7c, L:/127.0.0.1:53000 - R:localhost/127.0.0.1:63533]
16:54:19.634 [Test worker] DEBUG net.serenitybdd.core.photography.Darkroom - Send negative for processing for C:\Users\johan\OneDrive\Documentos\KONEX\Pruebas automatizadas\co.com.konex.certification.ventas\target\site\serenity\a6136c2a979359e4825353c37c96822badef54ee94ea83ea46d5a628f88c18ac.png
16:54:19.634 [Test worker] DEBUG net.thucydides.core.steps.StepInterceptor - STEP DONE: {0} enters #theTextAsAString into #target
16:54:19.674 [Test worker] DEBUG net.thucydides.core.steps.StepInterceptor - STARTING STEP: Ingresar.performAs - {0} clicks on #target
16:54:19.675 [Test worker] DEBUG net.serenitybdd.screenplay.targets.IFrameSwitcher - default content already selected for Boton iniciar sesion
16:54:19.830 [Forwarding findElement on session 41c05747cb757cdd3874035de8390dac to remote] DEBUG org.asynchttpclient.netty.request.NettyRequestSender - Using pooled Channel '[id: 0xd4de5e7c, L:/127.0.0.1:53000 - R:localhost/127.0.0.1:63533]' for 'POST' to 'http://localhost:63533/session/41c05747cb757cdd3874035de8390dac/element'
16:54:19.831 [Forwarding findElement on session 41c05747cb757cdd3874035de8390dac to remote] DEBUG org.asynchttpclient.netty.request.NettyRequestSender - Using open Channel [id: 0xd4de5e7c, L:/127.0.0.1:53000 - R:localhost/127.0.0.1:63533] for POST '/session/41c05747cb757cdd3874035de8390dac/element'
16:54:19.855 [AsyncHttpClient-1-2] DEBUG org.asynchttpclient.netty.handler.HttpHandler - 

Request DefaultHttpRequest(decodeResult: success, version: HTTP/1.1)
POST /session/41c05747cb757cdd3874035de8390dac/element HTTP/1.1
User-Agent: selenium/4.1.2 (java windows)
Content-Length: 89
Content-Type: application/json; charset=utf-8
host: localhost:63533
accept: */*

Response DefaultHttpResponse(decodeResult: success, version: HTTP/1.1)
HTTP/1.1 200 OK
Content-Type: application/json; charset=utf-8
cache-control: no-cache
content-length: 88

16:54:19.855 [AsyncHttpClient-1-2] DEBUG org.asynchttpclient.netty.channel.ChannelManager - Adding key: http://localhost:63533 for channel [id: 0xd4de5e7c, L:/127.0.0.1:53000 - R:localhost/127.0.0.1:63533]
16:54:19.927 [Forwarding isElementDisplayed on session 41c05747cb757cdd3874035de8390dac to remote] DEBUG org.asynchttpclient.netty.request.NettyRequestSender - Using pooled Channel '[id: 0xd4de5e7c, L:/127.0.0.1:53000 - R:localhost/127.0.0.1:63533]' for 'POST' to 'http://localhost:63533/session/41c05747cb757cdd3874035de8390dac/execute/sync'
16:54:19.927 [Forwarding isElementDisplayed on session 41c05747cb757cdd3874035de8390dac to remote] DEBUG org.asynchttpclient.netty.request.NettyRequestSender - Using open Channel [id: 0xd4de5e7c, L:/127.0.0.1:53000 - R:localhost/127.0.0.1:63533] for POST '/session/41c05747cb757cdd3874035de8390dac/execute/sync'
16:54:19.960 [AsyncHttpClient-1-2] DEBUG org.asynchttpclient.netty.handler.HttpHandler - 

Request DefaultHttpRequest(decodeResult: success, version: HTTP/1.1)
POST /session/41c05747cb757cdd3874035de8390dac/execute/sync HTTP/1.1
User-Agent: selenium/4.1.2 (java windows)
Content-Length: 48780
Content-Type: application/json; charset=utf-8
host: localhost:63533
accept: */*

Response DefaultHttpResponse(decodeResult: success, version: HTTP/1.1)
HTTP/1.1 200 OK
Content-Type: application/json; charset=utf-8
cache-control: no-cache
content-length: 14

16:54:19.961 [AsyncHttpClient-1-2] DEBUG org.asynchttpclient.netty.channel.ChannelManager - Adding key: http://localhost:63533 for channel [id: 0xd4de5e7c, L:/127.0.0.1:53000 - R:localhost/127.0.0.1:63533]
16:54:20.021 [Forwarding findElement on session 41c05747cb757cdd3874035de8390dac to remote] DEBUG org.asynchttpclient.netty.request.NettyRequestSender - Using pooled Channel '[id: 0xd4de5e7c, L:/127.0.0.1:53000 - R:localhost/127.0.0.1:63533]' for 'POST' to 'http://localhost:63533/session/41c05747cb757cdd3874035de8390dac/element'
16:54:20.022 [Forwarding findElement on session 41c05747cb757cdd3874035de8390dac to remote] DEBUG org.asynchttpclient.netty.request.NettyRequestSender - Using open Channel [id: 0xd4de5e7c, L:/127.0.0.1:53000 - R:localhost/127.0.0.1:63533] for POST '/session/41c05747cb757cdd3874035de8390dac/element'
16:54:20.038 [AsyncHttpClient-1-2] DEBUG org.asynchttpclient.netty.handler.HttpHandler - 

Request DefaultHttpRequest(decodeResult: success, version: HTTP/1.1)
POST /session/41c05747cb757cdd3874035de8390dac/element HTTP/1.1
User-Agent: selenium/4.1.2 (java windows)
Content-Length: 89
Content-Type: application/json; charset=utf-8
host: localhost:63533
accept: */*

Response DefaultHttpResponse(decodeResult: success, version: HTTP/1.1)
HTTP/1.1 200 OK
Content-Type: application/json; charset=utf-8
cache-control: no-cache
content-length: 88

16:54:20.039 [AsyncHttpClient-1-2] DEBUG org.asynchttpclient.netty.channel.ChannelManager - Adding key: http://localhost:63533 for channel [id: 0xd4de5e7c, L:/127.0.0.1:53000 - R:localhost/127.0.0.1:63533]
16:54:20.042 [Forwarding clickElement on session 41c05747cb757cdd3874035de8390dac to remote] DEBUG org.asynchttpclient.netty.request.NettyRequestSender - Using pooled Channel '[id: 0xd4de5e7c, L:/127.0.0.1:53000 - R:localhost/127.0.0.1:63533]' for 'POST' to 'http://localhost:63533/session/41c05747cb757cdd3874035de8390dac/element/c42836bb-7ad1-423d-9766-717f61d2b834/click'
16:54:20.043 [Forwarding clickElement on session 41c05747cb757cdd3874035de8390dac to remote] DEBUG org.asynchttpclient.netty.request.NettyRequestSender - Using open Channel [id: 0xd4de5e7c, L:/127.0.0.1:53000 - R:localhost/127.0.0.1:63533] for POST '/session/41c05747cb757cdd3874035de8390dac/element/c42836bb-7ad1-423d-9766-717f61d2b834/click'
16:54:20.111 [AsyncHttpClient-1-1] DEBUG org.asynchttpclient.netty.channel.DefaultChannelPool - Entry count for : http://localhost:53002 : 1
16:54:20.128 [AsyncHttpClient-1-2] DEBUG org.asynchttpclient.netty.handler.HttpHandler - 

Request DefaultHttpRequest(decodeResult: success, version: HTTP/1.1)
POST /session/41c05747cb757cdd3874035de8390dac/element/c42836bb-7ad1-423d-9766-717f61d2b834/click HTTP/1.1
User-Agent: selenium/4.1.2 (java windows)
Content-Length: 50
Content-Type: application/json; charset=utf-8
host: localhost:63533
accept: */*

Response DefaultHttpResponse(decodeResult: success, version: HTTP/1.1)
HTTP/1.1 200 OK
Content-Type: application/json; charset=utf-8
cache-control: no-cache
content-length: 14

16:54:20.130 [AsyncHttpClient-1-2] DEBUG org.asynchttpclient.netty.channel.ChannelManager - Adding key: http://localhost:63533 for channel [id: 0xd4de5e7c, L:/127.0.0.1:53000 - R:localhost/127.0.0.1:63533]
16:54:20.187 [Forwarding screenshot on session 41c05747cb757cdd3874035de8390dac to remote] DEBUG org.asynchttpclient.netty.request.NettyRequestSender - Using pooled Channel '[id: 0xd4de5e7c, L:/127.0.0.1:53000 - R:localhost/127.0.0.1:63533]' for 'GET' to 'http://localhost:63533/session/41c05747cb757cdd3874035de8390dac/screenshot'
16:54:20.187 [Forwarding screenshot on session 41c05747cb757cdd3874035de8390dac to remote] DEBUG org.asynchttpclient.netty.request.NettyRequestSender - Using open Channel [id: 0xd4de5e7c, L:/127.0.0.1:53000 - R:localhost/127.0.0.1:63533] for GET '/session/41c05747cb757cdd3874035de8390dac/screenshot'
16:54:20.624 [AsyncHttpClient-1-2] DEBUG org.asynchttpclient.netty.handler.HttpHandler - 

Request DefaultFullHttpRequest(decodeResult: success, version: HTTP/1.1, content: EmptyByteBufBE)
GET /session/41c05747cb757cdd3874035de8390dac/screenshot HTTP/1.1
User-Agent: selenium/4.1.2 (java windows)
Cache-Control: no-cache
Content-Type: application/json; charset=utf-8
host: localhost:63533
accept: */*

Response DefaultHttpResponse(decodeResult: success, version: HTTP/1.1)
HTTP/1.1 200 OK
Content-Type: application/json; charset=utf-8
cache-control: no-cache
content-length: 355524

16:54:20.628 [AsyncHttpClient-1-2] DEBUG org.asynchttpclient.netty.channel.ChannelManager - Adding key: http://localhost:63533 for channel [id: 0xd4de5e7c, L:/127.0.0.1:53000 - R:localhost/127.0.0.1:63533]
16:54:20.657 [Test worker] DEBUG net.serenitybdd.core.photography.Darkroom - Send negative for processing for C:\Users\johan\OneDrive\Documentos\KONEX\Pruebas automatizadas\co.com.konex.certification.ventas\target\site\serenity\6beedd3d033caaef7bfac5ded32f3a91930507e63ac3457750a654ffd849c140.png
16:54:20.658 [Darkroom Processing Line] DEBUG net.serenitybdd.core.photography.DarkroomProcessingLine - Processing screenshot image in /var/screenshots/screenshot-6891233400530220654
16:54:20.658 [Darkroom Processing Line] DEBUG net.serenitybdd.core.photography.DarkroomProcessingLine - Saving screenshot to C:\Users\johan\OneDrive\Documentos\KONEX\Pruebas automatizadas\co.com.konex.certification.ventas\target\site\serenity\6beedd3d033caaef7bfac5ded32f3a91930507e63ac3457750a654ffd849c140.png
16:54:20.703 [Test worker] DEBUG net.thucydides.core.steps.StepInterceptor - STEP DONE: {0} clicks on #target
16:54:20.773 [Forwarding screenshot on session 41c05747cb757cdd3874035de8390dac to remote] DEBUG org.asynchttpclient.netty.request.NettyRequestSender - Using pooled Channel '[id: 0xd4de5e7c, L:/127.0.0.1:53000 - R:localhost/127.0.0.1:63533]' for 'GET' to 'http://localhost:63533/session/41c05747cb757cdd3874035de8390dac/screenshot'
16:54:20.773 [Forwarding screenshot on session 41c05747cb757cdd3874035de8390dac to remote] DEBUG org.asynchttpclient.netty.request.NettyRequestSender - Using open Channel [id: 0xd4de5e7c, L:/127.0.0.1:53000 - R:localhost/127.0.0.1:63533] for GET '/session/41c05747cb757cdd3874035de8390dac/screenshot'
16:54:21.216 [AsyncHttpClient-1-1] DEBUG org.asynchttpclient.netty.channel.DefaultChannelPool - Entry count for : http://localhost:53002 : 1
16:54:21.228 [AsyncHttpClient-1-2] DEBUG org.asynchttpclient.netty.handler.HttpHandler - 

Request DefaultFullHttpRequest(decodeResult: success, version: HTTP/1.1, content: EmptyByteBufBE)
GET /session/41c05747cb757cdd3874035de8390dac/screenshot HTTP/1.1
User-Agent: selenium/4.1.2 (java windows)
Cache-Control: no-cache
Content-Type: application/json; charset=utf-8
host: localhost:63533
accept: */*

Response DefaultHttpResponse(decodeResult: success, version: HTTP/1.1)
HTTP/1.1 200 OK
Content-Type: application/json; charset=utf-8
cache-control: no-cache
content-length: 355524

16:54:21.230 [AsyncHttpClient-1-2] DEBUG org.asynchttpclient.netty.channel.ChannelManager - Adding key: http://localhost:63533 for channel [id: 0xd4de5e7c, L:/127.0.0.1:53000 - R:localhost/127.0.0.1:63533]
16:54:21.268 [Test worker] DEBUG net.serenitybdd.core.photography.Darkroom - Send negative for processing for C:\Users\johan\OneDrive\Documentos\KONEX\Pruebas automatizadas\co.com.konex.certification.ventas\target\site\serenity\29bd4512c2aa2916b80425acd64f14cd368116152e916cbb9cd97d878212fc84.png
16:54:21.269 [Test worker] DEBUG net.thucydides.core.steps.StepInterceptor - STEP DONE: performAs
16:54:21.282 [Darkroom Processing Line] DEBUG net.serenitybdd.core.photography.DarkroomProcessingLine - Processing screenshot image in /var/screenshots/screenshot-6521561920507379716
16:54:21.284 [Darkroom Processing Line] DEBUG net.serenitybdd.core.photography.DarkroomProcessingLine - Saving screenshot to C:\Users\johan\OneDrive\Documentos\KONEX\Pruebas automatizadas\co.com.konex.certification.ventas\target\site\serenity\29bd4512c2aa2916b80425acd64f14cd368116152e916cbb9cd97d878212fc84.png
16:54:21.355 [Forwarding screenshot on session 41c05747cb757cdd3874035de8390dac to remote] DEBUG org.asynchttpclient.netty.request.NettyRequestSender - Using pooled Channel '[id: 0xd4de5e7c, L:/127.0.0.1:53000 - R:localhost/127.0.0.1:63533]' for 'GET' to 'http://localhost:63533/session/41c05747cb757cdd3874035de8390dac/screenshot'
16:54:21.355 [Forwarding screenshot on session 41c05747cb757cdd3874035de8390dac to remote] DEBUG org.asynchttpclient.netty.request.NettyRequestSender - Using open Channel [id: 0xd4de5e7c, L:/127.0.0.1:53000 - R:localhost/127.0.0.1:63533] for GET '/session/41c05747cb757cdd3874035de8390dac/screenshot'
16:54:22.290 [AsyncHttpClient-1-2] DEBUG org.asynchttpclient.netty.handler.HttpHandler - 

Request DefaultFullHttpRequest(decodeResult: success, version: HTTP/1.1, content: EmptyByteBufBE)
GET /session/41c05747cb757cdd3874035de8390dac/screenshot HTTP/1.1
User-Agent: selenium/4.1.2 (java windows)
Cache-Control: no-cache
Content-Type: application/json; charset=utf-8
host: localhost:63533
accept: */*

Response DefaultHttpResponse(decodeResult: success, version: HTTP/1.1)
HTTP/1.1 200 OK
Content-Type: application/json; charset=utf-8
cache-control: no-cache
content-length: 295612

16:54:22.293 [AsyncHttpClient-1-2] DEBUG org.asynchttpclient.netty.channel.ChannelManager - Adding key: http://localhost:63533 for channel [id: 0xd4de5e7c, L:/127.0.0.1:53000 - R:localhost/127.0.0.1:63533]
16:54:22.311 [AsyncHttpClient-1-1] DEBUG org.asynchttpclient.netty.channel.DefaultChannelPool - Entry count for : http://localhost:63533 : 1
16:54:22.311 [AsyncHttpClient-1-1] DEBUG org.asynchttpclient.netty.channel.DefaultChannelPool - Entry count for : http://localhost:53002 : 1
16:54:22.316 [Test worker] DEBUG net.serenitybdd.core.photography.Darkroom - Send negative for processing for C:\Users\johan\OneDrive\Documentos\KONEX\Pruebas automatizadas\co.com.konex.certification.ventas\target\site\serenity\4947c3b0b481b59d60d33b1256578c3901dd3d9d06b3abf63ea44c8360782918.png
16:54:22.407 [Forwarding screenshot on session 41c05747cb757cdd3874035de8390dac to remote] DEBUG org.asynchttpclient.netty.request.NettyRequestSender - Using pooled Channel '[id: 0xd4de5e7c, L:/127.0.0.1:53000 - R:localhost/127.0.0.1:63533]' for 'GET' to 'http://localhost:63533/session/41c05747cb757cdd3874035de8390dac/screenshot'
16:54:22.407 [Forwarding screenshot on session 41c05747cb757cdd3874035de8390dac to remote] DEBUG org.asynchttpclient.netty.request.NettyRequestSender - Using open Channel [id: 0xd4de5e7c, L:/127.0.0.1:53000 - R:localhost/127.0.0.1:63533] for GET '/session/41c05747cb757cdd3874035de8390dac/screenshot'
16:54:22.766 [AsyncHttpClient-1-2] DEBUG org.asynchttpclient.netty.handler.HttpHandler - 

Request DefaultFullHttpRequest(decodeResult: success, version: HTTP/1.1, content: EmptyByteBufBE)
GET /session/41c05747cb757cdd3874035de8390dac/screenshot HTTP/1.1
User-Agent: selenium/4.1.2 (java windows)
Cache-Control: no-cache
Content-Type: application/json; charset=utf-8
host: localhost:63533
accept: */*

Response DefaultHttpResponse(decodeResult: success, version: HTTP/1.1)
HTTP/1.1 200 OK
Content-Type: application/json; charset=utf-8
cache-control: no-cache
content-length: 295612

16:54:22.769 [AsyncHttpClient-1-2] DEBUG org.asynchttpclient.netty.channel.ChannelManager - Adding key: http://localhost:63533 for channel [id: 0xd4de5e7c, L:/127.0.0.1:53000 - R:localhost/127.0.0.1:63533]
16:54:22.792 [Test worker] DEBUG net.serenitybdd.core.photography.Darkroom - Send negative for processing for C:\Users\johan\OneDrive\Documentos\KONEX\Pruebas automatizadas\co.com.konex.certification.ventas\target\site\serenity\4947c3b0b481b59d60d33b1256578c3901dd3d9d06b3abf63ea44c8360782918.png
16:54:22.793 [Test worker] DEBUG net.thucydides.core.steps.StepInterceptor - STARTING STEP: LoginStepdefinitions.seleccionaPapeleria - performAs
16:54:22.845 [Forwarding screenshot on session 41c05747cb757cdd3874035de8390dac to remote] DEBUG org.asynchttpclient.netty.request.NettyRequestSender - Using pooled Channel '[id: 0xd4de5e7c, L:/127.0.0.1:53000 - R:localhost/127.0.0.1:63533]' for 'GET' to 'http://localhost:63533/session/41c05747cb757cdd3874035de8390dac/screenshot'
16:54:22.845 [Forwarding screenshot on session 41c05747cb757cdd3874035de8390dac to remote] DEBUG org.asynchttpclient.netty.request.NettyRequestSender - Using open Channel [id: 0xd4de5e7c, L:/127.0.0.1:53000 - R:localhost/127.0.0.1:63533] for GET '/session/41c05747cb757cdd3874035de8390dac/screenshot'
16:54:23.195 [AsyncHttpClient-1-2] DEBUG org.asynchttpclient.netty.handler.HttpHandler - 

Request DefaultFullHttpRequest(decodeResult: success, version: HTTP/1.1, content: EmptyByteBufBE)
GET /session/41c05747cb757cdd3874035de8390dac/screenshot HTTP/1.1
User-Agent: selenium/4.1.2 (java windows)
Cache-Control: no-cache
Content-Type: application/json; charset=utf-8
host: localhost:63533
accept: */*

Response DefaultHttpResponse(decodeResult: success, version: HTTP/1.1)
HTTP/1.1 200 OK
Content-Type: application/json; charset=utf-8
cache-control: no-cache
content-length: 295612

16:54:23.198 [AsyncHttpClient-1-2] DEBUG org.asynchttpclient.netty.channel.ChannelManager - Adding key: http://localhost:63533 for channel [id: 0xd4de5e7c, L:/127.0.0.1:53000 - R:localhost/127.0.0.1:63533]
16:54:23.221 [Test worker] DEBUG net.serenitybdd.core.photography.Darkroom - Send negative for processing for C:\Users\johan\OneDrive\Documentos\KONEX\Pruebas automatizadas\co.com.konex.certification.ventas\target\site\serenity\4947c3b0b481b59d60d33b1256578c3901dd3d9d06b3abf63ea44c8360782918.png
16:54:23.222 [Test worker] DEBUG net.thucydides.core.steps.StepInterceptor - STARTING STEP: Seleccionar.performAs - {0} clicks on #target
16:54:23.224 [Test worker] DEBUG net.serenitybdd.screenplay.targets.IFrameSwitcher - default content already selected for seleccionar papeleria
16:54:23.366 [Forwarding findElement on session 41c05747cb757cdd3874035de8390dac to remote] DEBUG org.asynchttpclient.netty.request.NettyRequestSender - Using pooled Channel '[id: 0xd4de5e7c, L:/127.0.0.1:53000 - R:localhost/127.0.0.1:63533]' for 'POST' to 'http://localhost:63533/session/41c05747cb757cdd3874035de8390dac/element'
16:54:23.366 [Forwarding findElement on session 41c05747cb757cdd3874035de8390dac to remote] DEBUG org.asynchttpclient.netty.request.NettyRequestSender - Using open Channel [id: 0xd4de5e7c, L:/127.0.0.1:53000 - R:localhost/127.0.0.1:63533] for POST '/session/41c05747cb757cdd3874035de8390dac/element'
16:54:23.389 [AsyncHttpClient-1-2] DEBUG org.asynchttpclient.netty.handler.HttpHandler - 

Request DefaultHttpRequest(decodeResult: success, version: HTTP/1.1)
POST /session/41c05747cb757cdd3874035de8390dac/element HTTP/1.1
User-Agent: selenium/4.1.2 (java windows)
Content-Length: 193
Content-Type: application/json; charset=utf-8
host: localhost:63533
accept: */*

Response DefaultHttpResponse(decodeResult: success, version: HTTP/1.1)
HTTP/1.1 200 OK
Content-Type: application/json; charset=utf-8
cache-control: no-cache
content-length: 88

16:54:23.390 [AsyncHttpClient-1-2] DEBUG org.asynchttpclient.netty.channel.ChannelManager - Adding key: http://localhost:63533 for channel [id: 0xd4de5e7c, L:/127.0.0.1:53000 - R:localhost/127.0.0.1:63533]
16:54:23.417 [AsyncHttpClient-1-1] DEBUG org.asynchttpclient.netty.channel.DefaultChannelPool - Entry count for : http://localhost:63533 : 1
16:54:23.417 [AsyncHttpClient-1-1] DEBUG org.asynchttpclient.netty.channel.DefaultChannelPool - Entry count for : http://localhost:53002 : 1
16:54:23.430 [Forwarding isElementDisplayed on session 41c05747cb757cdd3874035de8390dac to remote] DEBUG org.asynchttpclient.netty.request.NettyRequestSender - Using pooled Channel '[id: 0xd4de5e7c, L:/127.0.0.1:53000 - R:localhost/127.0.0.1:63533]' for 'POST' to 'http://localhost:63533/session/41c05747cb757cdd3874035de8390dac/execute/sync'
16:54:23.430 [Forwarding isElementDisplayed on session 41c05747cb757cdd3874035de8390dac to remote] DEBUG org.asynchttpclient.netty.request.NettyRequestSender - Using open Channel [id: 0xd4de5e7c, L:/127.0.0.1:53000 - R:localhost/127.0.0.1:63533] for POST '/session/41c05747cb757cdd3874035de8390dac/execute/sync'
16:54:23.465 [AsyncHttpClient-1-2] DEBUG org.asynchttpclient.netty.handler.HttpHandler - 

Request DefaultHttpRequest(decodeResult: success, version: HTTP/1.1)
POST /session/41c05747cb757cdd3874035de8390dac/execute/sync HTTP/1.1
User-Agent: selenium/4.1.2 (java windows)
Content-Length: 48780
Content-Type: application/json; charset=utf-8
host: localhost:63533
accept: */*

Response DefaultHttpResponse(decodeResult: success, version: HTTP/1.1)
HTTP/1.1 200 OK
Content-Type: application/json; charset=utf-8
cache-control: no-cache
content-length: 14

16:54:23.466 [AsyncHttpClient-1-2] DEBUG org.asynchttpclient.netty.channel.ChannelManager - Adding key: http://localhost:63533 for channel [id: 0xd4de5e7c, L:/127.0.0.1:53000 - R:localhost/127.0.0.1:63533]
16:54:23.535 [Forwarding findElement on session 41c05747cb757cdd3874035de8390dac to remote] DEBUG org.asynchttpclient.netty.request.NettyRequestSender - Using pooled Channel '[id: 0xd4de5e7c, L:/127.0.0.1:53000 - R:localhost/127.0.0.1:63533]' for 'POST' to 'http://localhost:63533/session/41c05747cb757cdd3874035de8390dac/element'
16:54:23.536 [Forwarding findElement on session 41c05747cb757cdd3874035de8390dac to remote] DEBUG org.asynchttpclient.netty.request.NettyRequestSender - Using open Channel [id: 0xd4de5e7c, L:/127.0.0.1:53000 - R:localhost/127.0.0.1:63533] for POST '/session/41c05747cb757cdd3874035de8390dac/element'
16:54:23.551 [AsyncHttpClient-1-2] DEBUG org.asynchttpclient.netty.handler.HttpHandler - 

Request DefaultHttpRequest(decodeResult: success, version: HTTP/1.1)
POST /session/41c05747cb757cdd3874035de8390dac/element HTTP/1.1
User-Agent: selenium/4.1.2 (java windows)
Content-Length: 193
Content-Type: application/json; charset=utf-8
host: localhost:63533
accept: */*

Response DefaultHttpResponse(decodeResult: success, version: HTTP/1.1)
HTTP/1.1 200 OK
Content-Type: application/json; charset=utf-8
cache-control: no-cache
content-length: 88

16:54:23.551 [AsyncHttpClient-1-2] DEBUG org.asynchttpclient.netty.channel.ChannelManager - Adding key: http://localhost:63533 for channel [id: 0xd4de5e7c, L:/127.0.0.1:53000 - R:localhost/127.0.0.1:63533]
16:54:23.554 [Forwarding clickElement on session 41c05747cb757cdd3874035de8390dac to remote] DEBUG org.asynchttpclient.netty.request.NettyRequestSender - Using pooled Channel '[id: 0xd4de5e7c, L:/127.0.0.1:53000 - R:localhost/127.0.0.1:63533]' for 'POST' to 'http://localhost:63533/session/41c05747cb757cdd3874035de8390dac/element/2af3c824-ed78-4673-8cf9-50c555677ebc/click'
16:54:23.555 [Forwarding clickElement on session 41c05747cb757cdd3874035de8390dac to remote] DEBUG org.asynchttpclient.netty.request.NettyRequestSender - Using open Channel [id: 0xd4de5e7c, L:/127.0.0.1:53000 - R:localhost/127.0.0.1:63533] for POST '/session/41c05747cb757cdd3874035de8390dac/element/2af3c824-ed78-4673-8cf9-50c555677ebc/click'
16:54:23.626 [AsyncHttpClient-1-2] DEBUG org.asynchttpclient.netty.handler.HttpHandler - 

Request DefaultHttpRequest(decodeResult: success, version: HTTP/1.1)
POST /session/41c05747cb757cdd3874035de8390dac/element/2af3c824-ed78-4673-8cf9-50c555677ebc/click HTTP/1.1
User-Agent: selenium/4.1.2 (java windows)
Content-Length: 50
Content-Type: application/json; charset=utf-8
host: localhost:63533
accept: */*

Response DefaultHttpResponse(decodeResult: success, version: HTTP/1.1)
HTTP/1.1 200 OK
Content-Type: application/json; charset=utf-8
cache-control: no-cache
content-length: 14

16:54:23.627 [AsyncHttpClient-1-2] DEBUG org.asynchttpclient.netty.channel.ChannelManager - Adding key: http://localhost:63533 for channel [id: 0xd4de5e7c, L:/127.0.0.1:53000 - R:localhost/127.0.0.1:63533]
16:54:23.671 [Forwarding screenshot on session 41c05747cb757cdd3874035de8390dac to remote] DEBUG org.asynchttpclient.netty.request.NettyRequestSender - Using pooled Channel '[id: 0xd4de5e7c, L:/127.0.0.1:53000 - R:localhost/127.0.0.1:63533]' for 'GET' to 'http://localhost:63533/session/41c05747cb757cdd3874035de8390dac/screenshot'
16:54:23.672 [Forwarding screenshot on session 41c05747cb757cdd3874035de8390dac to remote] DEBUG org.asynchttpclient.netty.request.NettyRequestSender - Using open Channel [id: 0xd4de5e7c, L:/127.0.0.1:53000 - R:localhost/127.0.0.1:63533] for GET '/session/41c05747cb757cdd3874035de8390dac/screenshot'
16:54:23.983 [AsyncHttpClient-1-2] DEBUG org.asynchttpclient.netty.handler.HttpHandler - 

Request DefaultFullHttpRequest(decodeResult: success, version: HTTP/1.1, content: EmptyByteBufBE)
GET /session/41c05747cb757cdd3874035de8390dac/screenshot HTTP/1.1
User-Agent: selenium/4.1.2 (java windows)
Cache-Control: no-cache
Content-Type: application/json; charset=utf-8
host: localhost:63533
accept: */*

Response DefaultHttpResponse(decodeResult: success, version: HTTP/1.1)
HTTP/1.1 200 OK
Content-Type: application/json; charset=utf-8
cache-control: no-cache
content-length: 254028

16:54:23.986 [AsyncHttpClient-1-2] DEBUG org.asynchttpclient.netty.channel.ChannelManager - Adding key: http://localhost:63533 for channel [id: 0xd4de5e7c, L:/127.0.0.1:53000 - R:localhost/127.0.0.1:63533]
16:54:24.014 [Test worker] DEBUG net.serenitybdd.core.photography.Darkroom - Send negative for processing for C:\Users\johan\OneDrive\Documentos\KONEX\Pruebas automatizadas\co.com.konex.certification.ventas\target\site\serenity\97d495bb32887a95b6c380759901d3c39efe4437a8b73961fced3d366ac37cc4.png
16:54:24.048 [Test worker] DEBUG net.thucydides.core.steps.StepInterceptor - STEP DONE: {0} clicks on #target
16:54:24.093 [Forwarding screenshot on session 41c05747cb757cdd3874035de8390dac to remote] DEBUG org.asynchttpclient.netty.request.NettyRequestSender - Using pooled Channel '[id: 0xd4de5e7c, L:/127.0.0.1:53000 - R:localhost/127.0.0.1:63533]' for 'GET' to 'http://localhost:63533/session/41c05747cb757cdd3874035de8390dac/screenshot'
16:54:24.093 [Forwarding screenshot on session 41c05747cb757cdd3874035de8390dac to remote] DEBUG org.asynchttpclient.netty.request.NettyRequestSender - Using open Channel [id: 0xd4de5e7c, L:/127.0.0.1:53000 - R:localhost/127.0.0.1:63533] for GET '/session/41c05747cb757cdd3874035de8390dac/screenshot'
16:54:24.442 [AsyncHttpClient-1-2] DEBUG org.asynchttpclient.netty.handler.HttpHandler - 

Request DefaultFullHttpRequest(decodeResult: success, version: HTTP/1.1, content: EmptyByteBufBE)
GET /session/41c05747cb757cdd3874035de8390dac/screenshot HTTP/1.1
User-Agent: selenium/4.1.2 (java windows)
Cache-Control: no-cache
Content-Type: application/json; charset=utf-8
host: localhost:63533
accept: */*

Response DefaultHttpResponse(decodeResult: success, version: HTTP/1.1)
HTTP/1.1 200 OK
Content-Type: application/json; charset=utf-8
cache-control: no-cache
content-length: 297464

16:54:24.444 [AsyncHttpClient-1-2] DEBUG org.asynchttpclient.netty.channel.ChannelManager - Adding key: http://localhost:63533 for channel [id: 0xd4de5e7c, L:/127.0.0.1:53000 - R:localhost/127.0.0.1:63533]
16:54:24.466 [Test worker] DEBUG net.serenitybdd.core.photography.Darkroom - Send negative for processing for C:\Users\johan\OneDrive\Documentos\KONEX\Pruebas automatizadas\co.com.konex.certification.ventas\target\site\serenity\adde449317cdefe85551a2c09e9c65fbc1e70ccf52b627d2481e5437ba8134b4.png
16:54:24.467 [Test worker] DEBUG net.thucydides.core.steps.StepInterceptor - STARTING STEP: Seleccionar.performAs - {0} clicks on #target
16:54:24.469 [Test worker] DEBUG net.serenitybdd.screenplay.targets.IFrameSwitcher - default content already selected for Boton aceptar
16:54:24.514 [AsyncHttpClient-1-1] DEBUG org.asynchttpclient.netty.channel.DefaultChannelPool - Entry count for : http://localhost:63533 : 1
16:54:24.514 [AsyncHttpClient-1-1] DEBUG org.asynchttpclient.netty.channel.DefaultChannelPool - Entry count for : http://localhost:53002 : 1
16:54:24.614 [Forwarding findElement on session 41c05747cb757cdd3874035de8390dac to remote] DEBUG org.asynchttpclient.netty.request.NettyRequestSender - Using pooled Channel '[id: 0xd4de5e7c, L:/127.0.0.1:53000 - R:localhost/127.0.0.1:63533]' for 'POST' to 'http://localhost:63533/session/41c05747cb757cdd3874035de8390dac/element'
[...]
16:54:46.843 [Forwarding screenshot on session 13856b55c065b0bbb556d773de025924 to remote] DEBUG org.asynchttpclient.netty.request.NettyRequestSender - Using open Channel [id: 0xbc483428, L:/127.0.0.1:53042 - R:localhost/127.0.0.1:61666] for GET '/session/13856b55c065b0bbb556d773de025924/screenshot'
16:54:47.022 [AsyncHttpClient-1-5] DEBUG org.asynchttpclient.netty.handler.HttpHandler - 

Request DefaultFullHttpRequest(decodeResult: success, version: HTTP/1.1, content: EmptyByteBufBE)
GET /session/13856b55c065b0bbb556d773de025924/screenshot HTTP/1.1
User-Agent: selenium/4.1.2 (java windows)
Cache-Control: no-cache
Content-Type: application/json; charset=utf-8
host: localhost:61666
accept: */*

Response DefaultHttpResponse(decodeResult: success, version: HTTP/1.1)
HTTP/1.1 200 OK
Content-Type: application/json; charset=utf-8
cache-control: no-cache
content-length: 181612

16:54:47.023 [AsyncHttpClient-1-5] DEBUG org.asynchttpclient.netty.channel.ChannelManager - Adding key: http://localhost:61666 for channel [id: 0xbc483428, L:/127.0.0.1:53042 - R:localhost/127.0.0.1:61666]
16:54:47.042 [Test worker] DEBUG net.serenitybdd.core.photography.Darkroom - Send negative for processing for C:\Users\johan\OneDrive\Documentos\KONEX\Pruebas automatizadas\co.com.konex.certification.ventas\target\site\serenity\cb6cb5a609f3fb9f6b831f1ee16bcf70bc4a91a5406c90603905211997a03869.png
16:54:47.089 [Test worker] DEBUG net.serenitybdd.screenplay.targets.IFrameSwitcher - default content already selected for Validar ingreso a la pltaforma
16:54:47.117 [Forwarding findElements on session 13856b55c065b0bbb556d773de025924 to remote] DEBUG org.asynchttpclient.netty.request.NettyRequestSender - Using pooled Channel '[id: 0xbc483428, L:/127.0.0.1:53042 - R:localhost/127.0.0.1:61666]' for 'POST' to 'http://localhost:61666/session/13856b55c065b0bbb556d773de025924/elements'
16:54:47.117 [Forwarding findElements on session 13856b55c065b0bbb556d773de025924 to remote] DEBUG org.asynchttpclient.netty.request.NettyRequestSender - Using open Channel [id: 0xbc483428, L:/127.0.0.1:53042 - R:localhost/127.0.0.1:61666] for POST '/session/13856b55c065b0bbb556d773de025924/elements'
16:54:47.153 [AsyncHttpClient-1-5] DEBUG org.asynchttpclient.netty.handler.HttpHandler - 

Request DefaultHttpRequest(decodeResult: success, version: HTTP/1.1)
POST /session/13856b55c065b0bbb556d773de025924/elements HTTP/1.1
User-Agent: selenium/4.1.2 (java windows)
Content-Length: 70
Content-Type: application/json; charset=utf-8
host: localhost:61666
accept: */*

Response DefaultHttpResponse(decodeResult: success, version: HTTP/1.1)
HTTP/1.1 200 OK
Content-Type: application/json; charset=utf-8
cache-control: no-cache
content-length: 90

16:54:47.153 [AsyncHttpClient-1-5] DEBUG org.asynchttpclient.netty.channel.ChannelManager - Adding key: http://localhost:61666 for channel [id: 0xbc483428, L:/127.0.0.1:53042 - R:localhost/127.0.0.1:61666]
16:54:47.223 [Forwarding getElementText on session 13856b55c065b0bbb556d773de025924 to remote] DEBUG org.asynchttpclient.netty.request.NettyRequestSender - Using pooled Channel '[id: 0xbc483428, L:/127.0.0.1:53042 - R:localhost/127.0.0.1:61666]' for 'GET' to 'http://localhost:61666/session/13856b55c065b0bbb556d773de025924/element/361036df-fbec-47b4-aa71-0b5ad0413402/text'
16:54:47.223 [Forwarding getElementText on session 13856b55c065b0bbb556d773de025924 to remote] DEBUG org.asynchttpclient.netty.request.NettyRequestSender - Using open Channel [id: 0xbc483428, L:/127.0.0.1:53042 - R:localhost/127.0.0.1:61666] for GET '/session/13856b55c065b0bbb556d773de025924/element/361036df-fbec-47b4-aa71-0b5ad0413402/text'
16:54:47.254 [AsyncHttpClient-1-5] DEBUG org.asynchttpclient.netty.handler.HttpHandler - 

Request DefaultFullHttpRequest(decodeResult: success, version: HTTP/1.1, content: EmptyByteBufBE)
GET /session/13856b55c065b0bbb556d773de025924/element/361036df-fbec-47b4-aa71-0b5ad0413402/text HTTP/1.1
User-Agent: selenium/4.1.2 (java windows)
Cache-Control: no-cache
Content-Type: application/json; charset=utf-8
host: localhost:61666
accept: */*

Response DefaultHttpResponse(decodeResult: success, version: HTTP/1.1)
HTTP/1.1 200 OK
Content-Type: application/json; charset=utf-8
cache-control: no-cache
content-length: 21

16:54:47.254 [AsyncHttpClient-1-5] DEBUG org.asynchttpclient.netty.channel.ChannelManager - Adding key: http://localhost:61666 for channel [id: 0xbc483428, L:/127.0.0.1:53042 - R:localhost/127.0.0.1:61666]
16:54:47.292 [Forwarding screenshot on session 13856b55c065b0bbb556d773de025924 to remote] DEBUG org.asynchttpclient.netty.request.NettyRequestSender - Using pooled Channel '[id: 0xbc483428, L:/127.0.0.1:53042 - R:localhost/127.0.0.1:61666]' for 'GET' to 'http://localhost:61666/session/13856b55c065b0bbb556d773de025924/screenshot'
16:54:47.292 [Forwarding screenshot on session 13856b55c065b0bbb556d773de025924 to remote] DEBUG org.asynchttpclient.netty.request.NettyRequestSender - Using open Channel [id: 0xbc483428, L:/127.0.0.1:53042 - R:localhost/127.0.0.1:61666] for GET '/session/13856b55c065b0bbb556d773de025924/screenshot'
16:54:47.538 [AsyncHttpClient-1-5] DEBUG org.asynchttpclient.netty.handler.HttpHandler - 

Request DefaultFullHttpRequest(decodeResult: success, version: HTTP/1.1, content: EmptyByteBufBE)
GET /session/13856b55c065b0bbb556d773de025924/screenshot HTTP/1.1
User-Agent: selenium/4.1.2 (java windows)
Cache-Control: no-cache
Content-Type: application/json; charset=utf-8
host: localhost:61666
accept: */*

Response DefaultHttpResponse(decodeResult: success, version: HTTP/1.1)
HTTP/1.1 200 OK
Content-Type: application/json; charset=utf-8
cache-control: no-cache
content-length: 181612

16:54:47.539 [AsyncHttpClient-1-5] DEBUG org.asynchttpclient.netty.channel.ChannelManager - Adding key: http://localhost:61666 for channel [id: 0xbc483428, L:/127.0.0.1:53042 - R:localhost/127.0.0.1:61666]
16:54:47.553 [Test worker] DEBUG net.serenitybdd.core.photography.Darkroom - Send negative for processing for C:\Users\johan\OneDrive\Documentos\KONEX\Pruebas automatizadas\co.com.konex.certification.ventas\target\site\serenity\cb6cb5a609f3fb9f6b831f1ee16bcf70bc4a91a5406c90603905211997a03869.png
16:54:47.612 [Forwarding screenshot on session 13856b55c065b0bbb556d773de025924 to remote] DEBUG org.asynchttpclient.netty.request.NettyRequestSender - Using pooled Channel '[id: 0xbc483428, L:/127.0.0.1:53042 - R:localhost/127.0.0.1:61666]' for 'GET' to 'http://localhost:61666/session/13856b55c065b0bbb556d773de025924/screenshot'
16:54:47.612 [Forwarding screenshot on session 13856b55c065b0bbb556d773de025924 to remote] DEBUG org.asynchttpclient.netty.request.NettyRequestSender - Using open Channel [id: 0xbc483428, L:/127.0.0.1:53042 - R:localhost/127.0.0.1:61666] for GET '/session/13856b55c065b0bbb556d773de025924/screenshot'
16:54:47.613 [AsyncHttpClient-1-1] DEBUG org.asynchttpclient.netty.channel.DefaultChannelPool - Entry count for : http://localhost:53043 : 1
16:54:47.827 [AsyncHttpClient-1-5] DEBUG org.asynchttpclient.netty.handler.HttpHandler - 

Request DefaultFullHttpRequest(decodeResult: success, version: HTTP/1.1, content: EmptyByteBufBE)
GET /session/13856b55c065b0bbb556d773de025924/screenshot HTTP/1.1
User-Agent: selenium/4.1.2 (java windows)
Cache-Control: no-cache
Content-Type: application/json; charset=utf-8
host: localhost:61666
accept: */*

Response DefaultHttpResponse(decodeResult: success, version: HTTP/1.1)
HTTP/1.1 200 OK
Content-Type: application/json; charset=utf-8
cache-control: no-cache
content-length: 181612

16:54:47.829 [AsyncHttpClient-1-5] DEBUG org.asynchttpclient.netty.channel.ChannelManager - Adding key: http://localhost:61666 for channel [id: 0xbc483428, L:/127.0.0.1:53042 - R:localhost/127.0.0.1:61666]
16:54:47.846 [Test worker] DEBUG net.serenitybdd.core.photography.Darkroom - Send negative for processing for C:\Users\johan\OneDrive\Documentos\KONEX\Pruebas automatizadas\co.com.konex.certification.ventas\target\site\serenity\cb6cb5a609f3fb9f6b831f1ee16bcf70bc4a91a5406c90603905211997a03869.png
16:54:47.890 [AsyncHttpClient-1-7] DEBUG org.asynchttpclient.netty.handler.WebSocketHandler - Channel Closed: [id: 0x3447fded, L:/127.0.0.1:53050 ! R:localhost/127.0.0.1:53043] with attribute NettyResponseFuture{currentRetry=5,
	isDone=1,
	isCancelled=0,
	asyncHandler=org.asynchttpclient.ws.WebSocketUpgradeHandler@6059030,
	nettyRequest=org.asynchttpclient.netty.request.NettyRequest@6c946b4b,
	future=java.util.concurrent.CompletableFuture@7e787752[Completed normally],
	uri=ws://localhost:53043/devtools/browser/44374a3e-ff89-4069-9915-b92af755b1a0,
	keepAlive=true,
	redirectCount=0,
	timeoutsHolder=null,
	inAuth=0,
	touch=1681250072315}
16:54:47.890 [AsyncHttpClient-1-7] DEBUG org.asynchttpclient.netty.channel.ChannelManager - Closing Channel [id: 0x3447fded, L:/127.0.0.1:53050 ! R:localhost/127.0.0.1:53043] 
16:54:47.890 [Driver Command Executor] DEBUG org.asynchttpclient.netty.request.NettyRequestSender - Using pooled Channel '[id: 0xbc483428, L:/127.0.0.1:53042 - R:localhost/127.0.0.1:61666]' for 'DELETE' to 'http://localhost:61666/session/13856b55c065b0bbb556d773de025924'
16:54:47.890 [Driver Command Executor] DEBUG org.asynchttpclient.netty.request.NettyRequestSender - Using open Channel [id: 0xbc483428, L:/127.0.0.1:53042 - R:localhost/127.0.0.1:61666] for DELETE '/session/13856b55c065b0bbb556d773de025924'
16:54:47.931 [AsyncHttpClient-1-6] DEBUG org.asynchttpclient.netty.handler.HttpHandler - Unexpected I/O exception on channel [id: 0xb0bd041f, L:/127.0.0.1:53049 - R:localhost/127.0.0.1:53043]
java.io.IOException: Se ha forzado la interrupción de una conexión existente por el host remoto
	at sun.nio.ch.SocketDispatcher.read0(Native Method)
	at sun.nio.ch.SocketDispatcher.read(SocketDispatcher.java:43)
	at sun.nio.ch.IOUtil.readIntoNativeBuffer(IOUtil.java:223)
	at sun.nio.ch.IOUtil.read(IOUtil.java:192)
	at sun.nio.ch.SocketChannelImpl.read(SocketChannelImpl.java:380)
	at io.netty.buffer.PooledByteBuf.setBytes(PooledByteBuf.java:258)
	at io.netty.buffer.AbstractByteBuf.writeBytes(AbstractByteBuf.java:1132)
	at io.netty.channel.socket.nio.NioSocketChannel.doReadBytes(NioSocketChannel.java:350)
	at io.netty.channel.nio.AbstractNioByteChannel$NioByteUnsafe.read(AbstractNioByteChannel.java:151)
	at io.netty.channel.nio.NioEventLoop.processSelectedKey(NioEventLoop.java:722)
	at io.netty.channel.nio.NioEventLoop.processSelectedKeysOptimized(NioEventLoop.java:658)
	at io.netty.channel.nio.NioEventLoop.processSelectedKeys(NioEventLoop.java:584)
	at io.netty.channel.nio.NioEventLoop.run(NioEventLoop.java:496)
	at io.netty.util.concurrent.SingleThreadEventExecutor$4.run(SingleThreadEventExecutor.java:986)
	at io.netty.util.internal.ThreadExecutorMap$2.run(ThreadExecutorMap.java:74)
	at io.netty.util.concurrent.FastThreadLocalRunnable.run(FastThreadLocalRunnable.java:30)
	at java.lang.Thread.run(Thread.java:748)
16:54:47.931 [AsyncHttpClient-1-6] DEBUG org.asynchttpclient.netty.channel.ChannelManager - Closing Channel [id: 0xb0bd041f, L:/127.0.0.1:53049 - R:localhost/127.0.0.1:53043] 
16:54:47.932 [AsyncHttpClient-1-6] DEBUG org.asynchttpclient.netty.handler.HttpHandler - Channel Closed: [id: 0xb0bd041f, L:/127.0.0.1:53049 ! R:localhost/127.0.0.1:53043] with attribute DISCARD
16:54:47.984 [AsyncHttpClient-1-5] DEBUG org.asynchttpclient.netty.handler.HttpHandler - 

Request DefaultFullHttpRequest(decodeResult: success, version: HTTP/1.1, content: EmptyByteBufBE)
DELETE /session/13856b55c065b0bbb556d773de025924 HTTP/1.1
User-Agent: selenium/4.1.2 (java windows)
Content-Type: application/json; charset=utf-8
host: localhost:61666
accept: */*

Response DefaultHttpResponse(decodeResult: success, version: HTTP/1.1)
HTTP/1.1 200 OK
Content-Type: application/json; charset=utf-8
cache-control: no-cache
content-length: 14

16:54:47.985 [AsyncHttpClient-1-5] DEBUG org.asynchttpclient.netty.channel.ChannelManager - Adding key: http://localhost:61666 for channel [id: 0xbc483428, L:/127.0.0.1:53042 - R:localhost/127.0.0.1:61666]
16:54:48.332 [AsyncHttpClient-1-5] DEBUG org.asynchttpclient.netty.handler.HttpHandler - Channel Closed: [id: 0xbc483428, L:/127.0.0.1:53042 ! R:localhost/127.0.0.1:61666] with attribute DISCARD
16:54:48.711 [AsyncHttpClient-1-1] DEBUG org.asynchttpclient.netty.channel.DefaultChannelPool - Entry count for : http://localhost:53043 : 1
16:54:48.711 [AsyncHttpClient-1-1] DEBUG org.asynchttpclient.netty.channel.DefaultChannelPool - Entry count for : http://localhost:61666 : 1
16:54:48.711 [AsyncHttpClient-1-1] DEBUG org.asynchttpclient.netty.channel.DefaultChannelPool - Adding Candidate expired Channel [id: 0xb0bd041f, L:/127.0.0.1:53049 ! R:localhost/127.0.0.1:53043] isIdleTimeoutExpired=false isRemotelyClosed=true isTtlExpired=false
16:54:48.711 [AsyncHttpClient-1-1] DEBUG org.asynchttpclient.netty.channel.DefaultChannelPool - Closing Idle Channel [id: 0xb0bd041f, L:/127.0.0.1:53049 ! R:localhost/127.0.0.1:53043]
16:54:48.711 [AsyncHttpClient-1-1] DEBUG org.asynchttpclient.netty.channel.DefaultChannelPool - Adding Candidate expired Channel [id: 0xbc483428, L:/127.0.0.1:53042 ! R:localhost/127.0.0.1:61666] isIdleTimeoutExpired=false isRemotelyClosed=true isTtlExpired=false
16:54:48.711 [AsyncHttpClient-1-1] DEBUG org.asynchttpclient.netty.channel.DefaultChannelPool - Closing Idle Channel [id: 0xbc483428, L:/127.0.0.1:53042 ! R:localhost/127.0.0.1:61666]
16:54:48.711 [AsyncHttpClient-1-1] DEBUG org.asynchttpclient.netty.channel.DefaultChannelPool - Closed 2 connections out of 2 in 0 ms
16:54:48.862 [Test worker] INFO  - 
  _____   ___   ___   _____     ___     _     ___   ___   ___   ___  
 |_   _| | __| / __| |_   _|   | _ \   /_\   / __| / __| | __| |   \ 
   | |   | _|  \__ \   | |     |  _/  / _ \  \__ \ \__ \ | _|  | |) |
   |_|   |___| |___/   |_|     |_|   /_/ \_\ |___/ |___/ |___| |___/ 

Verificar el ingreso correcto con diferentes usuarios
----------------------------------------------------------------------
16:54:48.873 [Test worker] DEBUG net.thucydides.core.reports.ReportService - Reporting formats: [JSON, HTML]
16:54:49.124 [Test worker] DEBUG net.thucydides.core.reports.ReportService - Reporting formats: [JSON, HTML]
16:54:49.161 [Test worker] DEBUG net.thucydides.core.reports.ReportService - Generating reports for 1 test outcomes using: net.thucydides.core.reports.json.JSONTestOutcomeReporter@779228dc
16:54:49.162 [pool-1-thread-1] DEBUG net.thucydides.core.reports.ReportService - Processing test outcome Verificar el login con diferentes usuarios:Verificar el ingreso correcto con diferentes usuarios
16:54:49.163 [pool-1-thread-1] DEBUG net.thucydides.core.reports.ReportService - net.thucydides.core.reports.json.JSONTestOutcomeReporter@779228dc: Generating report for test outcome: Verificar el login con diferentes usuarios:Verificar el ingreso correcto con diferentes usuarios
16:54:49.169 [pool-1-thread-1] DEBUG net.thucydides.core.reports.json.JSONTestOutcomeReporter - Generating JSON report for Verificar el ingreso correcto con diferentes usuarios to file C:\Users\johan\OneDrive\Documentos\KONEX\Pruebas automatizadas\co.com.konex.certification.ventas\target\site\serenity\47fef8703e6cc3c40b4776b64b6bdff4a982480c6a3f3e18a6ee93b8d72e0d5f.json (using temp file C:\Users\johan\OneDrive\Documentos\KONEX\Pruebas automatizadas\co.com.konex.certification.ventas\target\site\serenity\47fef8703e6cc3c40b4776b64b6bdff4a982480c6a3f3e18a6ee93b8d72e0d5f.json08d610e9-cb1b-44e1-9906-5108ef11b2f7)
16:54:49.264 [pool-1-thread-1] DEBUG net.thucydides.core.reports.ReportService - Processing test outcome Verificar el login con diferentes usuarios:Verificar el ingreso correcto con diferentes usuarios done
16:54:49.265 [Test worker] DEBUG net.thucydides.core.reports.ReportService - Shutting down executor service
16:54:49.265 [Test worker] DEBUG net.thucydides.core.reports.ReportService - Reports generated in: 104 ms
16:54:49.265 [Test worker] DEBUG net.thucydides.core.reports.ReportService - Generating reports for 1 test outcomes using: net.thucydides.core.reports.html.HtmlAcceptanceTestReporter@687b0ddc
16:54:49.266 [pool-2-thread-1] DEBUG net.thucydides.core.reports.ReportService - Processing test outcome Verificar el login con diferentes usuarios:Verificar el ingreso correcto con diferentes usuarios
16:54:49.266 [pool-2-thread-1] DEBUG net.thucydides.core.reports.ReportService - net.thucydides.core.reports.html.HtmlAcceptanceTestReporter@687b0ddc: Generating report for test outcome: Verificar el login con diferentes usuarios:Verificar el ingreso correcto con diferentes usuarios
16:54:55.201 [pool-2-thread-1] DEBUG net.thucydides.core.reports.ReportService - Processing test outcome Verificar el login con diferentes usuarios:Verificar el ingreso correcto con diferentes usuarios done
16:54:55.202 [Test worker] DEBUG net.thucydides.core.reports.ReportService - Shutting down executor service
16:54:55.202 [Test worker] DEBUG net.thucydides.core.reports.ReportService - Reports generated in: 5937 ms
16:54:55.455 [Test worker] DEBUG net.serenitybdd.core.photography.Darkroom - Closing darkroom
16:54:55.456 [Darkroom Processing Line] DEBUG net.serenitybdd.core.photography.DarkroomProcessingLine - Darkroom processing line shutting down
16:54:55.463 [Test worker] DEBUG net.serenitybdd.core.photography.Darkroom - Closing darkroom
]]></system-out>
  <system-err><![CDATA[Starting ChromeDriver 112.0.5615.49 (bd2a7bcb881c11e8cfe3078709382934e3916914-refs/branch-heads/5615@{#936}) on port 63533
Only local connections are allowed.
Please see https://chromedriver.chromium.org/security-considerations for suggestions on keeping ChromeDriver safe.
ChromeDriver was started successfully.
abr 11, 2023 4:54:08 PM org.openqa.selenium.remote.ProtocolHandshake createSession
INFORMACIÓN: Detected dialect: W3C
abr 11, 2023 4:54:09 PM org.openqa.selenium.devtools.CdpVersionFinder findNearestMatch
ADVERTENCIA: Unable to find an exact match for CDP version 112, so returning the closest version found: a no-op implementation
abr 11, 2023 4:54:09 PM org.openqa.selenium.devtools.CdpVersionFinder findNearestMatch
INFORMACIÓN: Unable to find CDP implementation matching 112.
abr 11, 2023 4:54:09 PM org.openqa.selenium.chromium.ChromiumDriver lambda$new$3
ADVERTENCIA: Unable to find version of CDP to use for . You may need to include a dependency on a specific version of the CDP using something similar to `org.seleniumhq.selenium:selenium-devtools-v86:4.1.2` where the version ("v86") matches the version of the chromium-based browser you're using and the version number of the artifact is the same as Selenium's.
Starting ChromeDriver 112.0.5615.49 (bd2a7bcb881c11e8cfe3078709382934e3916914-refs/branch-heads/5615@{#936}) on port 61666
Only local connections are allowed.
Please see https://chromedriver.chromium.org/security-considerations for suggestions on keeping ChromeDriver safe.
ChromeDriver was started successfully.
abr 11, 2023 4:54:32 PM org.openqa.selenium.remote.ProtocolHandshake createSession
INFORMACIÓN: Detected dialect: W3C
abr 11, 2023 4:54:32 PM org.openqa.selenium.devtools.CdpVersionFinder findNearestMatch
ADVERTENCIA: Unable to find an exact match for CDP version 112, so returning the closest version found: a no-op implementation
abr 11, 2023 4:54:32 PM org.openqa.selenium.devtools.CdpVersionFinder findNearestMatch
INFORMACIÓN: Unable to find CDP implementation matching 112.
abr 11, 2023 4:54:32 PM org.openqa.selenium.chromium.ChromiumDriver lambda$new$3
ADVERTENCIA: Unable to find version of CDP to use for . You may need to include a dependency on a specific version of the CDP using something similar to `org.seleniumhq.selenium:selenium-devtools-v86:4.1.2` where the version ("v86") matches the version of the chromium-based browser you're using and the version number of the artifact is the same as Selenium's.
]]></system-err>
</testsuite>
