<?xml version="1.0" encoding="UTF-8"?><testsuite errors="2" failures="0" name="Verificar el login con diferentes usuarios" skipped="0" tests="2" time="4.78" timestamp="2023-04-11 11:56:27"><testcase name="Verificar el ingreso correcto con diferentes usuarios"><error message="Could not instantiate class org.openqa.selenium.chrome.ChromeDriver" type="net.thucydides.core.webdriver.UnsupportedDriverException">Could not instantiate class org.openqa.selenium.chrome.ChromeDriver</error><system-err>Could not instantiate class org.openqa.selenium.chrome.ChromeDriver&#13;
co.com.konex.certification.ventas.tasks.Abrir.performAs(Abrir.java:19)&#13;
co.com.konex.certification.ventas.stepdefinitions.LoginStepdefinitions.queElUsuarioIngresaAWebventas(LoginStepdefinitions.java:20)&#13;
cucumber.runner.Runner.runPickle(Runner.java:80)&#13;
worker.org.gradle.process.internal.worker.GradleWorkerMain.run(GradleWorkerMain.java:69)&#13;
worker.org.gradle.process.internal.worker.GradleWorkerMain.main(GradleWorkerMain.java:74)&#13;
</system-err></testcase></testsuite>